#
# A fatal error has been detected by the Java Runtime Environment:
#
#  SIGSEGV (0xb) at pc=0x000000010674f11c, pid=10659, tid=18435
#
# JRE version: 7.0_09-b05
# Java VM: Java HotSpot(TM) 64-Bit Server VM (23.5-b02 mixed mode bsd-amd64 compressed oops)
# Problematic frame:
# V  [libjvm.dylib+0x2cc11c]
#
# Failed to write core dump. Core dumps have been disabled. To enable core dumping, try "ulimit -c unlimited" before starting Java again
#
# If you would like to submit a bug report, please visit:
#   http://bugreport.sun.com/bugreport/crash.jsp
#

---------------  T H R E A D  ---------------

Current thread (0x00007fbfea008800):  JavaThread "JDWP Transport Listener: dt_socket" daemon [_thread_in_vm, id=18435, stack(0x00000001142d2000,0x00000001143d2000)]

siginfo:si_signo=SIGSEGV: si_errno=0, si_code=0 (SEGV0), si_addr=0x0000000000000000

Registers:
RAX=0x0000000000000001, RBX=0x00000001143d1aeb, RCX=0x0000000000064910, RDX=0x00000001143d1aeb
RSP=0x00000001143d1a50, RBP=0x00000001143d1aa0, RSI=0x00007fbfea008800, RDI=0x00007fbfe9601aa0
R8 =0x0000000000000001, R9 =0x0000000000000000, R10=0x00000000dd5614aa, R11=0x00000000fbffffff
R12=0x00007fbfea008800, R13=0xb000000000000000, R14=0xb000000000000000, R15=0x00007fbfe9601aa0
RIP=0x000000010674f11c, EFLAGS=0x0000000000010286, ERR=0x0000000000000000
  TRAPNO=0x000000000000000d

Top of Stack: (sp=0x00000001143d1a50)
0x00000001143d1a50:   00007fbfea008800 0000000000000000
0x00000001143d1a60:   0000000000000000 0000000000000000
0x00000001143d1a70:   00007fbfea008800 00007fbfea008800
0x00000001143d1a80:   00000001143d1aeb 00000001143d1af0
0x00000001143d1a90:   b000000000000000 0000000000000007
0x00000001143d1aa0:   00000001143d1ac0 00000001062e2280
0x00000001143d1ab0:   0000000000000001 00000001143d1b68
0x00000001143d1ac0:   00000001143d1b30 00000001062c715b
0x00000001143d1ad0:   00000001143d1b00 0000000106345590
0x00000001143d1ae0:   0000000800000032 00000002003d1b68
0x00000001143d1af0:   0000000000000000 0000000000000000
0x00000001143d1b00:   0000000000000000 00000001143d1cf0
0x00000001143d1b10:   00000001062e9da4 00007fbfe951b420
0x00000001143d1b20:   00000001143d1b68 00000001062f5568
0x00000001143d1b30:   00000001143d1b40 00000001062c7254
0x00000001143d1b40:   00000001143d1d60 00000001062d075e
0x00000001143d1b50:   0045147000000013 00000001060f0200
0x00000001143d1b60:   00007fbfe95ec620 0000000106345773
0x00000001143d1b70:   0000000100000155 00000001063458d0
0x00000001143d1b80:   00007fbf0000012c 00000001143d1bb8
0x00000001143d1b90:   00000001063458d0 00007f0000000000
0x00000001143d1ba0:   004514700000001c 000000010000f980
0x00000001143d1bb0:   00000001143d1bb8 0100000008000000
0x00000001143d1bc0:   03000000f8233306 28150000006e7572
0x00000001143d1bd0:   616c2f6176616a4c 6e697274532f676e
0x00000001143d1be0:   0000000056293b67 bf7f000001000000
0x00000001143d1bf0:   1b000000d84746eb 6c436e696174626f
0x00000001143d1c00:   46656d614e737361 4e656c69466d6f72
0x00000001143d1c10:   2826000000656d61 616c2f6176616a4c
0x00000001143d1c20:   6e697274532f676e 6176616a4c293b67
0x00000001143d1c30:   74532f676e616c2f 0000003b676e6972
0x00000001143d1c40:   7f00000a00000000 000000f03266e9bf 

Instructions: (pc=0x000000010674f11c)
0x000000010674f0fc:   00 00 00 41 f6 87 68 01 00 00 10 75 07 b8 63 00
0x000000010674f10c:   00 00 eb 7a 4d 85 f6 75 07 b8 17 00 00 00 eb 6e
0x000000010674f11c:   4d 8b 36 48 b8 fe fe fe fe fe fe fe fe 49 39 c6
0x000000010674f12c:   74 e7 4d 85 f6 74 e2 48 8d 05 36 18 46 00 80 38 

Register to memory mapping:

RAX=0x0000000000000001 is an unknown value
RBX=0x00000001143d1aeb is pointing into the stack for thread: 0x00007fbfea008800
RCX=0x0000000000064910 is an unknown value
RDX=0x00000001143d1aeb is pointing into the stack for thread: 0x00007fbfea008800
RSP=0x00000001143d1a50 is pointing into the stack for thread: 0x00007fbfea008800
RBP=0x00000001143d1aa0 is pointing into the stack for thread: 0x00007fbfea008800
RSI=0x00007fbfea008800 is a thread
RDI=0x00007fbfe9601aa0 is an unknown value
R8 =0x0000000000000001 is an unknown value
R9 =0x0000000000000000 is an unknown value
R10=0x00000000dd5614aa is an unknown value
R11=0x00000000fbffffff is an unknown value
R12=0x00007fbfea008800 is a thread
R13=0xb000000000000000 is an unknown value
R14=0xb000000000000000 is an unknown value
R15=0x00007fbfe9601aa0 is an unknown value


Stack: [0x00000001142d2000,0x00000001143d2000],  sp=0x00000001143d1a50,  free space=1022k
Native frames: (J=compiled Java code, j=interpreted, Vv=VM code, C=native code)
V  [libjvm.dylib+0x2cc11c]
C  [libjdwp.dylib+0x20280]  isMethodSynthetic+0x63
C  [libjdwp.dylib+0x515b]  methods1+0x10b
C  [libjdwp.dylib+0x5254]  methodsWithGeneric+0xe
C  [libjdwp.dylib+0xe75e]  debugLoop_run+0x1ce
C  [libjdwp.dylib+0x1f1ba]  attachThread+0x4d
V  [libjvm.dylib+0x30ba86]
V  [libjvm.dylib+0x478694]
V  [libjvm.dylib+0x479b7a]
V  [libjvm.dylib+0x3b5595]
C  [libsystem_c.dylib+0x4e8bf]  _pthread_start+0x14f
C  [libsystem_c.dylib+0x51b75]  thread_start+0xd


---------------  P R O C E S S  ---------------

Java Threads: ( => current thread )
  0x00007fbfea0d0000 JavaThread "ReaderThread" [_thread_in_native, id=20227, stack(0x0000000114c60000,0x0000000114d60000)]
  0x00007fbfe984e000 JavaThread "Service Thread" daemon [_thread_blocked, id=19715, stack(0x00000001147e1000,0x00000001148e1000)]
  0x00007fbfe984d000 JavaThread "C2 CompilerThread1" daemon [_thread_blocked, id=19459, stack(0x00000001146de000,0x00000001147de000)]
  0x00007fbfe984b000 JavaThread "C2 CompilerThread0" daemon [_thread_blocked, id=19203, stack(0x00000001145db000,0x00000001146db000)]
  0x00007fbfe9849000 JavaThread "JDWP Command Reader" daemon [_thread_in_native, id=18947, stack(0x00000001144d8000,0x00000001145d8000)]
  0x00007fbfea009800 JavaThread "JDWP Event Helper Thread" daemon [_thread_blocked, id=18691, stack(0x00000001143d5000,0x00000001144d5000)]
=>0x00007fbfea008800 JavaThread "JDWP Transport Listener: dt_socket" daemon [_thread_in_vm, id=18435, stack(0x00000001142d2000,0x00000001143d2000)]
  0x00007fbfeb848800 JavaThread "Signal Dispatcher" daemon [_thread_blocked, id=18179, stack(0x00000001141c9000,0x00000001142c9000)]
  0x00007fbfe9843000 JavaThread "Finalizer" daemon [_thread_blocked, id=14083, stack(0x0000000113ebf000,0x0000000113fbf000)]
  0x00007fbfe9842800 JavaThread "Reference Handler" daemon [_thread_blocked, id=13827, stack(0x0000000113dbc000,0x0000000113ebc000)]
  0x00007fbfeb800000 JavaThread "main" [_thread_blocked, id=7171, stack(0x0000000106f2b000,0x000000010702b000)]

Other Threads:
  0x00007fbfe983f800 VMThread [stack: 0x0000000113cb9000,0x0000000113db9000] [id=13571]
  0x00007fbfeb844000 WatcherThread [stack: 0x00000001148e4000,0x00000001149e4000] [id=19971]

VM state:not at safepoint (normal execution)

VM Mutex/Monitor currently owned by a thread: None

Heap
 PSYoungGen      total 305856K, used 65273K [0x00000007c0000000, 0x00000007d5550000, 0x0000000800000000)
  eden space 262208K, 19% used [0x00000007c0000000,0x00000007c317d068,0x00000007d0010000)
  from space 43648K, 33% used [0x00000007d2ab0000,0x00000007d38f1528,0x00000007d5550000)
  to   space 43648K, 0% used [0x00000007d0010000,0x00000007d0010000,0x00000007d2ab0000)
 ParOldGen       total 699072K, used 16K [0x0000000740000000, 0x000000076aab0000, 0x00000007c0000000)
  object space 699072K, 0% used [0x0000000740000000,0x0000000740004000,0x000000076aab0000)
 PSPermGen       total 21248K, used 19469K [0x000000073ae00000, 0x000000073c2c0000, 0x0000000740000000)
  object space 21248K, 91% used [0x000000073ae00000,0x000000073c1035e0,0x000000073c2c0000)

Card table byte_map: [0x000000010a102000,0x000000010a72c000] byte_map_base: 0x000000010672b000

Polling page: 0x00000001062c1000

Code Cache  [0x0000000107042000, 0x0000000107452000, 0x000000010a042000)
 total_blobs=1325 nmethods=1013 adapters=271 free_code_cache=45111Kb largest_free_block=46128960

Compilation events (10 events):
Event: 9.408 Thread 0x00007fbfe984b000 nmethod 1059 0x000000010742f350 code [0x000000010742f4c0, 0x000000010742f698]
Event: 9.408 Thread 0x00007fbfe984b000 1061             kodkod.util.ints.IntTreeSet$Range::clone (5 bytes)
Event: 9.409 Thread 0x00007fbfe984b000 nmethod 1061 0x000000010742f050 code [0x000000010742f1a0, 0x000000010742f298]
Event: 9.409 Thread 0x00007fbfe984b000 1062             kodkod.util.ints.IntTreeSet$Range::clone (8 bytes)
Event: 9.410 Thread 0x00007fbfe984d000 nmethod 1060 0x000000010742ec50 code [0x000000010742eda0, 0x000000010742ef48]
Event: 9.410 Thread 0x00007fbfe984d000 1063             java.lang.Exception::<init> (7 bytes)
Event: 9.410 Thread 0x00007fbfe984b000 nmethod 1062 0x000000010743ee10 code [0x000000010743ef60, 0x000000010743f058]
Event: 9.410 Thread 0x00007fbfe984b000 1064             java.lang.Throwable::<init> (39 bytes)
Event: 9.412 Thread 0x00007fbfe984b000 nmethod 1064 0x0000000107289450 code [0x00000001072895c0, 0x00000001072899c8]
Event: 9.412 Thread 0x00007fbfe984d000 nmethod 1063 0x0000000107288cd0 code [0x0000000107288e40, 0x0000000107289288]

GC Heap History (4 events):
Event: 3.982 GC heap before
{Heap before GC invocations=1 (full 0):
 PSYoungGen      total 305856K, used 262208K [0x00000007c0000000, 0x00000007d5550000, 0x0000000800000000)
  eden space 262208K, 100% used [0x00000007c0000000,0x00000007d0010000,0x00000007d0010000)
  from space 43648K, 0% used [0x00000007d2ab0000,0x00000007d2ab0000,0x00000007d5550000)
  to   space 43648K, 0% used [0x00000007d0010000,0x00000007d0010000,0x00000007d2ab0000)
 ParOldGen       total 699072K, used 0K [0x0000000740000000, 0x000000076aab0000, 0x00000007c0000000)
  object space 699072K, 0% used [0x0000000740000000,0x0000000740000000,0x000000076aab0000)
 PSPermGen       total 21248K, used 13165K [0x000000073ae00000, 0x000000073c2c0000, 0x0000000740000000)
  object space 21248K, 61% used [0x000000073ae00000,0x000000073badb6c0,0x000000073c2c0000)
Event: 4.008 GC heap after
Heap after GC invocations=1 (full 0):
 PSYoungGen      total 305856K, used 12991K [0x00000007c0000000, 0x00000007d5550000, 0x0000000800000000)
  eden space 262208K, 0% used [0x00000007c0000000,0x00000007c0000000,0x00000007d0010000)
  from space 43648K, 29% used [0x00000007d0010000,0x00000007d0cbfd20,0x00000007d2ab0000)
  to   space 43648K, 0% used [0x00000007d2ab0000,0x00000007d2ab0000,0x00000007d5550000)
 ParOldGen       total 699072K, used 8K [0x0000000740000000, 0x000000076aab0000, 0x00000007c0000000)
  object space 699072K, 0% used [0x0000000740000000,0x0000000740002000,0x000000076aab0000)
 PSPermGen       total 21248K, used 13165K [0x000000073ae00000, 0x000000073c2c0000, 0x0000000740000000)
  object space 21248K, 61% used [0x000000073ae00000,0x000000073badb6c0,0x000000073c2c0000)
}
Event: 6.920 GC heap before
{Heap before GC invocations=2 (full 0):
 PSYoungGen      total 305856K, used 275199K [0x00000007c0000000, 0x00000007d5550000, 0x0000000800000000)
  eden space 262208K, 100% used [0x00000007c0000000,0x00000007d0010000,0x00000007d0010000)
  from space 43648K, 29% used [0x00000007d0010000,0x00000007d0cbfd20,0x00000007d2ab0000)
  to   space 43648K, 0% used [0x00000007d2ab0000,0x00000007d2ab0000,0x00000007d5550000)
 ParOldGen       total 699072K, used 8K [0x0000000740000000, 0x000000076aab0000, 0x00000007c0000000)
  object space 699072K, 0% used [0x0000000740000000,0x0000000740002000,0x000000076aab0000)
 PSPermGen       total 21248K, used 18715K [0x000000073ae00000, 0x000000073c2c0000, 0x0000000740000000)
  object space 21248K, 88% used [0x000000073ae00000,0x000000073c046e38,0x000000073c2c0000)
Event: 6.945 GC heap after
Heap after GC invocations=2 (full 0):
 PSYoungGen      total 305856K, used 14597K [0x00000007c0000000, 0x00000007d5550000, 0x0000000800000000)
  eden space 262208K, 0% used [0x00000007c0000000,0x00000007c0000000,0x00000007d0010000)
  from space 43648K, 33% used [0x00000007d2ab0000,0x00000007d38f1528,0x00000007d5550000)
  to   space 43648K, 0% used [0x00000007d0010000,0x00000007d0010000,0x00000007d2ab0000)
 ParOldGen       total 699072K, used 16K [0x0000000740000000, 0x000000076aab0000, 0x00000007c0000000)
  object space 699072K, 0% used [0x0000000740000000,0x0000000740004000,0x000000076aab0000)
 PSPermGen       total 21248K, used 18715K [0x000000073ae00000, 0x000000073c2c0000, 0x0000000740000000)
  object space 21248K, 88% used [0x000000073ae00000,0x000000073c046e38,0x000000073c2c0000)
}

Deoptimization events (10 events):
Event: 9.177 Thread 0x00007fbfeb800000 Uncommon trap -34 fr.pc 0x00000001072ad4b0
Event: 9.178 Thread 0x00007fbfeb800000 Uncommon trap -34 fr.pc 0x00000001072eec94
Event: 9.180 Thread 0x00007fbfeb800000 Uncommon trap -12 fr.pc 0x00000001071d03ac
Event: 9.181 Thread 0x00007fbfeb800000 Uncommon trap -34 fr.pc 0x000000010731e7a0
Event: 9.182 Thread 0x00007fbfeb800000 Uncommon trap -34 fr.pc 0x000000010731e7a0
Event: 9.203 Thread 0x00007fbfeb800000 Uncommon trap 44 fr.pc 0x000000010731608c
Event: 9.206 Thread 0x00007fbfeb800000 Uncommon trap -34 fr.pc 0x00000001072ad4b0
Event: 9.208 Thread 0x00007fbfeb800000 Uncommon trap -34 fr.pc 0x000000010731e7a0
Event: 9.208 Thread 0x00007fbfeb800000 Uncommon trap -34 fr.pc 0x00000001072ad4b0
Event: 9.210 Thread 0x00007fbfeb800000 Uncommon trap -34 fr.pc 0x000000010731e7a0

Internal exceptions (10 events):
Event: 9.238 Thread 0x00007fbfeb800000 Threw 0x00000007c2bc05b8 at /HUDSON/workspace/jdk7u9-2-build-macosx-amd64-product/jdk7u9/hotspot/src/share/vm/prims/jvm.cpp:1166
Event: 9.248 Thread 0x00007fbfeb800000 Threw 0x00000007c2bde6c0 at /HUDSON/workspace/jdk7u9-2-build-macosx-amd64-product/jdk7u9/hotspot/src/share/vm/prims/jvm.cpp:1166
Event: 9.249 Thread 0x00007fbfeb800000 Threw 0x00000007c2be4db0 at /HUDSON/workspace/jdk7u9-2-build-macosx-amd64-product/jdk7u9/hotspot/src/share/vm/prims/jvm.cpp:1166
Event: 9.250 Thread 0x00007fbfeb800000 Threw 0x00000007c2bea990 at /HUDSON/workspace/jdk7u9-2-build-macosx-amd64-product/jdk7u9/hotspot/src/share/vm/prims/jvm.cpp:1166
Event: 17.150 Thread 0x00007fbfeb800000 Threw 0x00000007c2c0e688 at /HUDSON/workspace/jdk7u9-2-build-macosx-amd64-product/jdk7u9/hotspot/src/share/vm/prims/jvm.cpp:1166
Event: 17.157 Thread 0x00007fbfeb800000 Threw 0x00000007c2c1ce30 at /HUDSON/workspace/jdk7u9-2-build-macosx-amd64-product/jdk7u9/hotspot/src/share/vm/prims/jvm.cpp:1166
Event: 17.164 Thread 0x00007fbfeb800000 Threw 0x00000007c2c20828 at /HUDSON/workspace/jdk7u9-2-build-macosx-amd64-product/jdk7u9/hotspot/src/share/vm/prims/jvm.cpp:1166
Event: 17.175 Thread 0x00007fbfeb800000 Threw 0x00000007c2c23d90 at /HUDSON/workspace/jdk7u9-2-build-macosx-amd64-product/jdk7u9/hotspot/src/share/vm/prims/jvm.cpp:1166
Event: 17.184 Thread 0x00007fbfeb800000 Threw 0x00000007c2c26b88 at /HUDSON/workspace/jdk7u9-2-build-macosx-amd64-product/jdk7u9/hotspot/src/share/vm/prims/jvm.cpp:1166
Event: 17.201 Thread 0x00007fbfeb800000 Threw 0x00000007c2c2ff18 at /HUDSON/workspace/jdk7u9-2-build-macosx-amd64-product/jdk7u9/hotspot/src/share/vm/prims/jvm.cpp:1166

Events (10 events):
Event: 91.893 Executing VM operation: GetCurrentLocation
Event: 91.893 Executing VM operation: GetCurrentLocation done
Event: 91.893 Executing VM operation: EnterInterpOnlyMode
Event: 91.893 Executing VM operation: EnterInterpOnlyMode done
Event: 91.893 Executing VM operation: ChangeSingleStep
Event: 91.893 Executing VM operation: ChangeSingleStep done
Event: 91.893 Executing VM operation: ChangeSingleStep
Event: 91.893 Executing VM operation: ChangeSingleStep done
Event: 91.903 Executing VM operation: RedefineClasses
Event: 91.911 Executing VM operation: RedefineClasses done


Dynamic libraries:
0x000000000ccbe000 	/System/Library/Frameworks/Cocoa.framework/Versions/A/Cocoa
0x000000000ccbe000 	/System/Library/Frameworks/Security.framework/Versions/A/Security
0x000000000ccbe000 	/System/Library/Frameworks/ApplicationServices.framework/Versions/A/ApplicationServices
0x000000000ccbe000 	/usr/lib/libz.1.dylib
0x000000000ccbe000 	/usr/lib/libSystem.B.dylib
0x000000000ccbe000 	/usr/lib/libobjc.A.dylib
0x000000000ccbe000 	/System/Library/Frameworks/CoreFoundation.framework/Versions/A/CoreFoundation
0x000000000ccbe000 	/System/Library/Frameworks/AppKit.framework/Versions/C/AppKit
0x000000000ccbe000 	/System/Library/Frameworks/CoreData.framework/Versions/A/CoreData
0x000000000ccbe000 	/System/Library/Frameworks/Foundation.framework/Versions/C/Foundation
0x000000000ccbe000 	/System/Library/PrivateFrameworks/RemoteViewServices.framework/Versions/A/RemoteViewServices
0x000000000ccbe000 	/System/Library/Frameworks/AudioToolbox.framework/Versions/A/AudioToolbox
0x000000000ccbe000 	/System/Library/Frameworks/AudioUnit.framework/Versions/A/AudioUnit
0x000000000ccbe000 	/System/Library/PrivateFrameworks/DataDetectorsCore.framework/Versions/A/DataDetectorsCore
0x000000000ccbe000 	/System/Library/PrivateFrameworks/DesktopServicesPriv.framework/Versions/A/DesktopServicesPriv
0x000000000ccbe000 	/System/Library/Frameworks/Carbon.framework/Versions/A/Frameworks/HIToolbox.framework/Versions/A/HIToolbox
0x000000000ccbe000 	/System/Library/Frameworks/QuartzCore.framework/Versions/A/QuartzCore
0x000000000ccbe000 	/System/Library/Frameworks/Carbon.framework/Versions/A/Frameworks/SpeechRecognition.framework/Versions/A/SpeechRecognition
0x000000000ccbe000 	/usr/lib/libauto.dylib
0x000000000ccbe000 	/usr/lib/libicucore.A.dylib
0x000000000ccbe000 	/usr/lib/libxml2.2.dylib
0x000000000ccbe000 	/System/Library/PrivateFrameworks/CoreUI.framework/Versions/A/CoreUI
0x000000000ccbe000 	/System/Library/Frameworks/CoreAudio.framework/Versions/A/CoreAudio
0x000000000ccbe000 	/System/Library/Frameworks/DiskArbitration.framework/Versions/A/DiskArbitration
0x000000000ccbe000 	/usr/lib/liblangid.dylib
0x000000000ccbe000 	/System/Library/PrivateFrameworks/MultitouchSupport.framework/Versions/A/MultitouchSupport
0x000000000ccbe000 	/System/Library/Frameworks/IOKit.framework/Versions/A/IOKit
0x000000000ccbe000 	/usr/lib/libDiagnosticMessagesClient.dylib
0x000000000ccbe000 	/System/Library/Frameworks/CoreServices.framework/Versions/A/CoreServices
0x000000000ccbe000 	/System/Library/PrivateFrameworks/PerformanceAnalysis.framework/Versions/A/PerformanceAnalysis
0x000000000ccbe000 	/System/Library/PrivateFrameworks/GenerationalStorage.framework/Versions/A/GenerationalStorage
0x000000000ccbe000 	/System/Library/Frameworks/OpenGL.framework/Versions/A/OpenGL
0x000000000ccbe000 	/System/Library/Frameworks/CoreServices.framework/Versions/A/Frameworks/CFNetwork.framework/Versions/A/CFNetwork
0x000000000ccbe000 	/System/Library/Frameworks/SystemConfiguration.framework/Versions/A/SystemConfiguration
0x000000000ccbe000 	/usr/lib/libCRFSuite.dylib
0x000000000ccbe000 	/usr/lib/libc++.1.dylib
0x000000000ccbe000 	/usr/lib/libstdc++.6.dylib
0x000000000ccbe000 	/usr/lib/libc++abi.dylib
0x000000000ccbe000 	/usr/lib/system/libcache.dylib
0x000000000ccbe000 	/usr/lib/system/libcommonCrypto.dylib
0x000000000ccbe000 	/usr/lib/system/libcompiler_rt.dylib
0x000000000ccbe000 	/usr/lib/system/libcopyfile.dylib
0x000000000ccbe000 	/usr/lib/system/libdispatch.dylib
0x000000000ccbe000 	/usr/lib/system/libdnsinfo.dylib
0x000000000ccbe000 	/usr/lib/system/libdyld.dylib
0x000000000ccbe000 	/usr/lib/system/libkeymgr.dylib
0x000000000ccbe000 	/usr/lib/system/liblaunch.dylib
0x000000000ccbe000 	/usr/lib/system/libmacho.dylib
0x000000000ccbe000 	/usr/lib/system/libmathCommon.A.dylib
0x000000000ccbe000 	/usr/lib/system/libquarantine.dylib
0x000000000ccbe000 	/usr/lib/system/libremovefile.dylib
0x000000000ccbe000 	/usr/lib/system/libsystem_blocks.dylib
0x000000000ccbe000 	/usr/lib/system/libsystem_c.dylib
0x000000000ccbe000 	/usr/lib/system/libsystem_dnssd.dylib
0x000000000ccbe000 	/usr/lib/system/libsystem_info.dylib
0x000000000ccbe000 	/usr/lib/system/libsystem_kernel.dylib
0x000000000ccbe000 	/usr/lib/system/libsystem_network.dylib
0x000000000ccbe000 	/usr/lib/system/libsystem_notify.dylib
0x000000000ccbe000 	/usr/lib/system/libsystem_sandbox.dylib
0x000000000ccbe000 	/usr/lib/system/libunc.dylib
0x000000000ccbe000 	/usr/lib/system/libunwind.dylib
0x000000000ccbe000 	/usr/lib/system/libxpc.dylib
0x000000000ccbe000 	/usr/lib/libbsm.0.dylib
0x000000000ccbe000 	/usr/lib/libsqlite3.dylib
0x000000000ccbe000 	/usr/lib/libOpenScriptingUtil.dylib
0x000000000ccbe000 	/usr/lib/libpam.2.dylib
0x000000000ccbe000 	/usr/lib/libxar-nossl.dylib
0x000000000ccbe000 	/usr/lib/libbz2.1.0.dylib
0x000000000ccbe000 	/System/Library/Frameworks/CoreServices.framework/Versions/A/Frameworks/CarbonCore.framework/Versions/A/CarbonCore
0x000000000ccbe000 	/System/Library/Frameworks/CoreServices.framework/Versions/A/Frameworks/Metadata.framework/Versions/A/Metadata
0x000000000ccbe000 	/System/Library/Frameworks/CoreServices.framework/Versions/A/Frameworks/OSServices.framework/Versions/A/OSServices
0x000000000ccbe000 	/System/Library/Frameworks/CoreServices.framework/Versions/A/Frameworks/SearchKit.framework/Versions/A/SearchKit
0x000000000ccbe000 	/System/Library/Frameworks/CoreServices.framework/Versions/A/Frameworks/AE.framework/Versions/A/AE
0x000000000ccbe000 	/System/Library/Frameworks/CoreServices.framework/Versions/A/Frameworks/LaunchServices.framework/Versions/A/LaunchServices
0x000000000ccbe000 	/System/Library/Frameworks/CoreServices.framework/Versions/A/Frameworks/DictionaryServices.framework/Versions/A/DictionaryServices
0x000000000ccbe000 	/System/Library/Frameworks/NetFS.framework/Versions/A/NetFS
0x000000000ccbe000 	/usr/lib/system/libkxld.dylib
0x000000000ccbe000 	/System/Library/PrivateFrameworks/NetAuth.framework/Versions/A/NetAuth
0x000000000ccbe000 	/usr/lib/libcrypto.0.9.8.dylib
0x000000000ccbe000 	/System/Library/PrivateFrameworks/TrustEvaluationAgent.framework/Versions/A/TrustEvaluationAgent
0x000000000ccbe000 	/System/Library/Frameworks/OpenDirectory.framework/Versions/A/Frameworks/CFOpenDirectory.framework/Versions/A/CFOpenDirectory
0x000000000ccbe000 	/usr/lib/libxslt.1.dylib
0x000000000ccbe000 	/System/Library/PrivateFrameworks/FamilyControls.framework/Versions/A/FamilyControls
0x000000000ccbe000 	/System/Library/Frameworks/Carbon.framework/Versions/A/Frameworks/Ink.framework/Versions/A/Ink
0x000000000ccbe000 	/System/Library/Frameworks/ApplicationServices.framework/Versions/A/Frameworks/CoreGraphics.framework/Versions/A/CoreGraphics
0x000000000ccbe000 	/System/Library/Frameworks/ApplicationServices.framework/Versions/A/Frameworks/ImageIO.framework/Versions/A/ImageIO
0x000000000ccbe000 	/System/Library/Frameworks/ApplicationServices.framework/Versions/A/Frameworks/CoreText.framework/Versions/A/CoreText
0x000000000ccbe000 	/System/Library/Frameworks/ApplicationServices.framework/Versions/A/Frameworks/ATS.framework/Versions/A/ATS
0x000000000ccbe000 	/System/Library/Frameworks/ApplicationServices.framework/Versions/A/Frameworks/ColorSync.framework/Versions/A/ColorSync
0x000000000ccbe000 	/System/Library/Frameworks/ApplicationServices.framework/Versions/A/Frameworks/HIServices.framework/Versions/A/HIServices
0x000000000ccbe000 	/System/Library/Frameworks/ApplicationServices.framework/Versions/A/Frameworks/LangAnalysis.framework/Versions/A/LangAnalysis
0x000000000ccbe000 	/System/Library/Frameworks/ApplicationServices.framework/Versions/A/Frameworks/PrintCore.framework/Versions/A/PrintCore
0x000000000ccbe000 	/System/Library/Frameworks/ApplicationServices.framework/Versions/A/Frameworks/QD.framework/Versions/A/QD
0x000000000ccbe000 	/System/Library/Frameworks/ApplicationServices.framework/Versions/A/Frameworks/SpeechSynthesis.framework/Versions/A/SpeechSynthesis
0x000000000ccbe000 	/System/Library/Frameworks/IOSurface.framework/Versions/A/IOSurface
0x000000000ccbe000 	/System/Library/Frameworks/Accelerate.framework/Versions/A/Accelerate
0x000000000ccbe000 	/System/Library/Frameworks/ApplicationServices.framework/Versions/A/Frameworks/ImageIO.framework/Versions/A/Resources/libJPEG.dylib
0x000000000ccbe000 	/System/Library/Frameworks/ApplicationServices.framework/Versions/A/Frameworks/ImageIO.framework/Versions/A/Resources/libTIFF.dylib
0x000000000ccbe000 	/System/Library/Frameworks/ApplicationServices.framework/Versions/A/Frameworks/ImageIO.framework/Versions/A/Resources/libPng.dylib
0x000000000ccbe000 	/System/Library/Frameworks/ApplicationServices.framework/Versions/A/Frameworks/ImageIO.framework/Versions/A/Resources/libGIF.dylib
0x000000000ccbe000 	/System/Library/Frameworks/ApplicationServices.framework/Versions/A/Frameworks/ImageIO.framework/Versions/A/Resources/libJP2.dylib
0x000000000ccbe000 	/System/Library/Frameworks/ApplicationServices.framework/Versions/A/Frameworks/ImageIO.framework/Versions/A/Resources/libRadiance.dylib
0x000000000ccbe000 	/System/Library/Frameworks/Accelerate.framework/Versions/A/Frameworks/vImage.framework/Versions/A/vImage
0x000000000ccbe000 	/System/Library/Frameworks/Accelerate.framework/Versions/A/Frameworks/vecLib.framework/Versions/A/vecLib
0x000000000ccbe000 	/System/Library/Frameworks/Accelerate.framework/Versions/A/Frameworks/vecLib.framework/Versions/A/libvDSP.dylib
0x000000000ccbe000 	/System/Library/Frameworks/Accelerate.framework/Versions/A/Frameworks/vecLib.framework/Versions/A/libvMisc.dylib
0x000000000ccbe000 	/System/Library/Frameworks/Accelerate.framework/Versions/A/Frameworks/vecLib.framework/Versions/A/libLAPACK.dylib
0x000000000ccbe000 	/System/Library/Frameworks/Accelerate.framework/Versions/A/Frameworks/vecLib.framework/Versions/A/libBLAS.dylib
0x000000000ccbe000 	/System/Library/Frameworks/ApplicationServices.framework/Versions/A/Frameworks/ATS.framework/Versions/A/Resources/libFontParser.dylib
0x000000000ccbe000 	/System/Library/Frameworks/ApplicationServices.framework/Versions/A/Frameworks/ATS.framework/Versions/A/Resources/libFontRegistry.dylib
0x000000000ccbe000 	/usr/lib/libcups.2.dylib
0x000000000ccbe000 	/System/Library/Frameworks/Kerberos.framework/Versions/A/Kerberos
0x000000000ccbe000 	/System/Library/Frameworks/GSS.framework/Versions/A/GSS
0x000000000ccbe000 	/usr/lib/libresolv.9.dylib
0x000000000ccbe000 	/usr/lib/libiconv.2.dylib
0x000000000ccbe000 	/System/Library/PrivateFrameworks/Heimdal.framework/Versions/A/Heimdal
0x000000000ccbe000 	/System/Library/Frameworks/OpenDirectory.framework/Versions/A/OpenDirectory
0x000000000ccbe000 	/System/Library/PrivateFrameworks/CommonAuth.framework/Versions/A/CommonAuth
0x000000000ccbe000 	/System/Library/Frameworks/CoreVideo.framework/Versions/A/CoreVideo
0x000000000ccbe000 	/System/Library/Frameworks/QuartzCore.framework/Versions/A/Frameworks/CoreImage.framework/Versions/A/CoreImage
0x000000000ccbe000 	/System/Library/Frameworks/QuartzCore.framework/Versions/A/Frameworks/ScalableUserInterface.framework/Versions/A/ScalableUserInterface
0x000000000ccbe000 	/System/Library/Frameworks/OpenGL.framework/Versions/A/Libraries/libGLU.dylib
0x000000000ccbe000 	/System/Library/Frameworks/OpenGL.framework/Versions/A/Libraries/libGFXShared.dylib
0x000000000ccbe000 	/System/Library/Frameworks/OpenGL.framework/Versions/A/Libraries/libGL.dylib
0x000000000ccbe000 	/System/Library/Frameworks/OpenGL.framework/Versions/A/Libraries/libGLImage.dylib
0x000000000ccbe000 	/System/Library/Frameworks/OpenGL.framework/Versions/A/Libraries/libCVMSPluginSupport.dylib
0x000000000ccbe000 	/System/Library/Frameworks/OpenGL.framework/Versions/A/Libraries/libCoreVMClient.dylib
0x000000000ccbe000 	/System/Library/Frameworks/OpenCL.framework/Versions/A/OpenCL
0x000000000ccbe000 	/System/Library/PrivateFrameworks/FaceCoreLight.framework/Versions/A/FaceCoreLight
0x000000000ccbe000 	/System/Library/Frameworks/vecLib.framework/Versions/A/vecLib
0x000000000ccbe000 	/System/Library/Frameworks/SecurityFoundation.framework/Versions/A/SecurityFoundation
0x000000000ccbe000 	/System/Library/PrivateFrameworks/CommerceKit.framework/Versions/A/Frameworks/CommerceCore.framework/Versions/A/CommerceCore
0x000000000ccbe000 	/System/Library/PrivateFrameworks/CoreSymbolication.framework/Versions/A/CoreSymbolication
0x000000000ccbe000 	/System/Library/PrivateFrameworks/Symbolication.framework/Versions/A/Symbolication
0x000000000ccbe000 	/System/Library/PrivateFrameworks/DebugSymbols.framework/Versions/A/DebugSymbols
0x0000000106483000 	/Library/Java/JavaVirtualMachines/jdk1.7.0_09.jdk/Contents/Home/jre/lib/server/libjvm.dylib
0x0000000106284000 	/Library/Java/JavaVirtualMachines/jdk1.7.0_09.jdk/Contents/Home/jre/lib/libverify.dylib
0x0000000106291000 	/Library/Java/JavaVirtualMachines/jdk1.7.0_09.jdk/Contents/Home/jre/lib/libjava.dylib
0x00000001062c2000 	/Library/Java/JavaVirtualMachines/jdk1.7.0_09.jdk/Contents/Home/jre/lib/libjdwp.dylib
0x000000010702d000 	/Library/Java/JavaVirtualMachines/jdk1.7.0_09.jdk/Contents/Home/jre/lib/./libnpt.dylib
0x0000000107039000 	/Library/Java/JavaVirtualMachines/jdk1.7.0_09.jdk/Contents/Home/jre/lib/libzip.dylib
0x0000000113fc1000 	/System/Library/Frameworks/JavaVM.framework/Frameworks/JavaRuntimeSupport.framework/JavaRuntimeSupport
0x0000000113fd9000 	/System/Library/Frameworks/JavaVM.framework/Versions/A/Frameworks/JavaNativeFoundation.framework/Versions/A/JavaNativeFoundation
0x0000000113fee000 	/System/Library/Frameworks/JavaVM.framework/Versions/A/JavaVM
0x000000000ccbe000 	/System/Library/Frameworks/Carbon.framework/Versions/A/Carbon
0x0000000113ffb000 	/System/Library/PrivateFrameworks/JavaLaunching.framework/Versions/A/JavaLaunching
0x000000000ccbe000 	/System/Library/Frameworks/Carbon.framework/Versions/A/Frameworks/CommonPanels.framework/Versions/A/CommonPanels
0x000000000ccbe000 	/System/Library/Frameworks/Carbon.framework/Versions/A/Frameworks/Help.framework/Versions/A/Help
0x000000000ccbe000 	/System/Library/Frameworks/Carbon.framework/Versions/A/Frameworks/ImageCapture.framework/Versions/A/ImageCapture
0x000000000ccbe000 	/System/Library/Frameworks/Carbon.framework/Versions/A/Frameworks/OpenScripting.framework/Versions/A/OpenScripting
0x000000000ccbe000 	/System/Library/Frameworks/Carbon.framework/Versions/A/Frameworks/Print.framework/Versions/A/Print
0x000000000ccbe000 	/System/Library/Frameworks/Carbon.framework/Versions/A/Frameworks/SecurityHI.framework/Versions/A/SecurityHI
0x00000001142cb000 	/Library/Java/JavaVirtualMachines/jdk1.7.0_09.jdk/Contents/Home/jre/lib/libdt_socket.dylib
0x0000000114c02000 	/Library/Java/JavaVirtualMachines/jdk1.7.0_09.jdk/Contents/Home/jre/lib/libnet.dylib
0x0000000114e0d000 	/Library/Java/JavaVirtualMachines/jdk1.7.0_09.jdk/Contents/Home/jre/lib/libnio.dylib
0x0000000114150000 	/private/var/folders/k1/st6f9t8j0j92bkq6_8_0g_q40000gp/T/alloy4tmp40-marcelofrias/binary/libminisat220.jnilib

VM Arguments:
jvm_args: -agentlib:jdwp=transport=dt_socket,suspend=y,address=localhost:56502 -Xms1g -Xmx3g -Dfile.encoding=US-ASCII 
java_command: org.eclipse.jdt.internal.junit.runner.RemoteTestRunner -version 3 -port 56501 -testLoaderClass org.eclipse.jdt.internal.junit4.runner.JUnit4TestLoader -loaderpluginname org.eclipse.jdt.junit4.runtime -test ar.edu.taco.regresion.stryker.StrykerArrayListTest:test_containsTest
Launcher Type: SUN_STANDARD

Environment Variables:
PATH=/usr/bin:/bin:/usr/sbin:/sbin
SHELL=/bin/bash
DISPLAY=/tmp/launch-8R7vDQ/org.x:0

Signal Handlers:
SIGSEGV: [libjvm.dylib+0x4a3a1d], sa_mask[0]=0xfffefeff, sa_flags=0x00000042
SIGBUS: [libjvm.dylib+0x4a3a1d], sa_mask[0]=0xfffefeff, sa_flags=0x00000042
SIGFPE: [libjvm.dylib+0x3b3431], sa_mask[0]=0xfffefeff, sa_flags=0x00000042
SIGPIPE: [libjvm.dylib+0x3b3431], sa_mask[0]=0xfffefeff, sa_flags=0x00000042
SIGXFSZ: [libjvm.dylib+0x3b3431], sa_mask[0]=0xfffefeff, sa_flags=0x00000042
SIGILL: [libjvm.dylib+0x3b3431], sa_mask[0]=0xfffefeff, sa_flags=0x00000042
SIGUSR1: SIG_DFL, sa_mask[0]=0x00000000, sa_flags=0x00000002
SIGUSR2: [libjvm.dylib+0x3b2fca], sa_mask[0]=0x00000004, sa_flags=0x00000042
SIGHUP: [libjvm.dylib+0x3b122b], sa_mask[0]=0xfffefeff, sa_flags=0x00000042
SIGINT: [libjvm.dylib+0x3b122b], sa_mask[0]=0xfffefeff, sa_flags=0x00000042
SIGTERM: [libjvm.dylib+0x3b122b], sa_mask[0]=0xfffefeff, sa_flags=0x00000042
SIGQUIT: [libjvm.dylib+0x3b122b], sa_mask[0]=0xfffefeff, sa_flags=0x00000042


---------------  S Y S T E M  ---------------

OS:Bsduname:Darwin 11.4.2 Darwin Kernel Version 11.4.2: Thu Aug 23 16:25:48 PDT 2012; root:xnu-1699.32.7~1/RELEASE_X86_64 x86_64
rlimit: STACK 8192k, CORE 0k, NPROC 709, NOFILE 10240, AS infinity
load average:1.92 2.14 2.07

CPU:total 4 (2 cores per cpu, 2 threads per core) family 6 model 42 stepping 7, cmov, cx8, fxsr, mmx, sse, sse2, sse3, ssse3, sse4.1, sse4.2, popcnt, avx, ht, tsc, tscinvbit

Memory: 4k page, physical 5378492k(1344623k free)

/proc/meminfo:


vm_info: Java HotSpot(TM) 64-Bit Server VM (23.5-b02) for bsd-amd64 JRE (1.7.0_09-b05), built on Sep 24 2012 21:39:08 by "java_re" with gcc 4.2.1 (Based on Apple Inc. build 5658) (LLVM build 2336.9.00)

time: Sat Dec 22 20:15:57 2012
elapsed time: 92 seconds

