#
# A fatal error has been detected by the Java Runtime Environment:
#
#  SIGSEGV (0xb) at pc=0x0000000107a5ecdc, pid=3717, tid=18179
#
# JRE version: 7.0_09-b05
# Java VM: Java HotSpot(TM) 64-Bit Server VM (23.5-b02 mixed mode bsd-amd64 compressed oops)
# Problematic frame:
# V  [libjvm.dylib+0x25ecdc]
#
# Failed to write core dump. Core dumps have been disabled. To enable core dumping, try "ulimit -c unlimited" before starting Java again
#
# If you would like to submit a bug report, please visit:
#   http://bugreport.sun.com/bugreport/crash.jsp
#

---------------  T H R E A D  ---------------

Current thread (0x00007fc85e00d000):  JavaThread "JDWP Transport Listener: dt_socket" daemon [_thread_in_vm, id=18179, stack(0x00000001156b5000,0x00000001157b5000)]

siginfo:si_signo=SIGSEGV: si_errno=0, si_code=1 (SEGV_MAPERR), si_addr=0x000000000000000c

Registers:
RAX=0x0000000000000000, RBX=0x00000007cf632e28, RCX=0x000000000000000c, RDX=0x0000000000000000
RSP=0x00000001157b4a70, RBP=0x00000001157b4a70, RSI=0x00007fc85bd5eee8, RDI=0x00000007cf632e28
R8 =0x0000000000000010, R9 =0x0000000000000c3a, R10=0x0000000000000000, R11=0x00007fc85ddc39e0
R12=0x00007fc85e00d000, R13=0x00007fc85d9d59b0, R14=0x0000000000000000, R15=0x0000000000000000
RIP=0x0000000107a5ecdc, EFLAGS=0x0000000000010202, ERR=0x0000000000000004
  TRAPNO=0x000000000000000e

Top of Stack: (sp=0x00000001157b4a70)
0x00000001157b4a70:   00000001157b4aa0 0000000107a8f416
0x00000001157b4a80:   0000000000000000 0000000000000000
0x00000001157b4a90:   00000007cf632e28 00007fc85e00d1d8
0x00000001157b4aa0:   00000001157b4b10 0000000107a9ec0d
0x00000001157b4ab0:   00007fc85e00d000 00007fc85e00d000
0x00000001157b4ac0:   0000000000000000 0000000000000000
0x00000001157b4ad0:   00007fc85e00d1d8 00007fc85e00d000
0x00000001157b4ae0:   00007fc85e00d000 00000001157b4b68
0x00000001157b4af0:   00007fc85bd5eee8 00007fc85d9d59b0
0x00000001157b4b00:   00000001157b4cf0 00007fc85e00d1d8
0x00000001157b4b10:   00000001157b4b40 00000001083e165e
0x00000001157b4b20:   00000001157b4cf0 0000000108401da4
0x00000001157b4b30:   00000001157b4b68 000000010840d568
0x00000001157b4b40:   00000001157b4d60 00000001083e875e
0x00000001157b4b50:   001dfa5900000013 00007fc85d010a00
0x00000001157b4b60:   00007fc85d9d9360 00000001157b4bb8
0x00000001157b4b70:   00007fc80000012c 00000001157b4b80
0x00000001157b4b80:   00007fc800000000 00000001157b4bb8
0x00000001157b4b90:   0000000000000000 00007f0000000000
0x00000001157b4ba0:   001dfa5900000013 00007fff00003680
0x00000001157b4bb0:   00000001157b4bb8 6e69616d04000000
0x00000001157b4bc0:   0900000000000000 0000000002000000
0x00000001157b4bd0:   e101000000000000 0900000000000000
0x00000001157b4be0:   00000101e2010000 0000670000000000
0x00000001157b4bf0:   ffff7060e85dc87f 0000ffffffffffff
0x00000001157b4c00:   000102004e000000 0063000000000000
0x00000001157b4c10:   003036dc5dc87f00 005f000000000000
0x00000001157b4c20:   0103004e00000000 6300000000000000
0x00000001157b4c30:   a8ecd55bc87f0000 0300000000000000
0x00000001157b4c40:   04004e0000000000 0000000000000001
0x00000001157b4c50:   59e85dc87f000059 00000000000000d0
0x00000001157b4c60:   004e000000000009 0000000000000105 

Instructions: (pc=0x0000000107a5ecdc)
0x0000000107a5ecbc:   eb 16 48 8d 35 6b 38 45 00 8a 4e 08 48 d3 e2 48
0x0000000107a5eccc:   03 16 eb 04 48 8b 14 0f 84 c0 0f 94 c0 0f b6 c0
0x0000000107a5ecdc:   8b 44 82 0c 5d c3 8b 04 07 5d c3 90 55 48 89 e5
0x0000000107a5ecec:   48 83 ec 10 48 83 ce 01 48 89 75 f0 8b 47 68 8b 

Register to memory mapping:

RAX=0x0000000000000000 is an unknown value
RBX=0x00000007cf632e28 is an oop
java.lang.String 
 - klass: 'java/lang/String'
RCX=0x000000000000000c is an unknown value
RDX=0x0000000000000000 is an unknown value
RSP=0x00000001157b4a70 is pointing into the stack for thread: 0x00007fc85e00d000
RBP=0x00000001157b4a70 is pointing into the stack for thread: 0x00007fc85e00d000
RSI=0x00007fc85bd5eee8 is a global jni handle
RDI=0x00000007cf632e28 is an oop
java.lang.String 
 - klass: 'java/lang/String'
R8 =0x0000000000000010 is an unknown value
R9 =0x0000000000000c3a is an unknown value
R10=0x0000000000000000 is an unknown value
R11=0x00007fc85ddc39e0 is an unknown value
R12=0x00007fc85e00d000 is a thread
R13=0x00007fc85d9d59b0 is an unknown value
R14=0x0000000000000000 is an unknown value
R15=0x0000000000000000 is an unknown value


Stack: [0x00000001156b5000,0x00000001157b5000],  sp=0x00000001157b4a70,  free space=1022k
Native frames: (J=compiled Java code, j=interpreted, Vv=VM code, C=native code)
V  [libjvm.dylib+0x25ecdc]
V  [libjvm.dylib+0x28f416]
V  [libjvm.dylib+0x29ec0d]
C  [libjdwp.dylib+0x765e]  value+0x96
C  [libjdwp.dylib+0xe75e]  debugLoop_run+0x1ce
C  [libjdwp.dylib+0x1f1ba]  attachThread+0x4d
V  [libjvm.dylib+0x30ba86]
V  [libjvm.dylib+0x478694]
V  [libjvm.dylib+0x479b7a]
V  [libjvm.dylib+0x3b5595]
C  [libsystem_c.dylib+0x4e8bf]  _pthread_start+0x14f
C  [libsystem_c.dylib+0x51b75]  thread_start+0xd


---------------  P R O C E S S  ---------------

Java Threads: ( => current thread )
  0x00007fc85c17f000 JavaThread "process reaper" daemon [_thread_blocked, id=20483, stack(0x00000001161ff000,0x0000000116227000)]
  0x00007fc85c105800 JavaThread "ReaderThread" [_thread_in_native, id=19971, stack(0x0000000116042000,0x0000000116142000)]
  0x00007fc85c06d800 JavaThread "Service Thread" daemon [_thread_blocked, id=19459, stack(0x0000000115bc4000,0x0000000115cc4000)]
  0x00007fc85d04b000 JavaThread "C2 CompilerThread1" daemon [_thread_blocked, id=19203, stack(0x0000000115ac1000,0x0000000115bc1000)]
  0x00007fc85c80f000 JavaThread "C2 CompilerThread0" daemon [_thread_blocked, id=18947, stack(0x00000001159be000,0x0000000115abe000)]
  0x00007fc85e00e000 JavaThread "JDWP Command Reader" daemon [_thread_in_native, id=18691, stack(0x00000001158bb000,0x00000001159bb000)]
  0x00007fc85c805000 JavaThread "JDWP Event Helper Thread" daemon [_thread_blocked, id=18435, stack(0x00000001157b8000,0x00000001158b8000)]
=>0x00007fc85e00d000 JavaThread "JDWP Transport Listener: dt_socket" daemon [_thread_in_vm, id=18179, stack(0x00000001156b5000,0x00000001157b5000)]
  0x00007fc85c069800 JavaThread "Signal Dispatcher" daemon [_thread_blocked, id=17923, stack(0x00000001155ac000,0x00000001156ac000)]
  0x00007fc85c046800 JavaThread "Finalizer" daemon [_thread_blocked, id=14083, stack(0x00000001152a4000,0x00000001153a4000)]
  0x00007fc85c046000 JavaThread "Reference Handler" daemon [_thread_blocked, id=13827, stack(0x00000001151a1000,0x00000001152a1000)]
  0x00007fc85d001000 JavaThread "main" [_thread_blocked, id=7171, stack(0x00000001082a8000,0x00000001083a8000)]

Other Threads:
  0x00007fc85c043800 VMThread [stack: 0x000000011509e000,0x000000011519e000] [id=13571]
  0x00007fc85d002800 WatcherThread [stack: 0x0000000115cc7000,0x0000000115dc7000] [id=19715]

VM state:not at safepoint (normal execution)

VM Mutex/Monitor currently owned by a thread: None

Heap
 PSYoungGen      total 305856K, used 271353K [0x00000007c0000000, 0x00000007d5550000, 0x0000000800000000)
  eden space 262208K, 97% used [0x00000007c0000000,0x00000007cfab54c8,0x00000007d0010000)
  from space 43648K, 33% used [0x00000007d0010000,0x00000007d0e590b8,0x00000007d2ab0000)
  to   space 43648K, 0% used [0x00000007d2ab0000,0x00000007d2ab0000,0x00000007d5550000)
 ParOldGen       total 699072K, used 191K [0x0000000740000000, 0x000000076aab0000, 0x00000007c0000000)
  object space 699072K, 0% used [0x0000000740000000,0x000000074002ff00,0x000000076aab0000)
 PSPermGen       total 21248K, used 19594K [0x000000073ae00000, 0x000000073c2c0000, 0x0000000740000000)
  object space 21248K, 92% used [0x000000073ae00000,0x000000073c122858,0x000000073c2c0000)

Card table byte_map: [0x000000010b4e8000,0x000000010bb12000] byte_map_base: 0x0000000107b11000

Polling page: 0x00000001076f5000

Code Cache  [0x0000000108428000, 0x00000001088c8000, 0x000000010b428000)
 total_blobs=1450 nmethods=1136 adapters=272 free_code_cache=44566Kb largest_free_block=45541440

Compilation events (10 events):
Event: 10.081 Thread 0x00007fc85d04b000 nmethod 1184 0x000000010889de90 code [0x000000010889e0e0, 0x000000010889ee98]
Event: 10.081 Thread 0x00007fc85d04b000 1185             kodkod.engine.bool.CBCFactory::assemble (279 bytes)
Event: 10.142 Thread 0x00007fc85d04b000 nmethod 1185 0x00000001088a3790 code [0x00000001088a3ae0, 0x00000001088a5ae0]
Event: 10.143 Thread 0x00007fc85d04b000 1186             java.util.AbstractList$Itr::hasNext (20 bytes)
Event: 10.149 Thread 0x00007fc85d04b000 nmethod 1186 0x0000000108851fd0 code [0x0000000108852140, 0x0000000108852318]
Event: 10.149 Thread 0x00007fc85d04b000 1187             kodkod.engine.bool.BooleanMatrix::set (69 bytes)
Event: 10.158 Thread 0x00007fc85d04b000 nmethod 1187 0x0000000108896d10 code [0x0000000108896ee0, 0x00000001088974c8]
Event: 10.245 Thread 0x00007fc85c80f000 nmethod 1183 0x00000001088ad950 code [0x00000001088ae020, 0x00000001088b39c8]
Event: 34.261 Thread 0x00007fc85d04b000 1188             java.lang.CharacterDataLatin1::toLowerCase (39 bytes)
Event: 34.262 Thread 0x00007fc85d04b000 nmethod 1188 0x0000000108855d90 code [0x0000000108855ec0, 0x0000000108855f98]

GC Heap History (6 events):
Event: 3.443 GC heap before
{Heap before GC invocations=1 (full 0):
 PSYoungGen      total 305856K, used 262208K [0x00000007c0000000, 0x00000007d5550000, 0x0000000800000000)
  eden space 262208K, 100% used [0x00000007c0000000,0x00000007d0010000,0x00000007d0010000)
  from space 43648K, 0% used [0x00000007d2ab0000,0x00000007d2ab0000,0x00000007d5550000)
  to   space 43648K, 0% used [0x00000007d0010000,0x00000007d0010000,0x00000007d2ab0000)
 ParOldGen       total 699072K, used 0K [0x0000000740000000, 0x000000076aab0000, 0x00000007c0000000)
  object space 699072K, 0% used [0x0000000740000000,0x0000000740000000,0x000000076aab0000)
 PSPermGen       total 21248K, used 13161K [0x000000073ae00000, 0x000000073c2c0000, 0x0000000740000000)
  object space 21248K, 61% used [0x000000073ae00000,0x000000073bada5e0,0x000000073c2c0000)
Event: 3.464 GC heap after
Heap after GC invocations=1 (full 0):
 PSYoungGen      total 305856K, used 13023K [0x00000007c0000000, 0x00000007d5550000, 0x0000000800000000)
  eden space 262208K, 0% used [0x00000007c0000000,0x00000007c0000000,0x00000007d0010000)
  from space 43648K, 29% used [0x00000007d0010000,0x00000007d0cc7d60,0x00000007d2ab0000)
  to   space 43648K, 0% used [0x00000007d2ab0000,0x00000007d2ab0000,0x00000007d5550000)
 ParOldGen       total 699072K, used 8K [0x0000000740000000, 0x000000076aab0000, 0x00000007c0000000)
  object space 699072K, 0% used [0x0000000740000000,0x0000000740002000,0x000000076aab0000)
 PSPermGen       total 21248K, used 13161K [0x000000073ae00000, 0x000000073c2c0000, 0x0000000740000000)
  object space 21248K, 61% used [0x000000073ae00000,0x000000073bada5e0,0x000000073c2c0000)
}
Event: 5.089 GC heap before
{Heap before GC invocations=2 (full 0):
 PSYoungGen      total 305856K, used 275231K [0x00000007c0000000, 0x00000007d5550000, 0x0000000800000000)
  eden space 262208K, 100% used [0x00000007c0000000,0x00000007d0010000,0x00000007d0010000)
  from space 43648K, 29% used [0x00000007d0010000,0x00000007d0cc7d60,0x00000007d2ab0000)
  to   space 43648K, 0% used [0x00000007d2ab0000,0x00000007d2ab0000,0x00000007d5550000)
 ParOldGen       total 699072K, used 8K [0x0000000740000000, 0x000000076aab0000, 0x00000007c0000000)
  object space 699072K, 0% used [0x0000000740000000,0x0000000740002000,0x000000076aab0000)
 PSPermGen       total 21248K, used 16205K [0x000000073ae00000, 0x000000073c2c0000, 0x0000000740000000)
  object space 21248K, 76% used [0x000000073ae00000,0x000000073bdd3780,0x000000073c2c0000)
Event: 5.106 GC heap after
Heap after GC invocations=2 (full 0):
 PSYoungGen      total 305856K, used 11373K [0x00000007c0000000, 0x00000007d5550000, 0x0000000800000000)
  eden space 262208K, 0% used [0x00000007c0000000,0x00000007c0000000,0x00000007d0010000)
  from space 43648K, 26% used [0x00000007d2ab0000,0x00000007d35cb5b0,0x00000007d5550000)
  to   space 43648K, 0% used [0x00000007d0010000,0x00000007d0010000,0x00000007d2ab0000)
 ParOldGen       total 699072K, used 16K [0x0000000740000000, 0x000000076aab0000, 0x00000007c0000000)
  object space 699072K, 0% used [0x0000000740000000,0x0000000740004000,0x000000076aab0000)
 PSPermGen       total 21248K, used 16205K [0x000000073ae00000, 0x000000073c2c0000, 0x0000000740000000)
  object space 21248K, 76% used [0x000000073ae00000,0x000000073bdd3780,0x000000073c2c0000)
}
Event: 7.561 GC heap before
{Heap before GC invocations=3 (full 0):
 PSYoungGen      total 305856K, used 273581K [0x00000007c0000000, 0x00000007d5550000, 0x0000000800000000)
  eden space 262208K, 100% used [0x00000007c0000000,0x00000007d0010000,0x00000007d0010000)
  from space 43648K, 26% used [0x00000007d2ab0000,0x00000007d35cb5b0,0x00000007d5550000)
  to   space 43648K, 0% used [0x00000007d0010000,0x00000007d0010000,0x00000007d2ab0000)
 ParOldGen       total 699072K, used 16K [0x0000000740000000, 0x000000076aab0000, 0x00000007c0000000)
  object space 699072K, 0% used [0x0000000740000000,0x0000000740004000,0x000000076aab0000)
 PSPermGen       total 21248K, used 19088K [0x000000073ae00000, 0x000000073c2c0000, 0x0000000740000000)
  object space 21248K, 89% used [0x000000073ae00000,0x000000073c0a43c0,0x000000073c2c0000)
Event: 7.579 GC heap after
Heap after GC invocations=3 (full 0):
 PSYoungGen      total 305856K, used 14628K [0x00000007c0000000, 0x00000007d5550000, 0x0000000800000000)
  eden space 262208K, 0% used [0x00000007c0000000,0x00000007c0000000,0x00000007d0010000)
  from space 43648K, 33% used [0x00000007d0010000,0x00000007d0e590b8,0x00000007d2ab0000)
  to   space 43648K, 0% used [0x00000007d2ab0000,0x00000007d2ab0000,0x00000007d5550000)
 ParOldGen       total 699072K, used 191K [0x0000000740000000, 0x000000076aab0000, 0x00000007c0000000)
  object space 699072K, 0% used [0x0000000740000000,0x000000074002ff00,0x000000076aab0000)
 PSPermGen       total 21248K, used 19088K [0x000000073ae00000, 0x000000073c2c0000, 0x0000000740000000)
  object space 21248K, 89% used [0x000000073ae00000,0x000000073c0a43c0,0x000000073c2c0000)
}

Deoptimization events (10 events):
Event: 10.061 Thread 0x00007fc85d001000 Uncommon trap -34 fr.pc 0x000000010857d2f0
Event: 10.062 Thread 0x00007fc85d001000 Uncommon trap -34 fr.pc 0x00000001087be3d4
Event: 10.062 Thread 0x00007fc85d001000 Uncommon trap -34 fr.pc 0x000000010857d2f0
Event: 10.064 Thread 0x00007fc85d001000 Uncommon trap -34 fr.pc 0x00000001086a6b2c
Event: 10.064 Thread 0x00007fc85d001000 Uncommon trap -34 fr.pc 0x00000001087be3d4
Event: 10.065 Thread 0x00007fc85d001000 Uncommon trap -34 fr.pc 0x00000001086a6b2c
Event: 10.065 Thread 0x00007fc85d001000 Uncommon trap -34 fr.pc 0x00000001086a6b2c
Event: 10.066 Thread 0x00007fc85d001000 Uncommon trap -34 fr.pc 0x00000001087be3d4
Event: 10.067 Thread 0x00007fc85d001000 Uncommon trap -34 fr.pc 0x00000001086a6b2c
Event: 10.094 Thread 0x00007fc85d001000 Uncommon trap 44 fr.pc 0x00000001086ce364

Internal exceptions (10 events):
Event: 10.048 Thread 0x00007fc85d001000 Threw 0x00000007cf020b10 at /HUDSON/workspace/jdk7u9-2-build-macosx-amd64-product/jdk7u9/hotspot/src/share/vm/prims/jvm.cpp:1166
Event: 10.051 Thread 0x00007fc85d001000 Threw 0x00000007cf043820 at /HUDSON/workspace/jdk7u9-2-build-macosx-amd64-product/jdk7u9/hotspot/src/share/vm/prims/jvm.cpp:1166
Event: 10.052 Thread 0x00007fc85d001000 Threw 0x00000007cf0628a8 at /HUDSON/workspace/jdk7u9-2-build-macosx-amd64-product/jdk7u9/hotspot/src/share/vm/prims/jvm.cpp:1166
Event: 10.053 Thread 0x00007fc85d001000 Threw 0x00000007cf068938 at /HUDSON/workspace/jdk7u9-2-build-macosx-amd64-product/jdk7u9/hotspot/src/share/vm/prims/jvm.cpp:1166
Event: 10.061 Thread 0x00007fc85d001000 Implicit null exception at 0x0000000108726e04 to 0x00000001087271f1
Event: 10.096 Thread 0x00007fc85d001000 Threw 0x00000007cf5c5248 at /HUDSON/workspace/jdk7u9-2-build-macosx-amd64-product/jdk7u9/hotspot/src/share/vm/prims/jvm.cpp:1166
Event: 12.531 Thread 0x00007fc85d001000 Threw 0x00000007cf5c8888 at /HUDSON/workspace/jdk7u9-2-build-macosx-amd64-product/jdk7u9/hotspot/src/share/vm/prims/jvm.cpp:1166
Event: 12.540 Thread 0x00007fc85d001000 Threw 0x00000007cf5e76c0 at /HUDSON/workspace/jdk7u9-2-build-macosx-amd64-product/jdk7u9/hotspot/src/share/vm/prims/jvm.cpp:1166
Event: 12.541 Thread 0x00007fc85d001000 Threw 0x00000007cf5eddb0 at /HUDSON/workspace/jdk7u9-2-build-macosx-amd64-product/jdk7u9/hotspot/src/share/vm/prims/jvm.cpp:1166
Event: 12.541 Thread 0x00007fc85d001000 Threw 0x00000007cf5f3990 at /HUDSON/workspace/jdk7u9-2-build-macosx-amd64-product/jdk7u9/hotspot/src/share/vm/prims/jvm.cpp:1166

Events (10 events):
Event: 47.244 Executing VM operation: ChangeSingleStep
Event: 47.244 Executing VM operation: ChangeSingleStep done
Event: 47.244 Executing VM operation: GetCurrentLocation
Event: 47.244 Executing VM operation: GetCurrentLocation done
Event: 47.244 Executing VM operation: ChangeSingleStep
Event: 47.244 Executing VM operation: ChangeSingleStep done
Event: 47.244 Executing VM operation: ChangeSingleStep
Event: 47.244 Executing VM operation: ChangeSingleStep done
Event: 47.424 Executing VM operation: GetOrSetLocal
Event: 47.424 Executing VM operation: GetOrSetLocal done


Dynamic libraries:
0x0000000003f92000 	/System/Library/Frameworks/Cocoa.framework/Versions/A/Cocoa
0x0000000003f92000 	/System/Library/Frameworks/Security.framework/Versions/A/Security
0x0000000003f92000 	/System/Library/Frameworks/ApplicationServices.framework/Versions/A/ApplicationServices
0x0000000003f92000 	/usr/lib/libz.1.dylib
0x0000000003f92000 	/usr/lib/libSystem.B.dylib
0x0000000003f92000 	/usr/lib/libobjc.A.dylib
0x0000000003f92000 	/System/Library/Frameworks/CoreFoundation.framework/Versions/A/CoreFoundation
0x0000000003f92000 	/System/Library/Frameworks/AppKit.framework/Versions/C/AppKit
0x0000000003f92000 	/System/Library/Frameworks/CoreData.framework/Versions/A/CoreData
0x0000000003f92000 	/System/Library/Frameworks/Foundation.framework/Versions/C/Foundation
0x0000000003f92000 	/System/Library/PrivateFrameworks/RemoteViewServices.framework/Versions/A/RemoteViewServices
0x0000000003f92000 	/System/Library/Frameworks/AudioToolbox.framework/Versions/A/AudioToolbox
0x0000000003f92000 	/System/Library/Frameworks/AudioUnit.framework/Versions/A/AudioUnit
0x0000000003f92000 	/System/Library/PrivateFrameworks/DataDetectorsCore.framework/Versions/A/DataDetectorsCore
0x0000000003f92000 	/System/Library/PrivateFrameworks/DesktopServicesPriv.framework/Versions/A/DesktopServicesPriv
0x0000000003f92000 	/System/Library/Frameworks/Carbon.framework/Versions/A/Frameworks/HIToolbox.framework/Versions/A/HIToolbox
0x0000000003f92000 	/System/Library/Frameworks/QuartzCore.framework/Versions/A/QuartzCore
0x0000000003f92000 	/System/Library/Frameworks/Carbon.framework/Versions/A/Frameworks/SpeechRecognition.framework/Versions/A/SpeechRecognition
0x0000000003f92000 	/usr/lib/libauto.dylib
0x0000000003f92000 	/usr/lib/libicucore.A.dylib
0x0000000003f92000 	/usr/lib/libxml2.2.dylib
0x0000000003f92000 	/System/Library/PrivateFrameworks/CoreUI.framework/Versions/A/CoreUI
0x0000000003f92000 	/System/Library/Frameworks/CoreAudio.framework/Versions/A/CoreAudio
0x0000000003f92000 	/System/Library/Frameworks/DiskArbitration.framework/Versions/A/DiskArbitration
0x0000000003f92000 	/usr/lib/liblangid.dylib
0x0000000003f92000 	/System/Library/PrivateFrameworks/MultitouchSupport.framework/Versions/A/MultitouchSupport
0x0000000003f92000 	/System/Library/Frameworks/IOKit.framework/Versions/A/IOKit
0x0000000003f92000 	/usr/lib/libDiagnosticMessagesClient.dylib
0x0000000003f92000 	/System/Library/Frameworks/CoreServices.framework/Versions/A/CoreServices
0x0000000003f92000 	/System/Library/PrivateFrameworks/PerformanceAnalysis.framework/Versions/A/PerformanceAnalysis
0x0000000003f92000 	/System/Library/PrivateFrameworks/GenerationalStorage.framework/Versions/A/GenerationalStorage
0x0000000003f92000 	/System/Library/Frameworks/OpenGL.framework/Versions/A/OpenGL
0x0000000003f92000 	/System/Library/Frameworks/CoreServices.framework/Versions/A/Frameworks/CFNetwork.framework/Versions/A/CFNetwork
0x0000000003f92000 	/System/Library/Frameworks/SystemConfiguration.framework/Versions/A/SystemConfiguration
0x0000000003f92000 	/usr/lib/libCRFSuite.dylib
0x0000000003f92000 	/usr/lib/libc++.1.dylib
0x0000000003f92000 	/usr/lib/libstdc++.6.dylib
0x0000000003f92000 	/usr/lib/libc++abi.dylib
0x0000000003f92000 	/usr/lib/system/libcache.dylib
0x0000000003f92000 	/usr/lib/system/libcommonCrypto.dylib
0x0000000003f92000 	/usr/lib/system/libcompiler_rt.dylib
0x0000000003f92000 	/usr/lib/system/libcopyfile.dylib
0x0000000003f92000 	/usr/lib/system/libdispatch.dylib
0x0000000003f92000 	/usr/lib/system/libdnsinfo.dylib
0x0000000003f92000 	/usr/lib/system/libdyld.dylib
0x0000000003f92000 	/usr/lib/system/libkeymgr.dylib
0x0000000003f92000 	/usr/lib/system/liblaunch.dylib
0x0000000003f92000 	/usr/lib/system/libmacho.dylib
0x0000000003f92000 	/usr/lib/system/libmathCommon.A.dylib
0x0000000003f92000 	/usr/lib/system/libquarantine.dylib
0x0000000003f92000 	/usr/lib/system/libremovefile.dylib
0x0000000003f92000 	/usr/lib/system/libsystem_blocks.dylib
0x0000000003f92000 	/usr/lib/system/libsystem_c.dylib
0x0000000003f92000 	/usr/lib/system/libsystem_dnssd.dylib
0x0000000003f92000 	/usr/lib/system/libsystem_info.dylib
0x0000000003f92000 	/usr/lib/system/libsystem_kernel.dylib
0x0000000003f92000 	/usr/lib/system/libsystem_network.dylib
0x0000000003f92000 	/usr/lib/system/libsystem_notify.dylib
0x0000000003f92000 	/usr/lib/system/libsystem_sandbox.dylib
0x0000000003f92000 	/usr/lib/system/libunc.dylib
0x0000000003f92000 	/usr/lib/system/libunwind.dylib
0x0000000003f92000 	/usr/lib/system/libxpc.dylib
0x0000000003f92000 	/usr/lib/libbsm.0.dylib
0x0000000003f92000 	/usr/lib/libsqlite3.dylib
0x0000000003f92000 	/usr/lib/libOpenScriptingUtil.dylib
0x0000000003f92000 	/usr/lib/libpam.2.dylib
0x0000000003f92000 	/usr/lib/libxar-nossl.dylib
0x0000000003f92000 	/usr/lib/libbz2.1.0.dylib
0x0000000003f92000 	/System/Library/Frameworks/CoreServices.framework/Versions/A/Frameworks/CarbonCore.framework/Versions/A/CarbonCore
0x0000000003f92000 	/System/Library/Frameworks/CoreServices.framework/Versions/A/Frameworks/Metadata.framework/Versions/A/Metadata
0x0000000003f92000 	/System/Library/Frameworks/CoreServices.framework/Versions/A/Frameworks/OSServices.framework/Versions/A/OSServices
0x0000000003f92000 	/System/Library/Frameworks/CoreServices.framework/Versions/A/Frameworks/SearchKit.framework/Versions/A/SearchKit
0x0000000003f92000 	/System/Library/Frameworks/CoreServices.framework/Versions/A/Frameworks/AE.framework/Versions/A/AE
0x0000000003f92000 	/System/Library/Frameworks/CoreServices.framework/Versions/A/Frameworks/LaunchServices.framework/Versions/A/LaunchServices
0x0000000003f92000 	/System/Library/Frameworks/CoreServices.framework/Versions/A/Frameworks/DictionaryServices.framework/Versions/A/DictionaryServices
0x0000000003f92000 	/System/Library/Frameworks/NetFS.framework/Versions/A/NetFS
0x0000000003f92000 	/usr/lib/system/libkxld.dylib
0x0000000003f92000 	/System/Library/PrivateFrameworks/NetAuth.framework/Versions/A/NetAuth
0x0000000003f92000 	/usr/lib/libcrypto.0.9.8.dylib
0x0000000003f92000 	/System/Library/PrivateFrameworks/TrustEvaluationAgent.framework/Versions/A/TrustEvaluationAgent
0x0000000003f92000 	/System/Library/Frameworks/OpenDirectory.framework/Versions/A/Frameworks/CFOpenDirectory.framework/Versions/A/CFOpenDirectory
0x0000000003f92000 	/usr/lib/libxslt.1.dylib
0x0000000003f92000 	/System/Library/PrivateFrameworks/FamilyControls.framework/Versions/A/FamilyControls
0x0000000003f92000 	/System/Library/Frameworks/Carbon.framework/Versions/A/Frameworks/Ink.framework/Versions/A/Ink
0x0000000003f92000 	/System/Library/Frameworks/ApplicationServices.framework/Versions/A/Frameworks/CoreGraphics.framework/Versions/A/CoreGraphics
0x0000000003f92000 	/System/Library/Frameworks/ApplicationServices.framework/Versions/A/Frameworks/ImageIO.framework/Versions/A/ImageIO
0x0000000003f92000 	/System/Library/Frameworks/ApplicationServices.framework/Versions/A/Frameworks/CoreText.framework/Versions/A/CoreText
0x0000000003f92000 	/System/Library/Frameworks/ApplicationServices.framework/Versions/A/Frameworks/ATS.framework/Versions/A/ATS
0x0000000003f92000 	/System/Library/Frameworks/ApplicationServices.framework/Versions/A/Frameworks/ColorSync.framework/Versions/A/ColorSync
0x0000000003f92000 	/System/Library/Frameworks/ApplicationServices.framework/Versions/A/Frameworks/HIServices.framework/Versions/A/HIServices
0x0000000003f92000 	/System/Library/Frameworks/ApplicationServices.framework/Versions/A/Frameworks/LangAnalysis.framework/Versions/A/LangAnalysis
0x0000000003f92000 	/System/Library/Frameworks/ApplicationServices.framework/Versions/A/Frameworks/PrintCore.framework/Versions/A/PrintCore
0x0000000003f92000 	/System/Library/Frameworks/ApplicationServices.framework/Versions/A/Frameworks/QD.framework/Versions/A/QD
0x0000000003f92000 	/System/Library/Frameworks/ApplicationServices.framework/Versions/A/Frameworks/SpeechSynthesis.framework/Versions/A/SpeechSynthesis
0x0000000003f92000 	/System/Library/Frameworks/IOSurface.framework/Versions/A/IOSurface
0x0000000003f92000 	/System/Library/Frameworks/Accelerate.framework/Versions/A/Accelerate
0x0000000003f92000 	/System/Library/Frameworks/ApplicationServices.framework/Versions/A/Frameworks/ImageIO.framework/Versions/A/Resources/libJPEG.dylib
0x0000000003f92000 	/System/Library/Frameworks/ApplicationServices.framework/Versions/A/Frameworks/ImageIO.framework/Versions/A/Resources/libTIFF.dylib
0x0000000003f92000 	/System/Library/Frameworks/ApplicationServices.framework/Versions/A/Frameworks/ImageIO.framework/Versions/A/Resources/libPng.dylib
0x0000000003f92000 	/System/Library/Frameworks/ApplicationServices.framework/Versions/A/Frameworks/ImageIO.framework/Versions/A/Resources/libGIF.dylib
0x0000000003f92000 	/System/Library/Frameworks/ApplicationServices.framework/Versions/A/Frameworks/ImageIO.framework/Versions/A/Resources/libJP2.dylib
0x0000000003f92000 	/System/Library/Frameworks/ApplicationServices.framework/Versions/A/Frameworks/ImageIO.framework/Versions/A/Resources/libRadiance.dylib
0x0000000003f92000 	/System/Library/Frameworks/Accelerate.framework/Versions/A/Frameworks/vImage.framework/Versions/A/vImage
0x0000000003f92000 	/System/Library/Frameworks/Accelerate.framework/Versions/A/Frameworks/vecLib.framework/Versions/A/vecLib
0x0000000003f92000 	/System/Library/Frameworks/Accelerate.framework/Versions/A/Frameworks/vecLib.framework/Versions/A/libvDSP.dylib
0x0000000003f92000 	/System/Library/Frameworks/Accelerate.framework/Versions/A/Frameworks/vecLib.framework/Versions/A/libvMisc.dylib
0x0000000003f92000 	/System/Library/Frameworks/Accelerate.framework/Versions/A/Frameworks/vecLib.framework/Versions/A/libLAPACK.dylib
0x0000000003f92000 	/System/Library/Frameworks/Accelerate.framework/Versions/A/Frameworks/vecLib.framework/Versions/A/libBLAS.dylib
0x0000000003f92000 	/System/Library/Frameworks/ApplicationServices.framework/Versions/A/Frameworks/ATS.framework/Versions/A/Resources/libFontParser.dylib
0x0000000003f92000 	/System/Library/Frameworks/ApplicationServices.framework/Versions/A/Frameworks/ATS.framework/Versions/A/Resources/libFontRegistry.dylib
0x0000000003f92000 	/usr/lib/libcups.2.dylib
0x0000000003f92000 	/System/Library/Frameworks/Kerberos.framework/Versions/A/Kerberos
0x0000000003f92000 	/System/Library/Frameworks/GSS.framework/Versions/A/GSS
0x0000000003f92000 	/usr/lib/libresolv.9.dylib
0x0000000003f92000 	/usr/lib/libiconv.2.dylib
0x0000000003f92000 	/System/Library/PrivateFrameworks/Heimdal.framework/Versions/A/Heimdal
0x0000000003f92000 	/System/Library/Frameworks/OpenDirectory.framework/Versions/A/OpenDirectory
0x0000000003f92000 	/System/Library/PrivateFrameworks/CommonAuth.framework/Versions/A/CommonAuth
0x0000000003f92000 	/System/Library/Frameworks/CoreVideo.framework/Versions/A/CoreVideo
0x0000000003f92000 	/System/Library/Frameworks/QuartzCore.framework/Versions/A/Frameworks/CoreImage.framework/Versions/A/CoreImage
0x0000000003f92000 	/System/Library/Frameworks/QuartzCore.framework/Versions/A/Frameworks/ScalableUserInterface.framework/Versions/A/ScalableUserInterface
0x0000000003f92000 	/System/Library/Frameworks/OpenGL.framework/Versions/A/Libraries/libGLU.dylib
0x0000000003f92000 	/System/Library/Frameworks/OpenGL.framework/Versions/A/Libraries/libGFXShared.dylib
0x0000000003f92000 	/System/Library/Frameworks/OpenGL.framework/Versions/A/Libraries/libGL.dylib
0x0000000003f92000 	/System/Library/Frameworks/OpenGL.framework/Versions/A/Libraries/libGLImage.dylib
0x0000000003f92000 	/System/Library/Frameworks/OpenGL.framework/Versions/A/Libraries/libCVMSPluginSupport.dylib
0x0000000003f92000 	/System/Library/Frameworks/OpenGL.framework/Versions/A/Libraries/libCoreVMClient.dylib
0x0000000003f92000 	/System/Library/Frameworks/OpenCL.framework/Versions/A/OpenCL
0x0000000003f92000 	/System/Library/PrivateFrameworks/FaceCoreLight.framework/Versions/A/FaceCoreLight
0x0000000003f92000 	/System/Library/Frameworks/vecLib.framework/Versions/A/vecLib
0x0000000003f92000 	/System/Library/Frameworks/SecurityFoundation.framework/Versions/A/SecurityFoundation
0x0000000003f92000 	/System/Library/PrivateFrameworks/CommerceKit.framework/Versions/A/Frameworks/CommerceCore.framework/Versions/A/CommerceCore
0x0000000003f92000 	/System/Library/PrivateFrameworks/CoreSymbolication.framework/Versions/A/CoreSymbolication
0x0000000003f92000 	/System/Library/PrivateFrameworks/Symbolication.framework/Versions/A/Symbolication
0x0000000003f92000 	/System/Library/PrivateFrameworks/DebugSymbols.framework/Versions/A/DebugSymbols
0x0000000107800000 	/Library/Java/JavaVirtualMachines/jdk1.7.0_09.jdk/Contents/Home/jre/lib/server/libjvm.dylib
0x00000001076e8000 	/Library/Java/JavaVirtualMachines/jdk1.7.0_09.jdk/Contents/Home/jre/lib/libverify.dylib
0x00000001083aa000 	/Library/Java/JavaVirtualMachines/jdk1.7.0_09.jdk/Contents/Home/jre/lib/libjava.dylib
0x00000001083da000 	/Library/Java/JavaVirtualMachines/jdk1.7.0_09.jdk/Contents/Home/jre/lib/libjdwp.dylib
0x00000001076f6000 	/Library/Java/JavaVirtualMachines/jdk1.7.0_09.jdk/Contents/Home/jre/lib/./libnpt.dylib
0x000000010841f000 	/Library/Java/JavaVirtualMachines/jdk1.7.0_09.jdk/Contents/Home/jre/lib/libzip.dylib
0x00000001153a6000 	/System/Library/Frameworks/JavaVM.framework/Frameworks/JavaRuntimeSupport.framework/JavaRuntimeSupport
0x00000001153be000 	/System/Library/Frameworks/JavaVM.framework/Versions/A/Frameworks/JavaNativeFoundation.framework/Versions/A/JavaNativeFoundation
0x00000001153d3000 	/System/Library/Frameworks/JavaVM.framework/Versions/A/JavaVM
0x0000000003f92000 	/System/Library/Frameworks/Carbon.framework/Versions/A/Carbon
0x00000001153e0000 	/System/Library/PrivateFrameworks/JavaLaunching.framework/Versions/A/JavaLaunching
0x0000000003f92000 	/System/Library/Frameworks/Carbon.framework/Versions/A/Frameworks/CommonPanels.framework/Versions/A/CommonPanels
0x0000000003f92000 	/System/Library/Frameworks/Carbon.framework/Versions/A/Frameworks/Help.framework/Versions/A/Help
0x0000000003f92000 	/System/Library/Frameworks/Carbon.framework/Versions/A/Frameworks/ImageCapture.framework/Versions/A/ImageCapture
0x0000000003f92000 	/System/Library/Frameworks/Carbon.framework/Versions/A/Frameworks/OpenScripting.framework/Versions/A/OpenScripting
0x0000000003f92000 	/System/Library/Frameworks/Carbon.framework/Versions/A/Frameworks/Print.framework/Versions/A/Print
0x0000000003f92000 	/System/Library/Frameworks/Carbon.framework/Versions/A/Frameworks/SecurityHI.framework/Versions/A/SecurityHI
0x00000001156ae000 	/Library/Java/JavaVirtualMachines/jdk1.7.0_09.jdk/Contents/Home/jre/lib/libdt_socket.dylib
0x0000000115fe4000 	/Library/Java/JavaVirtualMachines/jdk1.7.0_09.jdk/Contents/Home/jre/lib/libnet.dylib
0x00000001161ef000 	/Library/Java/JavaVirtualMachines/jdk1.7.0_09.jdk/Contents/Home/jre/lib/libnio.dylib
0x0000000115571000 	/private/var/folders/k1/st6f9t8j0j92bkq6_8_0g_q40000gp/T/alloy4tmp40-marcelofrias/binary/libminisat220.jnilib

VM Arguments:
jvm_args: -agentlib:jdwp=transport=dt_socket,suspend=y,address=localhost:59638 -Xms1g -Xmx3g -Dfile.encoding=US-ASCII 
java_command: org.eclipse.jdt.internal.junit.runner.RemoteTestRunner -version 3 -port 59637 -testLoaderClass org.eclipse.jdt.internal.junit4.runner.JUnit4TestLoader -loaderpluginname org.eclipse.jdt.junit4.runtime -test ar.edu.taco.regresion.stryker.StrykerArrayListTest:test_containsTest
Launcher Type: SUN_STANDARD

Environment Variables:
PATH=/usr/bin:/bin:/usr/sbin:/sbin
SHELL=/bin/bash
DISPLAY=/tmp/launch-Xdu659/org.x:0

Signal Handlers:
SIGSEGV: [libjvm.dylib+0x4a3a1d], sa_mask[0]=0xfffefeff, sa_flags=0x00000042
SIGBUS: [libjvm.dylib+0x4a3a1d], sa_mask[0]=0xfffefeff, sa_flags=0x00000042
SIGFPE: [libjvm.dylib+0x3b3431], sa_mask[0]=0xfffefeff, sa_flags=0x00000042
SIGPIPE: [libjvm.dylib+0x3b3431], sa_mask[0]=0xfffefeff, sa_flags=0x00000042
SIGXFSZ: [libjvm.dylib+0x3b3431], sa_mask[0]=0xfffefeff, sa_flags=0x00000042
SIGILL: [libjvm.dylib+0x3b3431], sa_mask[0]=0xfffefeff, sa_flags=0x00000042
SIGUSR1: SIG_DFL, sa_mask[0]=0x00000000, sa_flags=0x00000002
SIGUSR2: [libjvm.dylib+0x3b2fca], sa_mask[0]=0x00000004, sa_flags=0x00000042
SIGHUP: [libjvm.dylib+0x3b122b], sa_mask[0]=0xfffefeff, sa_flags=0x00000042
SIGINT: [libjvm.dylib+0x3b122b], sa_mask[0]=0xfffefeff, sa_flags=0x00000042
SIGTERM: [libjvm.dylib+0x3b122b], sa_mask[0]=0xfffefeff, sa_flags=0x00000042
SIGQUIT: [libjvm.dylib+0x3b122b], sa_mask[0]=0xfffefeff, sa_flags=0x00000042


---------------  S Y S T E M  ---------------

OS:Bsduname:Darwin 11.4.2 Darwin Kernel Version 11.4.2: Thu Aug 23 16:25:48 PDT 2012; root:xnu-1699.32.7~1/RELEASE_X86_64 x86_64
rlimit: STACK 8192k, CORE 0k, NPROC 709, NOFILE 10240, AS infinity
load average:1.07 0.96 0.81

CPU:total 4 (2 cores per cpu, 2 threads per core) family 6 model 42 stepping 7, cmov, cx8, fxsr, mmx, sse, sse2, sse3, ssse3, sse4.1, sse4.2, popcnt, avx, ht, tsc, tscinvbit

Memory: 4k page, physical 5360256k(1340064k free)

/proc/meminfo:


vm_info: Java HotSpot(TM) 64-Bit Server VM (23.5-b02) for bsd-amd64 JRE (1.7.0_09-b05), built on Sep 24 2012 21:39:08 by "java_re" with gcc 4.2.1 (Based on Apple Inc. build 5658) (LLVM build 2336.9.00)

time: Mon Dec  3 15:37:39 2012
elapsed time: 47 seconds

