#
# A fatal error has been detected by the Java Runtime Environment:
#
#  Internal Error (constantPoolOop.cpp:91), pid=656, tid=23043
#  guarantee(error != (Symbol*)NULL) failed: tag mismatch with resolution error table
#
# JRE version: 7.0_09-b05
# Java VM: Java HotSpot(TM) 64-Bit Server VM (23.5-b02 mixed mode bsd-amd64 compressed oops)
# Failed to write core dump. Core dumps have been disabled. To enable core dumping, try "ulimit -c unlimited" before starting Java again
#
# If you would like to submit a bug report, please visit:
#   http://bugreport.sun.com/bugreport/crash.jsp
#

---------------  T H R E A D  ---------------

Current thread (0x00007fb8dc9f6800):  JavaThread "Compiler Processing Task" daemon [_thread_in_vm, id=23043, stack(0x000000011def5000,0x000000011dff5000)]

Stack: [0x000000011def5000,0x000000011dff5000],  sp=0x000000011dff3be0,  free space=1018k
Native frames: (J=compiled Java code, j=interpreted, Vv=VM code, C=native code)
V  [libjvm.dylib+0x4a34f7]
V  [libjvm.dylib+0x1b229f]
V  [libjvm.dylib+0x1aecf1]
V  [libjvm.dylib+0x331fe2]
V  [libjvm.dylib+0x33204a]
V  [libjvm.dylib+0x3341ce]
V  [libjvm.dylib+0x284287]
j  org.eclipse.jdt.internal.compiler.parser.JmlParserHelper.Assert_isTrue(Z)V+1
j  org.eclipse.jdt.internal.compiler.parser.JmlParserHelper.nullityStackIsEmpty()Z+42
j  org.eclipse.jdt.internal.compiler.parser.Parser.consumeEnterVariable()V+267
j  org.eclipse.jdt.internal.compiler.parser.JmlParserHelper.consumeRule(I)V+4387
j  org.eclipse.jdt.internal.compiler.parser.Parser.consumeRule(I)V+5
j  org.eclipse.jdt.internal.compiler.parser.Parser.parse()V+454
j  org.jmlspecs.jml4.rac.RacParser.parseAndmergeRacCode(Lorg/eclipse/jdt/internal/compiler/ast/CompilationUnitDeclaration;Lorg/jmlspecs/jml4/rac/RacPrettyPrinter;)V+52
j  org.jmlspecs.jml4.rac.RacParser.generateRacCode(Lorg/eclipse/jdt/internal/compiler/ast/CompilationUnitDeclaration;)V+100
j  org.jmlspecs.jml4.rac.RacCompiler.generateRacCode(Lorg/eclipse/jdt/internal/compiler/ast/CompilationUnitDeclaration;Ljava/util/Map;I)V+43
j  org.jmlspecs.jml4.rac.RacCompiler.process(Lorg/eclipse/jdt/internal/compiler/ast/CompilationUnitDeclaration;I)V+139
j  org.eclipse.jdt.internal.compiler.ProcessTaskManager.run()V+182
j  java.lang.Thread.run()V+11
v  ~StubRoutines::call_stub
V  [libjvm.dylib+0x28893f]
V  [libjvm.dylib+0x288e1c]
V  [libjvm.dylib+0x288f56]
V  [libjvm.dylib+0x2bf8d0]
V  [libjvm.dylib+0x478694]
V  [libjvm.dylib+0x479b7a]
V  [libjvm.dylib+0x3b5595]
C  [libsystem_c.dylib+0x4e8bf]  _pthread_start+0x14f
C  [libsystem_c.dylib+0x51b75]  thread_start+0xd

Java frames: (J=compiled Java code, j=interpreted, Vv=VM code)
j  org.eclipse.jdt.internal.compiler.parser.JmlParserHelper.Assert_isTrue(Z)V+1
j  org.eclipse.jdt.internal.compiler.parser.JmlParserHelper.nullityStackIsEmpty()Z+42
j  org.eclipse.jdt.internal.compiler.parser.Parser.consumeEnterVariable()V+267
j  org.eclipse.jdt.internal.compiler.parser.JmlParserHelper.consumeRule(I)V+4387
j  org.eclipse.jdt.internal.compiler.parser.Parser.consumeRule(I)V+5
j  org.eclipse.jdt.internal.compiler.parser.Parser.parse()V+454
j  org.jmlspecs.jml4.rac.RacParser.parseAndmergeRacCode(Lorg/eclipse/jdt/internal/compiler/ast/CompilationUnitDeclaration;Lorg/jmlspecs/jml4/rac/RacPrettyPrinter;)V+52
j  org.jmlspecs.jml4.rac.RacParser.generateRacCode(Lorg/eclipse/jdt/internal/compiler/ast/CompilationUnitDeclaration;)V+100
j  org.jmlspecs.jml4.rac.RacCompiler.generateRacCode(Lorg/eclipse/jdt/internal/compiler/ast/CompilationUnitDeclaration;Ljava/util/Map;I)V+43
j  org.jmlspecs.jml4.rac.RacCompiler.process(Lorg/eclipse/jdt/internal/compiler/ast/CompilationUnitDeclaration;I)V+139
j  org.eclipse.jdt.internal.compiler.ProcessTaskManager.run()V+182
j  java.lang.Thread.run()V+11
v  ~StubRoutines::call_stub

---------------  P R O C E S S  ---------------

Java Threads: ( => current thread )
  0x00007fb8dc2f2800 JavaThread "RMI TCP Connection(idle)" daemon [_thread_blocked, id=14855, stack(0x000000011dc58000,0x000000011dd58000)]
  0x00007fb8dc176000 JavaThread "RMI TCP Connection(idle)" daemon [_thread_blocked, id=25351, stack(0x000000011d8d7000,0x000000011d9d7000)]
  0x00007fb8dd8ec800 JavaThread "*** Profiler Agent Special Execution Thread 3" daemon [_thread_blocked, id=14603, stack(0x000000011d7d4000,0x000000011d8d4000)]
  0x00007fb8dbbf6000 JavaThread "*** Profiler Agent Special Execution Thread 6" daemon [_thread_blocked, id=24323, stack(0x000000011d64f000,0x000000011d74f000)]
  0x00007fb8dbda8800 JavaThread "*** JFluid Monitor thread ***" daemon [_thread_blocked, id=24067, stack(0x000000011d54c000,0x000000011d64c000)]
  0x00007fb8db91f800 JavaThread "*** Profiler Agent Communication Thread" daemon [_thread_blocked, id=23811, stack(0x000000011c0d5000,0x000000011c1d5000)]
=>0x00007fb8dc9f6800 JavaThread "Compiler Processing Task" daemon [_thread_in_vm, id=23043, stack(0x000000011def5000,0x000000011dff5000)]
  0x00007fb8db908000 JavaThread "RMI TCP Connection(2)-192.168.0.102" daemon [_thread_blocked, id=22787, stack(0x000000011ccfd000,0x000000011cdfd000)]
  0x00007fb8dc90b800 JavaThread "pool-5-thread-1" [_thread_blocked, id=22019, stack(0x000000011cb5a000,0x000000011cc5a000)]
  0x00007fb8dc8f5000 JavaThread "pool-4-thread-1" [_thread_blocked, id=21763, stack(0x000000011ca57000,0x000000011cb57000)]
  0x00007fb8dc8f4800 JavaThread "pool-3-thread-1" [_thread_blocked, id=21507, stack(0x000000011c816000,0x000000011c916000)]
  0x00007fb8dc4a3000 JavaThread "JMX server connection timeout 15" daemon [_thread_blocked, id=21251, stack(0x000000011c6ac000,0x000000011c7ac000)]
  0x00007fb8db59b800 JavaThread "RMI Scheduler(0)" daemon [_thread_blocked, id=20995, stack(0x000000011c4d5000,0x000000011c5d5000)]
  0x00007fb8da71b000 JavaThread "RMI TCP Connection(1)-192.168.0.102" daemon [_thread_in_native, id=20483, stack(0x000000011c222000,0x000000011c322000)]
  0x00007fb8dbbee800 JavaThread "RMI TCP Accept-0" daemon [_thread_in_native, id=19971, stack(0x000000011bd9d000,0x000000011be9d000)]
  0x00007fb8db138800 JavaThread "Attach Listener" daemon [_thread_blocked, id=16647, stack(0x000000011bf7b000,0x000000011c07b000)]
  0x00007fb8d898a800 JavaThread "process reaper" daemon [_thread_blocked, id=19715, stack(0x000000011bd4b000,0x000000011bd73000)]
  0x00007fb8d90ca800 JavaThread "ReaderThread" [_thread_in_native, id=19203, stack(0x000000011bbc6000,0x000000011bcc6000)]
  0x00007fb8d88b1000 JavaThread "Service Thread" daemon [_thread_blocked, id=18691, stack(0x000000011b748000,0x000000011b848000)]
  0x00007fb8d889e800 JavaThread "C2 CompilerThread1" daemon [_thread_blocked, id=18435, stack(0x000000011b645000,0x000000011b745000)]
  0x00007fb8d88af800 JavaThread "C2 CompilerThread0" daemon [_thread_blocked, id=18179, stack(0x000000011b542000,0x000000011b642000)]
  0x00007fb8d88ae800 JavaThread "Signal Dispatcher" daemon [_thread_blocked, id=17923, stack(0x000000011b43f000,0x000000011b53f000)]
  0x00007fb8d888c800 JavaThread "Finalizer" daemon [_thread_blocked, id=14083, stack(0x000000011b137000,0x000000011b237000)]
  0x00007fb8d888c000 JavaThread "Reference Handler" daemon [_thread_blocked, id=13827, stack(0x000000011b034000,0x000000011b134000)]
  0x00007fb8d8839800 JavaThread "main" [_thread_blocked, id=7171, stack(0x000000010e1a8000,0x000000010e2a8000)]

Other Threads:
  0x00007fb8d8889800 VMThread [stack: 0x000000011af31000,0x000000011b031000] [id=13571]
  0x00007fb8d88c1800 WatcherThread [stack: 0x000000011b84b000,0x000000011b94b000] [id=18947]

VM state:synchronizing (normal execution)

VM Mutex/Monitor currently owned by a thread:  ([mutex/lock_event])
[0x000000010d61b4e0] Threads_lock - owner thread: 0x00007fb8d8889800

Heap
 PSYoungGen      total 917504K, used 255723K [0x00000007c0000000, 0x0000000800000000, 0x0000000800000000)
  eden space 786432K, 17% used [0x00000007c0000000,0x00000007c8403240,0x00000007f0000000)
  from space 131072K, 91% used [0x00000007f8000000,0x00000007ff5b79e0,0x0000000800000000)
  to   space 131072K, 0% used [0x00000007f0000000,0x00000007f0000000,0x00000007f8000000)
 ParOldGen       total 2097152K, used 191K [0x0000000740000000, 0x00000007c0000000, 0x00000007c0000000)
  object space 2097152K, 0% used [0x0000000740000000,0x000000074002ff00,0x00000007c0000000)
 PSPermGen       total 80192K, used 80048K [0x000000073ae00000, 0x000000073fc50000, 0x0000000740000000)
  object space 80192K, 99% used [0x000000073ae00000,0x000000073fc2c080,0x000000073fc50000)

Card table byte_map: [0x000000011137b000,0x00000001119a5000] byte_map_base: 0x000000010d9a4000

Polling page: 0x000000010d5fa000

Code Cache  [0x000000010e2bb000, 0x000000010e81b000, 0x00000001112bb000)
 total_blobs=704 nmethods=296 adapters=359 free_code_cache=48102Kb largest_free_block=44719296

Compilation events (10 events):
Event: 51.642 Thread 0x00007fb8d889e800 2241             java.lang.String::lastIndexOf (151 bytes)
Event: 51.649 Thread 0x00007fb8d889e800 nmethod 2241 0x000000010e788490 code [0x000000010e7885e0, 0x000000010e788878]
Event: 51.649 Thread 0x00007fb8d889e800 2242             com.sun.tools.javac.code.Symbol$TypeSymbol::formFlatName (84 bytes)
Event: 51.663 Thread 0x00007fb8d88af800 nmethod 2239 0x000000010e802810 code [0x000000010e802aa0, 0x000000010e803d08]
Event: 51.663 Thread 0x00007fb8d88af800 2243             java.lang.String::startsWith (72 bytes)
Event: 51.666 Thread 0x00007fb8d88af800 nmethod 2243 0x000000010e4f9d50 code [0x000000010e4f9ea0, 0x000000010e4fa058]
Event: 51.666 Thread 0x00007fb8d88af800 2244             java.lang.StringBuilder::append (8 bytes)
Event: 51.670 Thread 0x00007fb8d889e800 nmethod 2242 0x000000010e6ff290 code [0x000000010e6ff420, 0x000000010e6ff928]
Event: 51.670 Thread 0x00007fb8d889e800 2246             java.util.HashMap$Entry::<init> (26 bytes)
Event: 51.673 Thread 0x00007fb8d889e800 nmethod 2246 0x000000010e709710 code [0x000000010e709840, 0x000000010e7098d8]

GC Heap History (4 events):
Event: 22.020 GC heap before
{Heap before GC invocations=1 (full 0):
 PSYoungGen      total 917504K, used 786432K [0x00000007c0000000, 0x0000000800000000, 0x0000000800000000)
  eden space 786432K, 100% used [0x00000007c0000000,0x00000007f0000000,0x00000007f0000000)
  from space 131072K, 0% used [0x00000007f8000000,0x00000007f8000000,0x0000000800000000)
  to   space 131072K, 0% used [0x00000007f0000000,0x00000007f0000000,0x00000007f8000000)
 ParOldGen       total 2097152K, used 0K [0x0000000740000000, 0x00000007c0000000, 0x00000007c0000000)
  object space 2097152K, 0% used [0x0000000740000000,0x0000000740000000,0x00000007c0000000)
 PSPermGen       total 28160K, used 28077K [0x000000073ae00000, 0x000000073c980000, 0x0000000740000000)
  object space 28160K, 99% used [0x000000073ae00000,0x000000073c96b6a8,0x000000073c980000)
Event: 22.064 GC heap after
Heap after GC invocations=1 (full 0):
 PSYoungGen      total 917504K, used 28780K [0x00000007c0000000, 0x0000000800000000, 0x0000000800000000)
  eden space 786432K, 0% used [0x00000007c0000000,0x00000007c0000000,0x00000007f0000000)
  from space 131072K, 21% used [0x00000007f0000000,0x00000007f1c1b310,0x00000007f8000000)
  to   space 131072K, 0% used [0x00000007f8000000,0x00000007f8000000,0x0000000800000000)
 ParOldGen       total 2097152K, used 183K [0x0000000740000000, 0x00000007c0000000, 0x00000007c0000000)
  object space 2097152K, 0% used [0x0000000740000000,0x000000074002df00,0x00000007c0000000)
 PSPermGen       total 28160K, used 28077K [0x000000073ae00000, 0x000000073c980000, 0x0000000740000000)
  object space 28160K, 99% used [0x000000073ae00000,0x000000073c96b6a8,0x000000073c980000)
}
Event: 34.929 GC heap before
{Heap before GC invocations=2 (full 0):
 PSYoungGen      total 917504K, used 815212K [0x00000007c0000000, 0x0000000800000000, 0x0000000800000000)
  eden space 786432K, 100% used [0x00000007c0000000,0x00000007f0000000,0x00000007f0000000)
  from space 131072K, 21% used [0x00000007f0000000,0x00000007f1c1b310,0x00000007f8000000)
  to   space 131072K, 0% used [0x00000007f8000000,0x00000007f8000000,0x0000000800000000)
 ParOldGen       total 2097152K, used 183K [0x0000000740000000, 0x00000007c0000000, 0x00000007c0000000)
  object space 2097152K, 0% used [0x0000000740000000,0x000000074002df00,0x00000007c0000000)
 PSPermGen       total 39488K, used 39313K [0x000000073ae00000, 0x000000073d490000, 0x0000000740000000)
  object space 39488K, 99% used [0x000000073ae00000,0x000000073d464558,0x000000073d490000)
Event: 35.221 GC heap after
Heap after GC invocations=2 (full 0):
 PSYoungGen      total 917504K, used 120542K [0x00000007c0000000, 0x0000000800000000, 0x0000000800000000)
  eden space 786432K, 0% used [0x00000007c0000000,0x00000007c0000000,0x00000007f0000000)
  from space 131072K, 91% used [0x00000007f8000000,0x00000007ff5b79e0,0x0000000800000000)
  to   space 131072K, 0% used [0x00000007f0000000,0x00000007f0000000,0x00000007f8000000)
 ParOldGen       total 2097152K, used 191K [0x0000000740000000, 0x00000007c0000000, 0x00000007c0000000)
  object space 2097152K, 0% used [0x0000000740000000,0x000000074002ff00,0x00000007c0000000)
 PSPermGen       total 39488K, used 39313K [0x000000073ae00000, 0x000000073d490000, 0x0000000740000000)
  object space 39488K, 99% used [0x000000073ae00000,0x000000073d464558,0x000000073d490000)
}

Deoptimization events (10 events):
Event: 36.742 Thread 0x00007fb8db908000 Uncommon trap -58 fr.pc 0x000000010e70b78c
Event: 45.725 Thread 0x00007fb8dc8f4800 Uncommon trap -83 fr.pc 0x000000010e728f3c
Event: 46.367 Thread 0x00007fb8dc8f4800 Uncommon trap -83 fr.pc 0x000000010e778760
Event: 46.370 Thread 0x00007fb8dc8f4800 Uncommon trap -83 fr.pc 0x000000010e709894
Event: 46.948 Thread 0x00007fb8dc8f4800 Uncommon trap -83 fr.pc 0x000000010e6058f8
Event: 48.220 Thread 0x00007fb8dc8f4800 Uncommon trap -12 fr.pc 0x000000010e44c1a4
Event: 48.224 Thread 0x00007fb8dc8f4800 Uncommon trap -83 fr.pc 0x000000010e7fc740
Event: 51.063 Thread 0x00007fb8dc8f4800 Uncommon trap -12 fr.pc 0x000000010e328520
Event: 51.634 Thread 0x00007fb8db8e5000 Uncommon trap -83 fr.pc 0x000000010e7e6ac8
Event: 51.635 Thread 0x00007fb8dc8f4800 Uncommon trap 27 fr.pc 0x000000010e6e4fdc

Internal exceptions (10 events):
Event: 48.241 Thread 0x00007fb8dc8f4800 Threw 0x00000007c65843b8 at /HUDSON/workspace/jdk7u9-2-build-macosx-amd64-product/jdk7u9/hotspot/src/share/vm/prims/jni.cpp:716
Event: 48.342 Thread 0x00007fb8dc8f4800 Threw 0x00000007c6829a70 at /HUDSON/workspace/jdk7u9-2-build-macosx-amd64-product/jdk7u9/hotspot/src/share/vm/prims/jni.cpp:716
Event: 48.342 Thread 0x00007fb8dc8f4800 Threw 0x00000007c682a620 at /HUDSON/workspace/jdk7u9-2-build-macosx-amd64-product/jdk7u9/hotspot/src/share/vm/prims/jni.cpp:716
Event: 49.019 Thread 0x00007fb8dc8f4800 Threw 0x00000007c6f6ca78 at /HUDSON/workspace/jdk7u9-2-build-macosx-amd64-product/jdk7u9/hotspot/src/share/vm/prims/jni.cpp:716
Event: 49.019 Thread 0x00007fb8dc8f4800 Threw 0x00000007c6f6d628 at /HUDSON/workspace/jdk7u9-2-build-macosx-amd64-product/jdk7u9/hotspot/src/share/vm/prims/jni.cpp:716
Event: 50.368 Thread 0x00007fb8dc8f4800 Threw 0x00000007c7216a20 at /HUDSON/workspace/jdk7u9-2-build-macosx-amd64-product/jdk7u9/hotspot/src/share/vm/prims/jni.cpp:716
Event: 50.369 Thread 0x00007fb8dc8f4800 Threw 0x00000007c72175d0 at /HUDSON/workspace/jdk7u9-2-build-macosx-amd64-product/jdk7u9/hotspot/src/share/vm/prims/jni.cpp:716
Event: 51.063 Thread 0x00007fb8dc8f4800 Implicit null exception at 0x000000010e328318 to 0x000000010e328511
Event: 51.067 Thread 0x00007fb8dc8f4800 Threw 0x00000007c74c0a18 at /HUDSON/workspace/jdk7u9-2-build-macosx-amd64-product/jdk7u9/hotspot/src/share/vm/prims/jni.cpp:716
Event: 51.067 Thread 0x00007fb8dc8f4800 Threw 0x00000007c74c15c8 at /HUDSON/workspace/jdk7u9-2-build-macosx-amd64-product/jdk7u9/hotspot/src/share/vm/prims/jni.cpp:716

Events (10 events):
Event: 51.673 Thread 0x00007fb8d889e800 flushing nmethod 0x000000010e76b190
Event: 51.673 Thread 0x00007fb8d889e800 flushing nmethod 0x000000010e770450
Event: 51.673 Thread 0x00007fb8d889e800 flushing nmethod 0x000000010e774710
Event: 51.673 Thread 0x00007fb8d889e800 flushing nmethod 0x000000010e775b10
Event: 51.673 Thread 0x00007fb8d889e800 flushing nmethod 0x000000010e777490
Event: 51.673 Thread 0x00007fb8db908000 DEOPT PACKING pc=0x000000010e7008d8 sp=0x000000011cdfbe70
Event: 51.673 Thread 0x00007fb8db908000 DEOPT UNPACKING pc=0x000000010e2f3f0f sp=0x000000011cdfbb50 mode 0
Event: 51.681 Thread 0x00007fb8dc176000 Thread added: 0x00007fb8dc176000
Event: 51.681 Executing VM operation: RevokeBias
Event: 51.686 Thread 0x00007fb8dc2f2800 Thread added: 0x00007fb8dc2f2800


Dynamic libraries:
0x0000000003f92000 	/System/Library/Frameworks/Cocoa.framework/Versions/A/Cocoa
0x0000000003f92000 	/System/Library/Frameworks/Security.framework/Versions/A/Security
0x0000000003f92000 	/System/Library/Frameworks/ApplicationServices.framework/Versions/A/ApplicationServices
0x0000000003f92000 	/usr/lib/libz.1.dylib
0x0000000003f92000 	/usr/lib/libSystem.B.dylib
0x0000000003f92000 	/usr/lib/libobjc.A.dylib
0x0000000003f92000 	/System/Library/Frameworks/CoreFoundation.framework/Versions/A/CoreFoundation
0x0000000003f92000 	/System/Library/Frameworks/AppKit.framework/Versions/C/AppKit
0x0000000003f92000 	/System/Library/Frameworks/CoreData.framework/Versions/A/CoreData
0x0000000003f92000 	/System/Library/Frameworks/Foundation.framework/Versions/C/Foundation
0x0000000003f92000 	/System/Library/PrivateFrameworks/RemoteViewServices.framework/Versions/A/RemoteViewServices
0x0000000003f92000 	/System/Library/Frameworks/AudioToolbox.framework/Versions/A/AudioToolbox
0x0000000003f92000 	/System/Library/Frameworks/AudioUnit.framework/Versions/A/AudioUnit
0x0000000003f92000 	/System/Library/PrivateFrameworks/DataDetectorsCore.framework/Versions/A/DataDetectorsCore
0x0000000003f92000 	/System/Library/PrivateFrameworks/DesktopServicesPriv.framework/Versions/A/DesktopServicesPriv
0x0000000003f92000 	/System/Library/Frameworks/Carbon.framework/Versions/A/Frameworks/HIToolbox.framework/Versions/A/HIToolbox
0x0000000003f92000 	/System/Library/Frameworks/QuartzCore.framework/Versions/A/QuartzCore
0x0000000003f92000 	/System/Library/Frameworks/Carbon.framework/Versions/A/Frameworks/SpeechRecognition.framework/Versions/A/SpeechRecognition
0x0000000003f92000 	/usr/lib/libauto.dylib
0x0000000003f92000 	/usr/lib/libicucore.A.dylib
0x0000000003f92000 	/usr/lib/libxml2.2.dylib
0x0000000003f92000 	/System/Library/PrivateFrameworks/CoreUI.framework/Versions/A/CoreUI
0x0000000003f92000 	/System/Library/Frameworks/CoreAudio.framework/Versions/A/CoreAudio
0x0000000003f92000 	/System/Library/Frameworks/DiskArbitration.framework/Versions/A/DiskArbitration
0x0000000003f92000 	/usr/lib/liblangid.dylib
0x0000000003f92000 	/System/Library/PrivateFrameworks/MultitouchSupport.framework/Versions/A/MultitouchSupport
0x0000000003f92000 	/System/Library/Frameworks/IOKit.framework/Versions/A/IOKit
0x0000000003f92000 	/usr/lib/libDiagnosticMessagesClient.dylib
0x0000000003f92000 	/System/Library/Frameworks/CoreServices.framework/Versions/A/CoreServices
0x0000000003f92000 	/System/Library/PrivateFrameworks/PerformanceAnalysis.framework/Versions/A/PerformanceAnalysis
0x0000000003f92000 	/System/Library/PrivateFrameworks/GenerationalStorage.framework/Versions/A/GenerationalStorage
0x0000000003f92000 	/System/Library/Frameworks/OpenGL.framework/Versions/A/OpenGL
0x0000000003f92000 	/System/Library/Frameworks/CoreServices.framework/Versions/A/Frameworks/CFNetwork.framework/Versions/A/CFNetwork
0x0000000003f92000 	/System/Library/Frameworks/SystemConfiguration.framework/Versions/A/SystemConfiguration
0x0000000003f92000 	/usr/lib/libCRFSuite.dylib
0x0000000003f92000 	/usr/lib/libc++.1.dylib
0x0000000003f92000 	/usr/lib/libstdc++.6.dylib
0x0000000003f92000 	/usr/lib/libc++abi.dylib
0x0000000003f92000 	/usr/lib/system/libcache.dylib
0x0000000003f92000 	/usr/lib/system/libcommonCrypto.dylib
0x0000000003f92000 	/usr/lib/system/libcompiler_rt.dylib
0x0000000003f92000 	/usr/lib/system/libcopyfile.dylib
0x0000000003f92000 	/usr/lib/system/libdispatch.dylib
0x0000000003f92000 	/usr/lib/system/libdnsinfo.dylib
0x0000000003f92000 	/usr/lib/system/libdyld.dylib
0x0000000003f92000 	/usr/lib/system/libkeymgr.dylib
0x0000000003f92000 	/usr/lib/system/liblaunch.dylib
0x0000000003f92000 	/usr/lib/system/libmacho.dylib
0x0000000003f92000 	/usr/lib/system/libmathCommon.A.dylib
0x0000000003f92000 	/usr/lib/system/libquarantine.dylib
0x0000000003f92000 	/usr/lib/system/libremovefile.dylib
0x0000000003f92000 	/usr/lib/system/libsystem_blocks.dylib
0x0000000003f92000 	/usr/lib/system/libsystem_c.dylib
0x0000000003f92000 	/usr/lib/system/libsystem_dnssd.dylib
0x0000000003f92000 	/usr/lib/system/libsystem_info.dylib
0x0000000003f92000 	/usr/lib/system/libsystem_kernel.dylib
0x0000000003f92000 	/usr/lib/system/libsystem_network.dylib
0x0000000003f92000 	/usr/lib/system/libsystem_notify.dylib
0x0000000003f92000 	/usr/lib/system/libsystem_sandbox.dylib
0x0000000003f92000 	/usr/lib/system/libunc.dylib
0x0000000003f92000 	/usr/lib/system/libunwind.dylib
0x0000000003f92000 	/usr/lib/system/libxpc.dylib
0x0000000003f92000 	/usr/lib/libbsm.0.dylib
0x0000000003f92000 	/usr/lib/libsqlite3.dylib
0x0000000003f92000 	/usr/lib/libOpenScriptingUtil.dylib
0x0000000003f92000 	/usr/lib/libpam.2.dylib
0x0000000003f92000 	/usr/lib/libxar-nossl.dylib
0x0000000003f92000 	/usr/lib/libbz2.1.0.dylib
0x0000000003f92000 	/System/Library/Frameworks/CoreServices.framework/Versions/A/Frameworks/CarbonCore.framework/Versions/A/CarbonCore
0x0000000003f92000 	/System/Library/Frameworks/CoreServices.framework/Versions/A/Frameworks/Metadata.framework/Versions/A/Metadata
0x0000000003f92000 	/System/Library/Frameworks/CoreServices.framework/Versions/A/Frameworks/OSServices.framework/Versions/A/OSServices
0x0000000003f92000 	/System/Library/Frameworks/CoreServices.framework/Versions/A/Frameworks/SearchKit.framework/Versions/A/SearchKit
0x0000000003f92000 	/System/Library/Frameworks/CoreServices.framework/Versions/A/Frameworks/AE.framework/Versions/A/AE
0x0000000003f92000 	/System/Library/Frameworks/CoreServices.framework/Versions/A/Frameworks/LaunchServices.framework/Versions/A/LaunchServices
0x0000000003f92000 	/System/Library/Frameworks/CoreServices.framework/Versions/A/Frameworks/DictionaryServices.framework/Versions/A/DictionaryServices
0x0000000003f92000 	/System/Library/Frameworks/NetFS.framework/Versions/A/NetFS
0x0000000003f92000 	/usr/lib/system/libkxld.dylib
0x0000000003f92000 	/System/Library/PrivateFrameworks/NetAuth.framework/Versions/A/NetAuth
0x0000000003f92000 	/usr/lib/libcrypto.0.9.8.dylib
0x0000000003f92000 	/System/Library/PrivateFrameworks/TrustEvaluationAgent.framework/Versions/A/TrustEvaluationAgent
0x0000000003f92000 	/System/Library/Frameworks/OpenDirectory.framework/Versions/A/Frameworks/CFOpenDirectory.framework/Versions/A/CFOpenDirectory
0x0000000003f92000 	/usr/lib/libxslt.1.dylib
0x0000000003f92000 	/System/Library/PrivateFrameworks/FamilyControls.framework/Versions/A/FamilyControls
0x0000000003f92000 	/System/Library/Frameworks/Carbon.framework/Versions/A/Frameworks/Ink.framework/Versions/A/Ink
0x0000000003f92000 	/System/Library/Frameworks/ApplicationServices.framework/Versions/A/Frameworks/CoreGraphics.framework/Versions/A/CoreGraphics
0x0000000003f92000 	/System/Library/Frameworks/ApplicationServices.framework/Versions/A/Frameworks/ImageIO.framework/Versions/A/ImageIO
0x0000000003f92000 	/System/Library/Frameworks/ApplicationServices.framework/Versions/A/Frameworks/CoreText.framework/Versions/A/CoreText
0x0000000003f92000 	/System/Library/Frameworks/ApplicationServices.framework/Versions/A/Frameworks/ATS.framework/Versions/A/ATS
0x0000000003f92000 	/System/Library/Frameworks/ApplicationServices.framework/Versions/A/Frameworks/ColorSync.framework/Versions/A/ColorSync
0x0000000003f92000 	/System/Library/Frameworks/ApplicationServices.framework/Versions/A/Frameworks/HIServices.framework/Versions/A/HIServices
0x0000000003f92000 	/System/Library/Frameworks/ApplicationServices.framework/Versions/A/Frameworks/LangAnalysis.framework/Versions/A/LangAnalysis
0x0000000003f92000 	/System/Library/Frameworks/ApplicationServices.framework/Versions/A/Frameworks/PrintCore.framework/Versions/A/PrintCore
0x0000000003f92000 	/System/Library/Frameworks/ApplicationServices.framework/Versions/A/Frameworks/QD.framework/Versions/A/QD
0x0000000003f92000 	/System/Library/Frameworks/ApplicationServices.framework/Versions/A/Frameworks/SpeechSynthesis.framework/Versions/A/SpeechSynthesis
0x0000000003f92000 	/System/Library/Frameworks/IOSurface.framework/Versions/A/IOSurface
0x0000000003f92000 	/System/Library/Frameworks/Accelerate.framework/Versions/A/Accelerate
0x0000000003f92000 	/System/Library/Frameworks/ApplicationServices.framework/Versions/A/Frameworks/ImageIO.framework/Versions/A/Resources/libJPEG.dylib
0x0000000003f92000 	/System/Library/Frameworks/ApplicationServices.framework/Versions/A/Frameworks/ImageIO.framework/Versions/A/Resources/libTIFF.dylib
0x0000000003f92000 	/System/Library/Frameworks/ApplicationServices.framework/Versions/A/Frameworks/ImageIO.framework/Versions/A/Resources/libPng.dylib
0x0000000003f92000 	/System/Library/Frameworks/ApplicationServices.framework/Versions/A/Frameworks/ImageIO.framework/Versions/A/Resources/libGIF.dylib
0x0000000003f92000 	/System/Library/Frameworks/ApplicationServices.framework/Versions/A/Frameworks/ImageIO.framework/Versions/A/Resources/libJP2.dylib
0x0000000003f92000 	/System/Library/Frameworks/ApplicationServices.framework/Versions/A/Frameworks/ImageIO.framework/Versions/A/Resources/libRadiance.dylib
0x0000000003f92000 	/System/Library/Frameworks/Accelerate.framework/Versions/A/Frameworks/vImage.framework/Versions/A/vImage
0x0000000003f92000 	/System/Library/Frameworks/Accelerate.framework/Versions/A/Frameworks/vecLib.framework/Versions/A/vecLib
0x0000000003f92000 	/System/Library/Frameworks/Accelerate.framework/Versions/A/Frameworks/vecLib.framework/Versions/A/libvDSP.dylib
0x0000000003f92000 	/System/Library/Frameworks/Accelerate.framework/Versions/A/Frameworks/vecLib.framework/Versions/A/libvMisc.dylib
0x0000000003f92000 	/System/Library/Frameworks/Accelerate.framework/Versions/A/Frameworks/vecLib.framework/Versions/A/libLAPACK.dylib
0x0000000003f92000 	/System/Library/Frameworks/Accelerate.framework/Versions/A/Frameworks/vecLib.framework/Versions/A/libBLAS.dylib
0x0000000003f92000 	/System/Library/Frameworks/ApplicationServices.framework/Versions/A/Frameworks/ATS.framework/Versions/A/Resources/libFontParser.dylib
0x0000000003f92000 	/System/Library/Frameworks/ApplicationServices.framework/Versions/A/Frameworks/ATS.framework/Versions/A/Resources/libFontRegistry.dylib
0x0000000003f92000 	/usr/lib/libcups.2.dylib
0x0000000003f92000 	/System/Library/Frameworks/Kerberos.framework/Versions/A/Kerberos
0x0000000003f92000 	/System/Library/Frameworks/GSS.framework/Versions/A/GSS
0x0000000003f92000 	/usr/lib/libresolv.9.dylib
0x0000000003f92000 	/usr/lib/libiconv.2.dylib
0x0000000003f92000 	/System/Library/PrivateFrameworks/Heimdal.framework/Versions/A/Heimdal
0x0000000003f92000 	/System/Library/Frameworks/OpenDirectory.framework/Versions/A/OpenDirectory
0x0000000003f92000 	/System/Library/PrivateFrameworks/CommonAuth.framework/Versions/A/CommonAuth
0x0000000003f92000 	/System/Library/Frameworks/CoreVideo.framework/Versions/A/CoreVideo
0x0000000003f92000 	/System/Library/Frameworks/QuartzCore.framework/Versions/A/Frameworks/CoreImage.framework/Versions/A/CoreImage
0x0000000003f92000 	/System/Library/Frameworks/QuartzCore.framework/Versions/A/Frameworks/ScalableUserInterface.framework/Versions/A/ScalableUserInterface
0x0000000003f92000 	/System/Library/Frameworks/OpenGL.framework/Versions/A/Libraries/libGLU.dylib
0x0000000003f92000 	/System/Library/Frameworks/OpenGL.framework/Versions/A/Libraries/libGFXShared.dylib
0x0000000003f92000 	/System/Library/Frameworks/OpenGL.framework/Versions/A/Libraries/libGL.dylib
0x0000000003f92000 	/System/Library/Frameworks/OpenGL.framework/Versions/A/Libraries/libGLImage.dylib
0x0000000003f92000 	/System/Library/Frameworks/OpenGL.framework/Versions/A/Libraries/libCVMSPluginSupport.dylib
0x0000000003f92000 	/System/Library/Frameworks/OpenGL.framework/Versions/A/Libraries/libCoreVMClient.dylib
0x0000000003f92000 	/System/Library/Frameworks/OpenCL.framework/Versions/A/OpenCL
0x0000000003f92000 	/System/Library/PrivateFrameworks/FaceCoreLight.framework/Versions/A/FaceCoreLight
0x0000000003f92000 	/System/Library/Frameworks/vecLib.framework/Versions/A/vecLib
0x0000000003f92000 	/System/Library/Frameworks/SecurityFoundation.framework/Versions/A/SecurityFoundation
0x0000000003f92000 	/System/Library/PrivateFrameworks/CommerceKit.framework/Versions/A/Frameworks/CommerceCore.framework/Versions/A/CommerceCore
0x0000000003f92000 	/System/Library/PrivateFrameworks/CoreSymbolication.framework/Versions/A/CoreSymbolication
0x0000000003f92000 	/System/Library/PrivateFrameworks/Symbolication.framework/Versions/A/Symbolication
0x0000000003f92000 	/System/Library/PrivateFrameworks/DebugSymbols.framework/Versions/A/DebugSymbols
0x000000010d700000 	/Library/Java/JavaVirtualMachines/jdk1.7.0_09.jdk/Contents/Home/jre/lib/server/libjvm.dylib
0x000000010d5bd000 	/Library/Java/JavaVirtualMachines/jdk1.7.0_09.jdk/Contents/Home/jre/lib/libverify.dylib
0x000000010d5ca000 	/Library/Java/JavaVirtualMachines/jdk1.7.0_09.jdk/Contents/Home/jre/lib/libjava.dylib
0x000000010e2b2000 	/Library/Java/JavaVirtualMachines/jdk1.7.0_09.jdk/Contents/Home/jre/lib/libzip.dylib
0x000000011b239000 	/System/Library/Frameworks/JavaVM.framework/Frameworks/JavaRuntimeSupport.framework/JavaRuntimeSupport
0x000000011b251000 	/System/Library/Frameworks/JavaVM.framework/Versions/A/Frameworks/JavaNativeFoundation.framework/Versions/A/JavaNativeFoundation
0x000000011b266000 	/System/Library/Frameworks/JavaVM.framework/Versions/A/JavaVM
0x0000000003f92000 	/System/Library/Frameworks/Carbon.framework/Versions/A/Carbon
0x000000011b273000 	/System/Library/PrivateFrameworks/JavaLaunching.framework/Versions/A/JavaLaunching
0x0000000003f92000 	/System/Library/Frameworks/Carbon.framework/Versions/A/Frameworks/CommonPanels.framework/Versions/A/CommonPanels
0x0000000003f92000 	/System/Library/Frameworks/Carbon.framework/Versions/A/Frameworks/Help.framework/Versions/A/Help
0x0000000003f92000 	/System/Library/Frameworks/Carbon.framework/Versions/A/Frameworks/ImageCapture.framework/Versions/A/ImageCapture
0x0000000003f92000 	/System/Library/Frameworks/Carbon.framework/Versions/A/Frameworks/OpenScripting.framework/Versions/A/OpenScripting
0x0000000003f92000 	/System/Library/Frameworks/Carbon.framework/Versions/A/Frameworks/Print.framework/Versions/A/Print
0x0000000003f92000 	/System/Library/Frameworks/Carbon.framework/Versions/A/Frameworks/SecurityHI.framework/Versions/A/SecurityHI
0x000000011bb68000 	/Library/Java/JavaVirtualMachines/jdk1.7.0_09.jdk/Contents/Home/jre/lib/libnet.dylib
0x000000011bd3b000 	/Library/Java/JavaVirtualMachines/jdk1.7.0_09.jdk/Contents/Home/jre/lib/libnio.dylib
0x000000011bce9000 	/private/var/folders/k1/st6f9t8j0j92bkq6_8_0g_q40000gp/T/alloy4tmp40-marcelofrias/binary/libminisat220.jnilib
0x000000011b3fd000 	/Library/Java/JavaVirtualMachines/jdk1.7.0_09.jdk/Contents/Home/jre/lib/libinstrument.dylib
0x000000011b3bb000 	/Library/Java/JavaVirtualMachines/jdk1.7.0_09.jdk/Contents/Home/jre/lib/libmanagement.dylib
0x000000011b3c8000 	/Library/Java/JavaVirtualMachines/jdk1.7.0_09.jdk/Contents/Home/jre/lib/librmi.dylib
0x000000011b3dc000 	/Library/Java/JavaVirtualMachines/jdk1.7.0_09.jdk/Contents/Home/lib/visualvm/profiler/lib/deployed/jdk16/mac/libprofilerinterface.jnilib

VM Arguments:
jvm_args: -Xms3g -Xmx3g -Dfile.encoding=US-ASCII 
java_command: org.eclipse.jdt.internal.junit.runner.RemoteTestRunner -version 3 -port 49180 -testLoaderClass org.eclipse.jdt.internal.junit4.runner.JUnit4TestLoader -loaderpluginname org.eclipse.jdt.junit4.runtime -test ar.edu.taco.regresion.stryker.StrykerArrayListTest:test_containsTest
Launcher Type: SUN_STANDARD

Environment Variables:
PATH=/usr/bin:/bin:/usr/sbin:/sbin
SHELL=/bin/bash
DISPLAY=/tmp/launch-bz7UzU/org.x:0

Signal Handlers:
SIGSEGV: [libjvm.dylib+0x4a3a1d], sa_mask[0]=0xfffefeff, sa_flags=0x00000042
SIGBUS: [libjvm.dylib+0x4a3a1d], sa_mask[0]=0xfffefeff, sa_flags=0x00000042
SIGFPE: [libjvm.dylib+0x3b3431], sa_mask[0]=0xfffefeff, sa_flags=0x00000042
SIGPIPE: [libjvm.dylib+0x3b3431], sa_mask[0]=0xfffefeff, sa_flags=0x00000042
SIGXFSZ: [libjvm.dylib+0x3b3431], sa_mask[0]=0xfffefeff, sa_flags=0x00000042
SIGILL: [libjvm.dylib+0x3b3431], sa_mask[0]=0xfffefeff, sa_flags=0x00000042
SIGUSR1: SIG_DFL, sa_mask[0]=0x00000000, sa_flags=0x00000002
SIGUSR2: [libjvm.dylib+0x3b2fca], sa_mask[0]=0x00000004, sa_flags=0x00000042
SIGHUP: [libjvm.dylib+0x3b122b], sa_mask[0]=0xfffefeff, sa_flags=0x00000042
SIGINT: [libjvm.dylib+0x3b122b], sa_mask[0]=0xfffefeff, sa_flags=0x00000042
SIGTERM: [libjvm.dylib+0x3b122b], sa_mask[0]=0xfffefeff, sa_flags=0x00000042
SIGQUIT: [libjvm.dylib+0x3b122b], sa_mask[0]=0xfffefeff, sa_flags=0x00000042


---------------  S Y S T E M  ---------------

OS:Bsduname:Darwin 11.4.2 Darwin Kernel Version 11.4.2: Thu Aug 23 16:25:48 PDT 2012; root:xnu-1699.32.7~1/RELEASE_X86_64 x86_64
rlimit: STACK 8192k, CORE 0k, NPROC 709, NOFILE 10240, AS infinity
load average:1.96 1.19 0.57

CPU:total 4 (2 cores per cpu, 2 threads per core) family 6 model 42 stepping 7, cmov, cx8, fxsr, mmx, sse, sse2, sse3, ssse3, sse4.1, sse4.2, popcnt, avx, ht, tsc, tscinvbit

Memory: 4k page, physical 5380348k(1345087k free)

/proc/meminfo:


vm_info: Java HotSpot(TM) 64-Bit Server VM (23.5-b02) for bsd-amd64 JRE (1.7.0_09-b05), built on Sep 24 2012 21:39:08 by "java_re" with gcc 4.2.1 (Based on Apple Inc. build 5658) (LLVM build 2336.9.00)

time: Thu Dec 27 20:30:56 2012
elapsed time: 51 seconds

