#
# A fatal error has been detected by the Java Runtime Environment:
#
#  Internal Error (constantPoolOop.cpp:91), pid=1621, tid=154115
#  guarantee(error != (Symbol*)NULL) failed: tag mismatch with resolution error table
#
# JRE version: 7.0_09-b05
# Java VM: Java HotSpot(TM) 64-Bit Server VM (23.5-b02 mixed mode bsd-amd64 compressed oops)
# Failed to write core dump. Core dumps have been disabled. To enable core dumping, try "ulimit -c unlimited" before starting Java again
#
# If you would like to submit a bug report, please visit:
#   http://bugreport.sun.com/bugreport/crash.jsp
#

---------------  T H R E A D  ---------------

Current thread (0x00007fd151957000):  JavaThread "Compiler Processing Task" daemon [_thread_in_vm, id=154115, stack(0x00000001208a3000,0x00000001209a3000)]

Stack: [0x00000001208a3000,0x00000001209a3000],  sp=0x00000001209a1c70,  free space=1019k
Native frames: (J=compiled Java code, j=interpreted, Vv=VM code, C=native code)
V  [libjvm.dylib+0x4a34f7]
V  [libjvm.dylib+0x1b229f]
V  [libjvm.dylib+0x1aecf1]
V  [libjvm.dylib+0x331fe2]
V  [libjvm.dylib+0x33204a]
V  [libjvm.dylib+0x3341ce]
V  [libjvm.dylib+0x284287]
j  org.eclipse.jdt.internal.compiler.parser.JmlParserHelper.Assert_isTrue(ZLjava/lang/String;)V+2
j  org.eclipse.jdt.internal.compiler.parser.Parser.consumeMethodHeaderName(Z)V+395
j  org.eclipse.jdt.internal.compiler.parser.JmlParserHelper.consumeRule(I)V+4497
j  org.eclipse.jdt.internal.compiler.parser.Parser.consumeRule(I)V+5
j  org.eclipse.jdt.internal.compiler.parser.Parser.parse()V+462
j  org.jmlspecs.jml4.rac.RacParser.parseAndmergeRacCode(Lorg/eclipse/jdt/internal/compiler/ast/CompilationUnitDeclaration;Lorg/jmlspecs/jml4/rac/RacPrettyPrinter;)V+60
j  org.jmlspecs.jml4.rac.RacParser.generateRacCode(Lorg/eclipse/jdt/internal/compiler/ast/CompilationUnitDeclaration;)V+116
j  org.jmlspecs.jml4.rac.RacCompiler.generateRacCode(Lorg/eclipse/jdt/internal/compiler/ast/CompilationUnitDeclaration;Ljava/util/Map;I)V+43
j  org.jmlspecs.jml4.rac.RacCompiler.process(Lorg/eclipse/jdt/internal/compiler/ast/CompilationUnitDeclaration;I)V+139
j  org.eclipse.jdt.internal.compiler.ProcessTaskManager.run()V+206
j  java.lang.Thread.run()V+11
v  ~StubRoutines::call_stub
V  [libjvm.dylib+0x28893f]
V  [libjvm.dylib+0x288e1c]
V  [libjvm.dylib+0x288f56]
V  [libjvm.dylib+0x2bf8d0]
V  [libjvm.dylib+0x478694]
V  [libjvm.dylib+0x479b7a]
V  [libjvm.dylib+0x3b5595]
C  [libsystem_c.dylib+0x4e8bf]  _pthread_start+0x14f
C  [libsystem_c.dylib+0x51b75]  thread_start+0xd

Java frames: (J=compiled Java code, j=interpreted, Vv=VM code)
j  org.eclipse.jdt.internal.compiler.parser.JmlParserHelper.Assert_isTrue(ZLjava/lang/String;)V+2
j  org.eclipse.jdt.internal.compiler.parser.Parser.consumeMethodHeaderName(Z)V+395
j  org.eclipse.jdt.internal.compiler.parser.JmlParserHelper.consumeRule(I)V+4497
j  org.eclipse.jdt.internal.compiler.parser.Parser.consumeRule(I)V+5
j  org.eclipse.jdt.internal.compiler.parser.Parser.parse()V+462
j  org.jmlspecs.jml4.rac.RacParser.parseAndmergeRacCode(Lorg/eclipse/jdt/internal/compiler/ast/CompilationUnitDeclaration;Lorg/jmlspecs/jml4/rac/RacPrettyPrinter;)V+60
j  org.jmlspecs.jml4.rac.RacParser.generateRacCode(Lorg/eclipse/jdt/internal/compiler/ast/CompilationUnitDeclaration;)V+116
j  org.jmlspecs.jml4.rac.RacCompiler.generateRacCode(Lorg/eclipse/jdt/internal/compiler/ast/CompilationUnitDeclaration;Ljava/util/Map;I)V+43
j  org.jmlspecs.jml4.rac.RacCompiler.process(Lorg/eclipse/jdt/internal/compiler/ast/CompilationUnitDeclaration;I)V+139
j  org.eclipse.jdt.internal.compiler.ProcessTaskManager.run()V+206
j  java.lang.Thread.run()V+11
v  ~StubRoutines::call_stub

---------------  P R O C E S S  ---------------

Java Threads: ( => current thread )
=>0x00007fd151957000 JavaThread "Compiler Processing Task" daemon [_thread_in_vm, id=154115, stack(0x00000001208a3000,0x00000001209a3000)]
  0x00007fd14b86a800 JavaThread "pool-453-thread-1" [_thread_blocked, id=153603, stack(0x0000000120fd1000,0x00000001210d1000)]
  0x00007fd1524f6000 JavaThread "pool-452-thread-1" [_thread_blocked, id=153347, stack(0x0000000120ece000,0x0000000120fce000)]
  0x00007fd152899000 JavaThread "pool-451-thread-1" [_thread_blocked, id=153091, stack(0x0000000120dcb000,0x0000000120ecb000)]
  0x00007fd14c878000 JavaThread "pool-450-thread-1" [_thread_blocked, id=152835, stack(0x0000000120cc8000,0x0000000120dc8000)]
  0x00007fd15124a000 JavaThread "pool-449-thread-1" [_thread_blocked, id=152579, stack(0x0000000120bc5000,0x0000000120cc5000)]
  0x00007fd152fb2800 JavaThread "pool-448-thread-1" [_thread_blocked, id=152323, stack(0x0000000120ac2000,0x0000000120bc2000)]
  0x00007fd14b938000 JavaThread "pool-447-thread-1" [_thread_blocked, id=151559, stack(0x00000001209bf000,0x0000000120abf000)]
  0x00007fd14ca05800 JavaThread "pool-446-thread-1" [_thread_blocked, id=152067, stack(0x00000001207a0000,0x00000001208a0000)]
  0x00007fd14bbb6800 JavaThread "pool-445-thread-1" [_thread_blocked, id=151811, stack(0x000000012069d000,0x000000012079d000)]
  0x00007fd151abd800 JavaThread "pool-444-thread-1" [_thread_blocked, id=151299, stack(0x000000012059a000,0x000000012069a000)]
  0x00007fd14c938800 JavaThread "pool-443-thread-1" [_thread_blocked, id=151043, stack(0x000000012018e000,0x000000012028e000)]
  0x00007fd14cb37800 JavaThread "RMI TCP Connection(10)-192.168.0.102" daemon [_thread_in_native, id=150787, stack(0x0000000120497000,0x0000000120597000)]
  0x00007fd14e08b000 JavaThread "pool-442-thread-1" [_thread_blocked, id=150531, stack(0x0000000120394000,0x0000000120494000)]
  0x00007fd151b6f000 JavaThread "pool-440-thread-1" [_thread_blocked, id=150019, stack(0x0000000120291000,0x0000000120391000)]
  0x00007fd1521f7000 JavaThread "pool-438-thread-1" [_thread_blocked, id=149507, stack(0x000000011fd82000,0x000000011fe82000)]
  0x00007fd151249000 JavaThread "pool-433-thread-1" [_thread_blocked, id=148227, stack(0x000000012008b000,0x000000012018b000)]
  0x00007fd151e55000 JavaThread "pool-431-thread-1" [_thread_blocked, id=147971, stack(0x000000011ff88000,0x0000000120088000)]
  0x00007fd14cefe000 JavaThread "pool-428-thread-1" [_thread_blocked, id=147203, stack(0x000000011fe85000,0x000000011ff85000)]
  0x00007fd14cb4e000 JavaThread "pool-423-thread-1" [_thread_blocked, id=145667, stack(0x000000011fc7f000,0x000000011fd7f000)]
  0x00007fd14e31a800 JavaThread "pool-422-thread-1" [_thread_blocked, id=145411, stack(0x000000011fb7c000,0x000000011fc7c000)]
  0x00007fd15290a800 JavaThread "pool-421-thread-1" [_thread_blocked, id=145155, stack(0x000000011fa79000,0x000000011fb79000)]
  0x00007fd14e7f7000 JavaThread "pool-420-thread-1" [_thread_blocked, id=144899, stack(0x000000011f976000,0x000000011fa76000)]
  0x00007fd151607800 JavaThread "pool-419-thread-1" [_thread_blocked, id=144643, stack(0x000000011f873000,0x000000011f973000)]
  0x00007fd14e7f6000 JavaThread "pool-418-thread-1" [_thread_blocked, id=144387, stack(0x000000011f770000,0x000000011f870000)]
  0x00007fd15237f800 JavaThread "pool-417-thread-1" [_thread_blocked, id=144131, stack(0x000000011f66d000,0x000000011f76d000)]
  0x00007fd15238d800 JavaThread "pool-416-thread-1" [_thread_blocked, id=143875, stack(0x000000011f56a000,0x000000011f66a000)]
  0x00007fd15238d000 JavaThread "pool-415-thread-1" [_thread_blocked, id=143619, stack(0x000000011f467000,0x000000011f567000)]
  0x00007fd14cefd800 JavaThread "pool-414-thread-1" [_thread_blocked, id=143363, stack(0x000000011f364000,0x000000011f464000)]
  0x00007fd14e503800 JavaThread "pool-413-thread-1" [_thread_blocked, id=143107, stack(0x000000011f261000,0x000000011f361000)]
  0x00007fd15238b800 JavaThread "pool-412-thread-1" [_thread_blocked, id=142851, stack(0x000000011f05b000,0x000000011f15b000)]
  0x00007fd14cd20000 JavaThread "pool-411-thread-1" [_thread_blocked, id=142595, stack(0x000000011f15e000,0x000000011f25e000)]
  0x00007fd151608000 JavaThread "pool-409-thread-1" [_thread_blocked, id=141827, stack(0x000000011ee55000,0x000000011ef55000)]
  0x00007fd14e0b2000 JavaThread "pool-407-thread-1" [_thread_blocked, id=141315, stack(0x000000011ef58000,0x000000011f058000)]
  0x00007fd151927000 JavaThread "pool-405-thread-1" [_thread_blocked, id=140803, stack(0x000000011ed52000,0x000000011ee52000)]
  0x00007fd15237e800 JavaThread "pool-404-thread-1" [_thread_blocked, id=140547, stack(0x000000011ec4f000,0x000000011ed4f000)]
  0x00007fd151f7e800 JavaThread "pool-403-thread-1" [_thread_blocked, id=140291, stack(0x000000011eb4c000,0x000000011ec4c000)]
  0x00007fd15275d000 JavaThread "pool-402-thread-1" [_thread_blocked, id=140035, stack(0x000000011ea49000,0x000000011eb49000)]
  0x00007fd15154a800 JavaThread "pool-401-thread-1" [_thread_blocked, id=139779, stack(0x000000011e946000,0x000000011ea46000)]
  0x00007fd1524a6800 JavaThread "pool-400-thread-1" [_thread_blocked, id=139523, stack(0x000000011e843000,0x000000011e943000)]
  0x00007fd14c892800 JavaThread "pool-399-thread-1" [_thread_blocked, id=139267, stack(0x000000011e63d000,0x000000011e73d000)]
  0x00007fd151ad7000 JavaThread "pool-398-thread-1" [_thread_blocked, id=139011, stack(0x000000011e740000,0x000000011e840000)]
  0x00007fd151b8a000 JavaThread "pool-396-thread-1" [_thread_blocked, id=138499, stack(0x000000011d17b000,0x000000011d27b000)]
  0x00007fd152f99800 JavaThread "pool-395-thread-1" [_thread_blocked, id=138243, stack(0x000000011e53a000,0x000000011e63a000)]
  0x00007fd1515f2000 JavaThread "pool-393-thread-1" [_thread_blocked, id=137475, stack(0x000000011e437000,0x000000011e537000)]
  0x00007fd15205c800 JavaThread "pool-392-thread-1" [_thread_blocked, id=137219, stack(0x000000011e334000,0x000000011e434000)]
  0x00007fd1522e3800 JavaThread "pool-391-thread-1" [_thread_blocked, id=136963, stack(0x000000011e231000,0x000000011e331000)]
  0x00007fd1514e0800 JavaThread "pool-390-thread-1" [_thread_blocked, id=136707, stack(0x000000011e12e000,0x000000011e22e000)]
  0x00007fd151fdd800 JavaThread "pool-389-thread-1" [_thread_blocked, id=136451, stack(0x000000011e02b000,0x000000011e12b000)]
  0x00007fd1522e2800 JavaThread "pool-388-thread-1" [_thread_blocked, id=136195, stack(0x000000011df28000,0x000000011e028000)]
  0x00007fd151fde800 JavaThread "pool-387-thread-1" [_thread_blocked, id=135939, stack(0x000000011de25000,0x000000011df25000)]
  0x00007fd151f8f800 JavaThread "pool-386-thread-1" [_thread_blocked, id=135683, stack(0x000000011dd22000,0x000000011de22000)]
  0x00007fd14c85d000 JavaThread "pool-385-thread-1" [_thread_blocked, id=135427, stack(0x000000011db1c000,0x000000011dc1c000)]
  0x00007fd15258d800 JavaThread "pool-384-thread-1" [_thread_blocked, id=135171, stack(0x000000011dc1f000,0x000000011dd1f000)]
  0x00007fd151f8f000 JavaThread "pool-382-thread-1" [_thread_blocked, id=134659, stack(0x000000011da19000,0x000000011db19000)]
  0x00007fd151c7b000 JavaThread "pool-381-thread-1" [_thread_blocked, id=134403, stack(0x000000011d916000,0x000000011da16000)]
  0x00007fd1515f3000 JavaThread "pool-380-thread-1" [_thread_blocked, id=134147, stack(0x000000011d813000,0x000000011d913000)]
  0x00007fd1515f1000 JavaThread "pool-379-thread-1" [_thread_blocked, id=133891, stack(0x000000011d710000,0x000000011d810000)]
  0x00007fd151c22000 JavaThread "pool-378-thread-1" [_thread_blocked, id=133635, stack(0x000000011d60d000,0x000000011d70d000)]
  0x00007fd15258d000 JavaThread "pool-377-thread-1" [_thread_blocked, id=133379, stack(0x000000011d50a000,0x000000011d60a000)]
  0x00007fd1527de800 JavaThread "pool-376-thread-1" [_thread_blocked, id=133123, stack(0x000000011d407000,0x000000011d507000)]
  0x00007fd151c21000 JavaThread "pool-375-thread-1" [_thread_blocked, id=132867, stack(0x000000011d304000,0x000000011d404000)]
  0x00007fd15139f800 JavaThread "pool-374-thread-1" [_thread_blocked, id=132611, stack(0x000000011d078000,0x000000011d178000)]
  0x00007fd1522e8000 JavaThread "pool-373-thread-1" [_thread_blocked, id=132355, stack(0x000000011ce72000,0x000000011cf72000)]
  0x00007fd151ef5000 JavaThread "pool-372-thread-1" [_thread_blocked, id=132099, stack(0x000000011cf75000,0x000000011d075000)]
  0x00007fd15208c800 JavaThread "pool-370-thread-1" [_thread_blocked, id=131587, stack(0x000000011c327000,0x000000011c427000)]
  0x00007fd15102e000 JavaThread "pool-369-thread-1" [_thread_blocked, id=131331, stack(0x000000011c224000,0x000000011c324000)]
  0x00007fd15189b000 JavaThread "pool-368-thread-1" [_thread_blocked, id=131075, stack(0x000000011c121000,0x000000011c221000)]
  0x00007fd15206c000 JavaThread "pool-367-thread-1" [_thread_blocked, id=130819, stack(0x000000011c01e000,0x000000011c11e000)]
  0x00007fd151d28800 JavaThread "pool-366-thread-1" [_thread_blocked, id=130563, stack(0x000000011bf1b000,0x000000011c01b000)]
  0x00007fd151b37000 JavaThread "pool-365-thread-1" [_thread_blocked, id=130307, stack(0x000000011be18000,0x000000011bf18000)]
  0x00007fd14c954800 JavaThread "pool-364-thread-1" [_thread_blocked, id=130051, stack(0x000000011a809000,0x000000011a909000)]
  0x00007fd151847800 JavaThread "pool-363-thread-1" [_thread_blocked, id=129795, stack(0x000000011cd6f000,0x000000011ce6f000)]
  0x00007fd1512cc000 JavaThread "pool-362-thread-1" [_thread_blocked, id=129539, stack(0x000000011cc6c000,0x000000011cd6c000)]
  0x00007fd1513d6000 JavaThread "pool-361-thread-1" [_thread_blocked, id=129283, stack(0x000000011cb69000,0x000000011cc69000)]
  0x00007fd15247e000 JavaThread "pool-360-thread-1" [_thread_blocked, id=129027, stack(0x000000011c625000,0x000000011c725000)]
  0x00007fd1522e2000 JavaThread "pool-359-thread-1" [_thread_blocked, id=128771, stack(0x000000011c522000,0x000000011c622000)]
  0x00007fd152e40800 JavaThread "pool-358-thread-1" [_thread_blocked, id=128515, stack(0x000000011bd15000,0x000000011be15000)]
  0x00007fd15199b000 JavaThread "pool-357-thread-1" [_thread_blocked, id=128259, stack(0x000000011bc12000,0x000000011bd12000)]
  0x00007fd14c9f2000 JavaThread "pool-356-thread-1" [_thread_blocked, id=128003, stack(0x000000011b904000,0x000000011ba04000)]
  0x00007fd149067800 JavaThread "pool-355-thread-1" [_thread_blocked, id=127747, stack(0x000000011b801000,0x000000011b901000)]
  0x00007fd151376000 JavaThread "pool-354-thread-1" [_thread_blocked, id=127491, stack(0x000000011b6fe000,0x000000011b7fe000)]
  0x00007fd151cc3800 JavaThread "pool-353-thread-1" [_thread_blocked, id=127235, stack(0x000000011b5fb000,0x000000011b6fb000)]
  0x00007fd14927e800 JavaThread "pool-352-thread-1" [_thread_blocked, id=126979, stack(0x000000011b4f8000,0x000000011b5f8000)]
  0x00007fd1513d8800 JavaThread "pool-348-thread-1" [_thread_blocked, id=125955, stack(0x000000011bb0f000,0x000000011bc0f000)]
  0x00007fd14cfef800 JavaThread "pool-347-thread-1" [_thread_blocked, id=125699, stack(0x000000011b13f000,0x000000011b23f000)]
  0x00007fd1522e1000 JavaThread "pool-346-thread-1" [_thread_blocked, id=125443, stack(0x0000000117c40000,0x0000000117d40000)]
  0x00007fd152f9a800 JavaThread "pool-345-thread-1" [_thread_blocked, id=124931, stack(0x000000011ac08000,0x000000011ad08000)]
  0x00007fd1522e5000 JavaThread "pool-344-thread-1" [_thread_blocked, id=124675, stack(0x000000011b03c000,0x000000011b13c000)]
  0x00007fd1514ac800 JavaThread "pool-342-thread-1" [_thread_blocked, id=124163, stack(0x000000011ab05000,0x000000011ac05000)]
  0x00007fd151d39800 JavaThread "pool-341-thread-1" [_thread_blocked, id=123907, stack(0x000000011aa02000,0x000000011ab02000)]
  0x00007fd1513d4800 JavaThread "pool-340-thread-1" [_thread_blocked, id=123651, stack(0x000000011a706000,0x000000011a806000)]
  0x00007fd152f7c800 JavaThread "pool-339-thread-1" [_thread_blocked, id=123395, stack(0x000000011996b000,0x0000000119a6b000)]
  0x00007fd151c66800 JavaThread "pool-338-thread-1" [_thread_blocked, id=123139, stack(0x000000011a4c5000,0x000000011a5c5000)]
  0x00007fd1513d5800 JavaThread "pool-336-thread-1" [_thread_blocked, id=122627, stack(0x000000011a3c2000,0x000000011a4c2000)]
  0x00007fd152f76000 JavaThread "pool-334-thread-1" [_thread_blocked, id=122115, stack(0x00000001193f6000,0x00000001194f6000)]
  0x00007fd151936800 JavaThread "pool-333-thread-1" [_thread_blocked, id=121603, stack(0x000000011a17e000,0x000000011a27e000)]
  0x00007fd14979f000 JavaThread "pool-332-thread-1" [_thread_blocked, id=121347, stack(0x000000011a07b000,0x000000011a17b000)]
  0x00007fd14c1d7800 JavaThread "pool-331-thread-1" [_thread_blocked, id=121091, stack(0x0000000119f78000,0x000000011a078000)]
  0x00007fd152287800 JavaThread "pool-330-thread-1" [_thread_blocked, id=120835, stack(0x0000000119e75000,0x0000000119f75000)]
  0x00007fd15040f800 JavaThread "pool-329-thread-1" [_thread_blocked, id=120579, stack(0x0000000119868000,0x0000000119968000)]
  0x00007fd149073000 JavaThread "pool-328-thread-1" [_thread_blocked, id=120323, stack(0x0000000119765000,0x0000000119865000)]
  0x00007fd14c709000 JavaThread "pool-327-thread-1" [_thread_blocked, id=120067, stack(0x0000000119d72000,0x0000000119e72000)]
  0x00007fd14ae05000 JavaThread "pool-326-thread-1" [_thread_blocked, id=119811, stack(0x000000011af39000,0x000000011b039000)]
  0x00007fd1491f0800 JavaThread "pool-325-thread-1" [_thread_blocked, id=119555, stack(0x000000011ba0c000,0x000000011bb0c000)]
  0x00007fd14ad6b000 JavaThread "pool-324-thread-1" [_thread_blocked, id=114183, stack(0x000000011b3f5000,0x000000011b4f5000)]
  0x00007fd150cd7800 JavaThread "pool-323-thread-1" [_thread_blocked, id=119299, stack(0x000000011b2f2000,0x000000011b3f2000)]
  0x00007fd150c37000 JavaThread "pool-322-thread-1" [_thread_blocked, id=119043, stack(0x000000011ad1a000,0x000000011ae1a000)]
  0x00007fd1510e0000 JavaThread "pool-321-thread-1" [_thread_blocked, id=118787, stack(0x0000000118060000,0x0000000118160000)]
  0x00007fd149112000 JavaThread "pool-320-thread-1" [_thread_blocked, id=118531, stack(0x0000000117f5d000,0x000000011805d000)]
  0x00007fd1492c2800 JavaThread "pool-318-thread-1" [_thread_blocked, id=118019, stack(0x0000000118ff4000,0x00000001190f4000)]
  0x00007fd150bae800 JavaThread "pool-317-thread-1" [_thread_blocked, id=117763, stack(0x00000001148e8000,0x00000001149e8000)]
  0x00007fd150cf8800 JavaThread "pool-316-thread-1" [_thread_blocked, id=117507, stack(0x000000011a2bf000,0x000000011a3bf000)]
  0x00007fd149221000 JavaThread "pool-315-thread-1" [_thread_blocked, id=117251, stack(0x0000000118ef1000,0x0000000118ff1000)]
  0x00007fd149220800 JavaThread "pool-314-thread-1" [_thread_blocked, id=116995, stack(0x000000011a603000,0x000000011a703000)]
  0x00007fd150548800 JavaThread "pool-313-thread-1" [_thread_blocked, id=116739, stack(0x000000011ae36000,0x000000011af36000)]
  0x00007fd149111800 JavaThread "pool-311-thread-1" [_thread_blocked, id=116227, stack(0x0000000119a99000,0x0000000119b99000)]
  0x00007fd150995000 JavaThread "pool-310-thread-1" [_thread_blocked, id=115971, stack(0x0000000119557000,0x0000000119657000)]
  0x00007fd149745000 JavaThread "pool-309-thread-1" [_thread_blocked, id=115715, stack(0x00000001192f3000,0x00000001193f3000)]
  0x00007fd150acd000 JavaThread "pool-308-thread-1" [_thread_blocked, id=115459, stack(0x0000000118dad000,0x0000000118ead000)]
  0x00007fd150965000 JavaThread "pool-307-thread-1" [_thread_blocked, id=115203, stack(0x0000000117e5a000,0x0000000117f5a000)]
  0x00007fd1504a2800 JavaThread "pool-306-thread-1" [_thread_blocked, id=114947, stack(0x00000001162f1000,0x00000001163f1000)]
  0x00007fd15017f000 JavaThread "pool-305-thread-1" [_thread_blocked, id=114691, stack(0x0000000117d57000,0x0000000117e57000)]
  0x00007fd14c8cc800 JavaThread "pool-303-thread-1" [_thread_blocked, id=113923, stack(0x0000000119c6f000,0x0000000119d6f000)]
  0x00007fd14c1fa800 JavaThread "pool-302-thread-1" [_thread_blocked, id=113667, stack(0x00000001191f0000,0x00000001192f0000)]
  0x00007fd14eacc000 JavaThread "pool-301-thread-1" [_thread_blocked, id=113411, stack(0x0000000119662000,0x0000000119762000)]
  0x00007fd14e4bb000 JavaThread "pool-299-thread-1" [_thread_blocked, id=112899, stack(0x0000000118caa000,0x0000000118daa000)]
  0x00007fd14e8fd000 JavaThread "pool-298-thread-1" [_thread_blocked, id=112643, stack(0x0000000118ba7000,0x0000000118ca7000)]
  0x00007fd14bbf2000 JavaThread "pool-297-thread-1" [_thread_blocked, id=112387, stack(0x0000000118aa4000,0x0000000118ba4000)]
  0x00007fd14e20a800 JavaThread "pool-296-thread-1" [_thread_blocked, id=112131, stack(0x00000001189a1000,0x0000000118aa1000)]
  0x00007fd14bbf1800 JavaThread "pool-295-thread-1" [_thread_blocked, id=111875, stack(0x000000011879b000,0x000000011889b000)]
  0x00007fd14c8da000 JavaThread "pool-294-thread-1" [_thread_blocked, id=111619, stack(0x000000011889e000,0x000000011899e000)]
  0x00007fd14b87c800 JavaThread "pool-292-thread-1" [_thread_blocked, id=111107, stack(0x0000000118698000,0x0000000118798000)]
  0x00007fd14eff5800 JavaThread "pool-291-thread-1" [_thread_blocked, id=110851, stack(0x0000000118595000,0x0000000118695000)]
  0x00007fd14e46a000 JavaThread "pool-290-thread-1" [_thread_blocked, id=110595, stack(0x000000011828c000,0x000000011838c000)]
  0x00007fd14eeb4000 JavaThread "pool-289-thread-1" [_thread_blocked, id=110339, stack(0x0000000116419000,0x0000000116519000)]
  0x00007fd14c232000 JavaThread "pool-288-thread-1" [_thread_blocked, id=110083, stack(0x0000000118492000,0x0000000118592000)]
  0x00007fd14c98e000 JavaThread "pool-286-thread-1" [_thread_blocked, id=109315, stack(0x000000011838f000,0x000000011848f000)]
  0x00007fd14b87c000 JavaThread "pool-284-thread-1" [_thread_blocked, id=108803, stack(0x0000000118189000,0x0000000118289000)]
  0x00007fd14f1b8000 JavaThread "pool-283-thread-1" [_thread_blocked, id=108547, stack(0x0000000117a37000,0x0000000117b37000)]
  0x00007fd14c007000 JavaThread "pool-282-thread-1" [_thread_blocked, id=108291, stack(0x0000000115cde000,0x0000000115dde000)]
  0x00007fd14f18f000 JavaThread "pool-281-thread-1" [_thread_blocked, id=108035, stack(0x00000001171c4000,0x00000001172c4000)]
  0x00007fd14e883800 JavaThread "pool-279-thread-1" [_thread_blocked, id=107523, stack(0x000000011656f000,0x000000011666f000)]
  0x00007fd14e03c000 JavaThread "pool-274-thread-1" [_thread_blocked, id=105735, stack(0x000000011566b000,0x000000011576b000)]
  0x00007fd14e1ee000 JavaThread "Thread-7" daemon [_thread_blocked, id=105987, stack(0x0000000116f6c000,0x000000011706c000)]
  0x00007fd14f1cf800 JavaThread "pool-271-thread-1" [_thread_blocked, id=104707, stack(0x0000000117b3d000,0x0000000117c3d000)]
  0x00007fd14c694000 JavaThread "pool-270-thread-1" [_thread_blocked, id=104451, stack(0x0000000117934000,0x0000000117a34000)]
  0x00007fd14eee7000 JavaThread "pool-269-thread-1" [_thread_blocked, id=104195, stack(0x0000000117831000,0x0000000117931000)]
  0x00007fd14c918800 JavaThread "pool-268-thread-1" [_thread_blocked, id=103939, stack(0x000000011772e000,0x000000011782e000)]
  0x00007fd14cb6e000 JavaThread "pool-267-thread-1" [_thread_blocked, id=103683, stack(0x000000011762b000,0x000000011772b000)]
  0x00007fd14f7a4800 JavaThread "pool-264-thread-1" [_thread_blocked, id=102915, stack(0x000000011739b000,0x000000011749b000)]
  0x00007fd14bb3b000 JavaThread "pool-263-thread-1" [_thread_blocked, id=102659, stack(0x0000000115e32000,0x0000000115f32000)]
  0x00007fd14cca4000 JavaThread "pool-259-thread-1" [_thread_blocked, id=101635, stack(0x0000000117528000,0x0000000117628000)]
  0x00007fd14ba01000 JavaThread "pool-257-thread-1" [_thread_blocked, id=101123, stack(0x00000001170c1000,0x00000001171c1000)]
  0x00007fd14f7ed800 JavaThread "pool-256-thread-1" [_thread_blocked, id=100867, stack(0x0000000116c41000,0x0000000116d41000)]
  0x00007fd14cb0f000 JavaThread "pool-255-thread-1" [_thread_blocked, id=100611, stack(0x0000000116b3e000,0x0000000116c3e000)]
  0x00007fd14f7ec800 JavaThread "pool-254-thread-1" [_thread_blocked, id=100355, stack(0x0000000116a3b000,0x0000000116b3b000)]
  0x00007fd14b8ad000 JavaThread "pool-253-thread-1" [_thread_blocked, id=100099, stack(0x0000000116835000,0x0000000116935000)]
  0x00007fd14b8aa000 JavaThread "pool-252-thread-1" [_thread_blocked, id=99843, stack(0x0000000116938000,0x0000000116a38000)]
  0x00007fd14e9f6000 JavaThread "pool-250-thread-1" [_thread_blocked, id=99331, stack(0x0000000116063000,0x0000000116163000)]
  0x00007fd14e03d800 JavaThread "pool-249-thread-1" [_thread_blocked, id=99075, stack(0x0000000116732000,0x0000000116832000)]
  0x00007fd14c1e7000 JavaThread "pool-247-thread-1" [_thread_blocked, id=98563, stack(0x0000000115468000,0x0000000115568000)]
  0x00007fd14c1e5800 JavaThread "pool-246-thread-1" [_thread_blocked, id=98307, stack(0x0000000115365000,0x0000000115465000)]
  0x00007fd14ccae000 JavaThread "pool-245-thread-1" [_thread_blocked, id=98051, stack(0x00000001147e5000,0x00000001148e5000)]
  0x00007fd14c5fc000 JavaThread "pool-244-thread-1" [_thread_blocked, id=97795, stack(0x0000000115f60000,0x0000000116060000)]
  0x00007fd14c81a000 JavaThread "*** Profiler Agent Special Execution Thread 2" daemon [_thread_blocked, id=97027, stack(0x0000000116e69000,0x0000000116f69000)]
  0x00007fd14ebca000 JavaThread "*** Profiler Agent Special Execution Thread 6" daemon [_thread_blocked, id=93443, stack(0x00000001143e9000,0x00000001144e9000)]
  0x00007fd14e983000 JavaThread "*** JFluid Monitor thread ***" daemon [_thread_blocked, id=93187, stack(0x0000000114145000,0x0000000114245000)]
  0x00007fd14e02e000 JavaThread "*** Profiler Agent Communication Thread" daemon [_thread_blocked, id=92419, stack(0x0000000114ffb000,0x00000001150fb000)]
  0x00007fd14bbc8000 JavaThread "RMI TCP Connection(9)-192.168.0.102" daemon [_thread_blocked, id=53763, stack(0x00000001161ee000,0x00000001162ee000)]
  0x00007fd14b9e7000 JavaThread "RMI TCP Connection(8)-192.168.0.102" daemon [_thread_in_native, id=53507, stack(0x0000000114a53000,0x0000000114b53000)]
  0x00007fd149417800 JavaThread "pool-5-thread-1" [_thread_blocked, id=22531, stack(0x0000000115262000,0x0000000115362000)]
  0x00007fd14bd2e000 JavaThread "pool-4-thread-1" [_thread_blocked, id=22275, stack(0x000000011515f000,0x000000011525f000)]
  0x00007fd149adf000 JavaThread "pool-3-thread-1" [_thread_blocked, id=22019, stack(0x0000000114d09000,0x0000000114e09000)]
  0x00007fd14c008000 JavaThread "JMX server connection timeout 15" daemon [_thread_blocked, id=20739, stack(0x0000000114ead000,0x0000000114fad000)]
  0x00007fd14c82e800 JavaThread "RMI Scheduler(0)" daemon [_thread_blocked, id=20483, stack(0x0000000114610000,0x0000000114710000)]
  0x00007fd14c826800 JavaThread "RMI TCP Accept-0" daemon [_thread_in_native, id=14855, stack(0x00000001142da000,0x00000001143da000)]
  0x00007fd14b136800 JavaThread "Attach Listener" daemon [_thread_blocked, id=16647, stack(0x0000000114c06000,0x0000000114d06000)]
  0x00007fd1498c1800 JavaThread "ReaderThread" [_thread_in_native, id=19203, stack(0x0000000113f42000,0x0000000114042000)]
  0x00007fd14903f800 JavaThread "Service Thread" daemon [_thread_blocked, id=18691, stack(0x0000000113ac3000,0x0000000113bc3000)]
  0x00007fd14903f000 JavaThread "C2 CompilerThread1" daemon [_thread_blocked, id=18435, stack(0x00000001139c0000,0x0000000113ac0000)]
  0x00007fd14903d000 JavaThread "C2 CompilerThread0" daemon [_thread_blocked, id=18179, stack(0x00000001138bd000,0x00000001139bd000)]
  0x00007fd14903c800 JavaThread "Signal Dispatcher" daemon [_thread_blocked, id=17923, stack(0x00000001137ba000,0x00000001138ba000)]
  0x00007fd14a804800 JavaThread "Finalizer" daemon [_thread_blocked, id=14083, stack(0x00000001134b2000,0x00000001135b2000)]
  0x00007fd14a804000 JavaThread "Reference Handler" daemon [_thread_blocked, id=13827, stack(0x00000001133af000,0x00000001134af000)]
  0x00007fd149800800 JavaThread "main" [_thread_blocked, id=7171, stack(0x000000010652b000,0x000000010662b000)]

Other Threads:
  0x00007fd14a801000 VMThread [stack: 0x00000001132ac000,0x00000001133ac000] [id=13571]
  0x00007fd14a80e000 WatcherThread [stack: 0x0000000113bc6000,0x0000000113cc6000] [id=18947]

VM state:synchronizing (normal execution)

VM Mutex/Monitor currently owned by a thread:  ([mutex/lock_event])
[0x00007fd148e02d20] Threads_lock - owner thread: 0x00007fd14a801000
[0x00007fd148e03220] Heap_lock - owner thread: 0x00007fd14c81a000

Heap
 PSYoungGen      total 917504K, used 88103K [0x00000007c0000000, 0x0000000800000000, 0x0000000800000000)
  eden space 786432K, 11% used [0x00000007c0000000,0x00000007c5609ef8,0x00000007f0000000)
  from space 131072K, 0% used [0x00000007f8000000,0x00000007f8000000,0x0000000800000000)
  to   space 131072K, 0% used [0x00000007f0000000,0x00000007f0000000,0x00000007f8000000)
 ParOldGen       total 2097152K, used 508628K [0x0000000740000000, 0x00000007c0000000, 0x00000007c0000000)
  object space 2097152K, 24% used [0x0000000740000000,0x000000075f0b5110,0x00000007c0000000)
 PSPermGen       total 83968K, used 83968K [0x000000073ae00000, 0x0000000740000000, 0x0000000740000000)
  object space 83968K, 100% used [0x000000073ae00000,0x0000000740000000,0x0000000740000000)

Card table byte_map: [0x00000001096f6000,0x0000000109d20000] byte_map_base: 0x0000000105d1f000

Polling page: 0x00000001058f3000

Code Cache  [0x0000000106636000, 0x0000000107616000, 0x0000000109636000)
 total_blobs=1132 nmethods=718 adapters=362 free_code_cache=47628Kb largest_free_block=33728832

Compilation events (10 events):
Event: 562.619 Thread 0x00007fd14903f000 nmethod 6709 0x0000000107267610 code [0x00000001072677a0, 0x0000000107267be8]
Event: 562.621 Thread 0x00007fd14903f000 6710   !         java.lang.ref.ReferenceQueue::poll (28 bytes)
Event: 562.623 Thread 0x00007fd14903f000 nmethod 6710 0x00000001066d3e50 code [0x00000001066d3fa0, 0x00000001066d4308]
Event: 562.623 Thread 0x00007fd14903f000 6711             java.lang.Math::max (11 bytes)
Event: 562.637 Thread 0x00007fd14903f000 nmethod 6711 0x0000000106ab4dd0 code [0x0000000106ab4f00, 0x0000000106ab4f58]
Event: 562.637 Thread 0x00007fd14903f000 6712             com.sun.tools.javac.util.Position$LineMapImpl::build (144 bytes)
Event: 562.661 Thread 0x00007fd14903f000 nmethod 6712 0x000000010694a210 code [0x000000010694a3c0, 0x000000010694aa78]
Event: 562.661 Thread 0x00007fd14903f000 6713             java.lang.String::regionMatches (149 bytes)
Event: 562.661 Thread 0x00007fd14903f000 

Event: 562.661 Thread 0x00007fd14903f000 6714   !         java.io.ObjectStreamClass::lookup (392 bytes)

GC Heap History (10 events):
Event: 449.975 GC heap before
{Heap before GC invocations=214 (full 106):
 PSYoungGen      total 917504K, used 218986K [0x00000007c0000000, 0x0000000800000000, 0x0000000800000000)
  eden space 786432K, 27% used [0x00000007c0000000,0x00000007cd5dab78,0x00000007f0000000)
  from space 131072K, 0% used [0x00000007f0000000,0x00000007f0000000,0x00000007f8000000)
  to   space 131072K, 0% used [0x00000007f8000000,0x00000007f8000000,0x0000000800000000)
 ParOldGen       total 2097152K, used 456267K [0x0000000740000000, 0x00000007c0000000, 0x00000007c0000000)
  object space 2097152K, 21% used [0x0000000740000000,0x000000075bd92cd0,0x00000007c0000000)
 PSPermGen       total 54080K, used 52814K [0x000000073ae00000, 0x000000073e2d0000, 0x0000000740000000)
  object space 54080K, 97% used [0x000000073ae00000,0x000000073e193a60,0x000000073e2d0000)
Event: 449.983 GC heap after
Heap after GC invocations=214 (full 106):
 PSYoungGen      total 917504K, used 3392K [0x00000007c0000000, 0x0000000800000000, 0x0000000800000000)
  eden space 786432K, 0% used [0x00000007c0000000,0x00000007c0000000,0x00000007f0000000)
  from space 131072K, 2% used [0x00000007f8000000,0x00000007f8350030,0x0000000800000000)
  to   space 131072K, 0% used [0x00000007f0000000,0x00000007f0000000,0x00000007f8000000)
 ParOldGen       total 2097152K, used 456267K [0x0000000740000000, 0x00000007c0000000, 0x00000007c0000000)
  object space 2097152K, 21% used [0x0000000740000000,0x000000075bd92cd0,0x00000007c0000000)
 PSPermGen       total 54080K, used 52814K [0x000000073ae00000, 0x000000073e2d0000, 0x0000000740000000)
  object space 54080K, 97% used [0x000000073ae00000,0x000000073e193a60,0x000000073e2d0000)
}
Event: 449.983 GC heap before
{Heap before GC invocations=215 (full 107):
 PSYoungGen      total 917504K, used 3392K [0x00000007c0000000, 0x0000000800000000, 0x0000000800000000)
  eden space 786432K, 0% used [0x00000007c0000000,0x00000007c0000000,0x00000007f0000000)
  from space 131072K, 2% used [0x00000007f8000000,0x00000007f8350030,0x0000000800000000)
  to   space 131072K, 0% used [0x00000007f0000000,0x00000007f0000000,0x00000007f8000000)
 ParOldGen       total 2097152K, used 456267K [0x0000000740000000, 0x00000007c0000000, 0x00000007c0000000)
  object space 2097152K, 21% used [0x0000000740000000,0x000000075bd92cd0,0x00000007c0000000)
 PSPermGen       total 54080K, used 52814K [0x000000073ae00000, 0x000000073e2d0000, 0x0000000740000000)
  object space 54080K, 97% used [0x000000073ae00000,0x000000073e193a60,0x000000073e2d0000)
Event: 450.300 GC heap after
Heap after GC invocations=215 (full 107):
 PSYoungGen      total 917504K, used 0K [0x00000007c0000000, 0x0000000800000000, 0x0000000800000000)
  eden space 786432K, 0% used [0x00000007c0000000,0x00000007c0000000,0x00000007f0000000)
  from space 131072K, 0% used [0x00000007f8000000,0x00000007f8000000,0x0000000800000000)
  to   space 131072K, 0% used [0x00000007f0000000,0x00000007f0000000,0x00000007f8000000)
 ParOldGen       total 2097152K, used 455436K [0x0000000740000000, 0x00000007c0000000, 0x00000007c0000000)
  object space 2097152K, 21% used [0x0000000740000000,0x000000075bcc31a0,0x00000007c0000000)
 PSPermGen       total 55744K, used 52559K [0x000000073ae00000, 0x000000073e470000, 0x0000000740000000)
  object space 55744K, 94% used [0x000000073ae00000,0x000000073e153f90,0x000000073e470000)
}
Event: 531.231 GC heap before
{Heap before GC invocations=216 (full 107):
 PSYoungGen      total 917504K, used 786432K [0x00000007c0000000, 0x0000000800000000, 0x0000000800000000)
  eden space 786432K, 100% used [0x00000007c0000000,0x00000007f0000000,0x00000007f0000000)
  from space 131072K, 0% used [0x00000007f8000000,0x00000007f8000000,0x0000000800000000)
  to   space 131072K, 0% used [0x00000007f0000000,0x00000007f0000000,0x00000007f8000000)
 ParOldGen       total 2097152K, used 455436K [0x0000000740000000, 0x00000007c0000000, 0x00000007c0000000)
  object space 2097152K, 21% used [0x0000000740000000,0x000000075bcc31a0,0x00000007c0000000)
 PSPermGen       total 62272K, used 62131K [0x000000073ae00000, 0x000000073ead0000, 0x0000000740000000)
  object space 62272K, 99% used [0x000000073ae00000,0x000000073eaacd78,0x000000073ead0000)
Event: 533.402 GC heap after
Heap after GC invocations=216 (full 107):
 PSYoungGen      total 917504K, used 102573K [0x00000007c0000000, 0x0000000800000000, 0x0000000800000000)
  eden space 786432K, 0% used [0x00000007c0000000,0x00000007c0000000,0x00000007f0000000)
  from space 131072K, 78% used [0x00000007f0000000,0x00000007f642b5a0,0x00000007f8000000)
  to   space 131072K, 0% used [0x00000007f8000000,0x00000007f8000000,0x0000000800000000)
 ParOldGen       total 2097152K, used 455436K [0x0000000740000000, 0x00000007c0000000, 0x00000007c0000000)
  object space 2097152K, 21% used [0x0000000740000000,0x000000075bcc31a0,0x00000007c0000000)
 PSPermGen       total 62272K, used 62131K [0x000000073ae00000, 0x000000073ead0000, 0x0000000740000000)
  object space 62272K, 99% used [0x000000073ae00000,0x000000073eaacd78,0x000000073ead0000)
}
Event: 548.807 GC heap before
{Heap before GC invocations=217 (full 107):
 PSYoungGen      total 917504K, used 191393K [0x00000007c0000000, 0x0000000800000000, 0x0000000800000000)
  eden space 786432K, 11% used [0x00000007c0000000,0x00000007c56bd178,0x00000007f0000000)
  from space 131072K, 78% used [0x00000007f0000000,0x00000007f642b5a0,0x00000007f8000000)
  to   space 131072K, 0% used [0x00000007f8000000,0x00000007f8000000,0x0000000800000000)
 ParOldGen       total 2097152K, used 455436K [0x0000000740000000, 0x00000007c0000000, 0x00000007c0000000)
  object space 2097152K, 21% used [0x0000000740000000,0x000000075bcc31a0,0x00000007c0000000)
 PSPermGen       total 83968K, used 83936K [0x000000073ae00000, 0x0000000740000000, 0x0000000740000000)
  object space 83968K, 99% used [0x000000073ae00000,0x000000073fff80e0,0x0000000740000000)
Event: 549.591 GC heap after
Heap after GC invocations=217 (full 107):
 PSYoungGen      total 917504K, used 56068K [0x00000007c0000000, 0x0000000800000000, 0x0000000800000000)
  eden space 786432K, 0% used [0x00000007c0000000,0x00000007c0000000,0x00000007f0000000)
  from space 131072K, 42% used [0x00000007f8000000,0x00000007fb6c12b8,0x0000000800000000)
  to   space 131072K, 0% used [0x00000007f0000000,0x00000007f0000000,0x00000007f8000000)
 ParOldGen       total 2097152K, used 455436K [0x0000000740000000, 0x00000007c0000000, 0x00000007c0000000)
  object space 2097152K, 21% used [0x0000000740000000,0x000000075bcc31a0,0x00000007c0000000)
 PSPermGen       total 83968K, used 83936K [0x000000073ae00000, 0x0000000740000000, 0x0000000740000000)
  object space 83968K, 99% used [0x000000073ae00000,0x000000073fff80e0,0x0000000740000000)
}
Event: 549.591 GC heap before
{Heap before GC invocations=218 (full 108):
 PSYoungGen      total 917504K, used 56068K [0x00000007c0000000, 0x0000000800000000, 0x0000000800000000)
  eden space 786432K, 0% used [0x00000007c0000000,0x00000007c0000000,0x00000007f0000000)
  from space 131072K, 42% used [0x00000007f8000000,0x00000007fb6c12b8,0x0000000800000000)
  to   space 131072K, 0% used [0x00000007f0000000,0x00000007f0000000,0x00000007f8000000)
 ParOldGen       total 2097152K, used 455436K [0x0000000740000000, 0x00000007c0000000, 0x00000007c0000000)
  object space 2097152K, 21% used [0x0000000740000000,0x000000075bcc31a0,0x00000007c0000000)
 PSPermGen       total 83968K, used 83936K [0x000000073ae00000, 0x0000000740000000, 0x0000000740000000)
  object space 83968K, 99% used [0x000000073ae00000,0x000000073fff80e0,0x0000000740000000)
Event: 551.346 GC heap after
Heap after GC invocations=218 (full 108):
 PSYoungGen      total 917504K, used 0K [0x00000007c0000000, 0x0000000800000000, 0x0000000800000000)
  eden space 786432K, 0% used [0x00000007c0000000,0x00000007c0000000,0x00000007f0000000)
  from space 131072K, 0% used [0x00000007f8000000,0x00000007f8000000,0x0000000800000000)
  to   space 131072K, 0% used [0x00000007f0000000,0x00000007f0000000,0x00000007f8000000)
 ParOldGen       total 2097152K, used 508628K [0x0000000740000000, 0x00000007c0000000, 0x00000007c0000000)
  object space 2097152K, 24% used [0x0000000740000000,0x000000075f0b5110,0x00000007c0000000)
 PSPermGen       total 83968K, used 63876K [0x000000073ae00000, 0x0000000740000000, 0x0000000740000000)
  object space 83968K, 76% used [0x000000073ae00000,0x000000073ec610d8,0x0000000740000000)
}

Deoptimization events (10 events):
Event: 482.982 Thread 0x00007fd14bd2e000 Uncommon trap 1042 fr.pc 0x0000000106ba6758
Event: 483.299 Thread 0x00007fd151b8a000 Uncommon trap 1042 fr.pc 0x0000000106b64a90
Event: 502.806 Thread 0x00007fd149adf000 Uncommon trap -83 fr.pc 0x0000000106bc878c
Event: 515.494 Thread 0x00007fd1520fa000 Uncommon trap 1042 fr.pc 0x0000000106b2d938
Event: 518.216 Thread 0x00007fd1520fa000 Uncommon trap 1042 fr.pc 0x0000000106b56ce8
Event: 541.096 Thread 0x00007fd14e02e000 Uncommon trap -34 fr.pc 0x0000000106af0620
Event: 541.096 Thread 0x00007fd14e02e000 Uncommon trap -34 fr.pc 0x0000000106af0620
Event: 542.308 Thread 0x00007fd14e02e000 Uncommon trap -34 fr.pc 0x0000000106af0620
Event: 542.308 Thread 0x00007fd14e02e000 Uncommon trap -34 fr.pc 0x0000000106af0620
Event: 558.635 Thread 0x00007fd149adf000 Uncommon trap -12 fr.pc 0x000000010693d708

Internal exceptions (10 events):
Event: 562.660 Thread 0x00007fd151957000 Threw 0x00000007c5557420 at /HUDSON/workspace/jdk7u9-2-build-macosx-amd64-product/jdk7u9/hotspot/src/share/vm/oops/constantPoolOop.
Event: 562.660 Thread 0x00007fd151957000 Threw 0x00000007c5557938 at /HUDSON/workspace/jdk7u9-2-build-macosx-amd64-product/jdk7u9/hotspot/src/share/vm/oops/constantPoolOop.
Event: 562.660 Thread 0x00007fd151957000 Threw 0x00000007c5557ac0 at /HUDSON/workspace/jdk7u9-2-build-macosx-amd64-product/jdk7u9/hotspot/src/share/vm/oops/constantPoolOop.
Event: 562.661 Thread 0x00007fd151957000 Threw 0x00000007c5557cd8 at /HUDSON/workspace/jdk7u9-2-build-macosx-amd64-product/jdk7u9/hotspot/src/share/vm/oops/constantPoolOop.
Event: 562.661 Thread 0x00007fd151957000 Threw 0x00000007c5557f88 at /HUDSON/workspace/jdk7u9-2-build-macosx-amd64-product/jdk7u9/hotspot/src/share/vm/oops/constantPoolOop.
Event: 562.661 Thread 0x00007fd151957000 Threw 0x00000007c5558110 at /HUDSON/workspace/jdk7u9-2-build-macosx-amd64-product/jdk7u9/hotspot/src/share/vm/oops/constantPoolOop.
Event: 562.661 Thread 0x00007fd151957000 Threw 0x00000007c55582d0 at /HUDSON/workspace/jdk7u9-2-build-macosx-amd64-product/jdk7u9/hotspot/src/share/vm/oops/constantPoolOop.
Event: 562.661 Thread 0x00007fd151957000 Threw 0x00000007c5558458 at /HUDSON/workspace/jdk7u9-2-build-macosx-amd64-product/jdk7u9/hotspot/src/share/vm/oops/constantPoolOop.
Event: 562.661 Thread 0x00007fd151957000 Threw 0x00000007c5558770 at /HUDSON/workspace/jdk7u9-2-build-macosx-amd64-product/jdk7u9/hotspot/src/share/vm/oops/constantPoolOop.
Event: 563.502 Thread 0x00007fd151957000 Threw 0x00000007c55588f8 at /HUDSON/workspace/jdk7u9-2-build-macosx-amd64-product/jdk7u9/hotspot/src/share/vm/oops/constantPoolOop.

Events (10 events):
Event: 562.394 Thread 0x00007fd14903d000 flushing nmethod 0x0000000107587510
Event: 562.394 Thread 0x00007fd14903d000 flushing nmethod 0x0000000107588190
Event: 562.394 Thread 0x00007fd14903d000 flushing nmethod 0x00000001075a9710
Event: 562.394 Thread 0x00007fd14903d000 flushing nmethod 0x00000001075c6b50
Event: 562.394 Thread 0x00007fd14903d000 flushing nmethod 0x00000001075c92d0
Event: 562.394 Thread 0x00007fd14903d000 flushing nmethod 0x00000001075cfb50
Event: 562.394 Thread 0x00007fd14903d000 flushing nmethod 0x00000001075dcf50
Event: 562.661 Executing VM operation: RedefineClasses
Event: 563.500 Executing VM operation: RedefineClasses done
Event: 563.523 Executing VM operation: ParallelGCFailedPermanentAllocation


Dynamic libraries:
0x0000000003f92000 	/System/Library/Frameworks/Cocoa.framework/Versions/A/Cocoa
0x0000000003f92000 	/System/Library/Frameworks/Security.framework/Versions/A/Security
0x0000000003f92000 	/System/Library/Frameworks/ApplicationServices.framework/Versions/A/ApplicationServices
0x0000000003f92000 	/usr/lib/libz.1.dylib
0x0000000003f92000 	/usr/lib/libSystem.B.dylib
0x0000000003f92000 	/usr/lib/libobjc.A.dylib
0x0000000003f92000 	/System/Library/Frameworks/CoreFoundation.framework/Versions/A/CoreFoundation
0x0000000003f92000 	/System/Library/Frameworks/AppKit.framework/Versions/C/AppKit
0x0000000003f92000 	/System/Library/Frameworks/CoreData.framework/Versions/A/CoreData
0x0000000003f92000 	/System/Library/Frameworks/Foundation.framework/Versions/C/Foundation
0x0000000003f92000 	/System/Library/PrivateFrameworks/RemoteViewServices.framework/Versions/A/RemoteViewServices
0x0000000003f92000 	/System/Library/Frameworks/AudioToolbox.framework/Versions/A/AudioToolbox
0x0000000003f92000 	/System/Library/Frameworks/AudioUnit.framework/Versions/A/AudioUnit
0x0000000003f92000 	/System/Library/PrivateFrameworks/DataDetectorsCore.framework/Versions/A/DataDetectorsCore
0x0000000003f92000 	/System/Library/PrivateFrameworks/DesktopServicesPriv.framework/Versions/A/DesktopServicesPriv
0x0000000003f92000 	/System/Library/Frameworks/Carbon.framework/Versions/A/Frameworks/HIToolbox.framework/Versions/A/HIToolbox
0x0000000003f92000 	/System/Library/Frameworks/QuartzCore.framework/Versions/A/QuartzCore
0x0000000003f92000 	/System/Library/Frameworks/Carbon.framework/Versions/A/Frameworks/SpeechRecognition.framework/Versions/A/SpeechRecognition
0x0000000003f92000 	/usr/lib/libauto.dylib
0x0000000003f92000 	/usr/lib/libicucore.A.dylib
0x0000000003f92000 	/usr/lib/libxml2.2.dylib
0x0000000003f92000 	/System/Library/PrivateFrameworks/CoreUI.framework/Versions/A/CoreUI
0x0000000003f92000 	/System/Library/Frameworks/CoreAudio.framework/Versions/A/CoreAudio
0x0000000003f92000 	/System/Library/Frameworks/DiskArbitration.framework/Versions/A/DiskArbitration
0x0000000003f92000 	/usr/lib/liblangid.dylib
0x0000000003f92000 	/System/Library/PrivateFrameworks/MultitouchSupport.framework/Versions/A/MultitouchSupport
0x0000000003f92000 	/System/Library/Frameworks/IOKit.framework/Versions/A/IOKit
0x0000000003f92000 	/usr/lib/libDiagnosticMessagesClient.dylib
0x0000000003f92000 	/System/Library/Frameworks/CoreServices.framework/Versions/A/CoreServices
0x0000000003f92000 	/System/Library/PrivateFrameworks/PerformanceAnalysis.framework/Versions/A/PerformanceAnalysis
0x0000000003f92000 	/System/Library/PrivateFrameworks/GenerationalStorage.framework/Versions/A/GenerationalStorage
0x0000000003f92000 	/System/Library/Frameworks/OpenGL.framework/Versions/A/OpenGL
0x0000000003f92000 	/System/Library/Frameworks/CoreServices.framework/Versions/A/Frameworks/CFNetwork.framework/Versions/A/CFNetwork
0x0000000003f92000 	/System/Library/Frameworks/SystemConfiguration.framework/Versions/A/SystemConfiguration
0x0000000003f92000 	/usr/lib/libCRFSuite.dylib
0x0000000003f92000 	/usr/lib/libc++.1.dylib
0x0000000003f92000 	/usr/lib/libstdc++.6.dylib
0x0000000003f92000 	/usr/lib/libc++abi.dylib
0x0000000003f92000 	/usr/lib/system/libcache.dylib
0x0000000003f92000 	/usr/lib/system/libcommonCrypto.dylib
0x0000000003f92000 	/usr/lib/system/libcompiler_rt.dylib
0x0000000003f92000 	/usr/lib/system/libcopyfile.dylib
0x0000000003f92000 	/usr/lib/system/libdispatch.dylib
0x0000000003f92000 	/usr/lib/system/libdnsinfo.dylib
0x0000000003f92000 	/usr/lib/system/libdyld.dylib
0x0000000003f92000 	/usr/lib/system/libkeymgr.dylib
0x0000000003f92000 	/usr/lib/system/liblaunch.dylib
0x0000000003f92000 	/usr/lib/system/libmacho.dylib
0x0000000003f92000 	/usr/lib/system/libmathCommon.A.dylib
0x0000000003f92000 	/usr/lib/system/libquarantine.dylib
0x0000000003f92000 	/usr/lib/system/libremovefile.dylib
0x0000000003f92000 	/usr/lib/system/libsystem_blocks.dylib
0x0000000003f92000 	/usr/lib/system/libsystem_c.dylib
0x0000000003f92000 	/usr/lib/system/libsystem_dnssd.dylib
0x0000000003f92000 	/usr/lib/system/libsystem_info.dylib
0x0000000003f92000 	/usr/lib/system/libsystem_kernel.dylib
0x0000000003f92000 	/usr/lib/system/libsystem_network.dylib
0x0000000003f92000 	/usr/lib/system/libsystem_notify.dylib
0x0000000003f92000 	/usr/lib/system/libsystem_sandbox.dylib
0x0000000003f92000 	/usr/lib/system/libunc.dylib
0x0000000003f92000 	/usr/lib/system/libunwind.dylib
0x0000000003f92000 	/usr/lib/system/libxpc.dylib
0x0000000003f92000 	/usr/lib/libbsm.0.dylib
0x0000000003f92000 	/usr/lib/libsqlite3.dylib
0x0000000003f92000 	/usr/lib/libOpenScriptingUtil.dylib
0x0000000003f92000 	/usr/lib/libpam.2.dylib
0x0000000003f92000 	/usr/lib/libxar-nossl.dylib
0x0000000003f92000 	/usr/lib/libbz2.1.0.dylib
0x0000000003f92000 	/System/Library/Frameworks/CoreServices.framework/Versions/A/Frameworks/CarbonCore.framework/Versions/A/CarbonCore
0x0000000003f92000 	/System/Library/Frameworks/CoreServices.framework/Versions/A/Frameworks/Metadata.framework/Versions/A/Metadata
0x0000000003f92000 	/System/Library/Frameworks/CoreServices.framework/Versions/A/Frameworks/OSServices.framework/Versions/A/OSServices
0x0000000003f92000 	/System/Library/Frameworks/CoreServices.framework/Versions/A/Frameworks/SearchKit.framework/Versions/A/SearchKit
0x0000000003f92000 	/System/Library/Frameworks/CoreServices.framework/Versions/A/Frameworks/AE.framework/Versions/A/AE
0x0000000003f92000 	/System/Library/Frameworks/CoreServices.framework/Versions/A/Frameworks/LaunchServices.framework/Versions/A/LaunchServices
0x0000000003f92000 	/System/Library/Frameworks/CoreServices.framework/Versions/A/Frameworks/DictionaryServices.framework/Versions/A/DictionaryServices
0x0000000003f92000 	/System/Library/Frameworks/NetFS.framework/Versions/A/NetFS
0x0000000003f92000 	/usr/lib/system/libkxld.dylib
0x0000000003f92000 	/System/Library/PrivateFrameworks/NetAuth.framework/Versions/A/NetAuth
0x0000000003f92000 	/usr/lib/libcrypto.0.9.8.dylib
0x0000000003f92000 	/System/Library/PrivateFrameworks/TrustEvaluationAgent.framework/Versions/A/TrustEvaluationAgent
0x0000000003f92000 	/System/Library/Frameworks/OpenDirectory.framework/Versions/A/Frameworks/CFOpenDirectory.framework/Versions/A/CFOpenDirectory
0x0000000003f92000 	/usr/lib/libxslt.1.dylib
0x0000000003f92000 	/System/Library/PrivateFrameworks/FamilyControls.framework/Versions/A/FamilyControls
0x0000000003f92000 	/System/Library/Frameworks/Carbon.framework/Versions/A/Frameworks/Ink.framework/Versions/A/Ink
0x0000000003f92000 	/System/Library/Frameworks/ApplicationServices.framework/Versions/A/Frameworks/CoreGraphics.framework/Versions/A/CoreGraphics
0x0000000003f92000 	/System/Library/Frameworks/ApplicationServices.framework/Versions/A/Frameworks/ImageIO.framework/Versions/A/ImageIO
0x0000000003f92000 	/System/Library/Frameworks/ApplicationServices.framework/Versions/A/Frameworks/CoreText.framework/Versions/A/CoreText
0x0000000003f92000 	/System/Library/Frameworks/ApplicationServices.framework/Versions/A/Frameworks/ATS.framework/Versions/A/ATS
0x0000000003f92000 	/System/Library/Frameworks/ApplicationServices.framework/Versions/A/Frameworks/ColorSync.framework/Versions/A/ColorSync
0x0000000003f92000 	/System/Library/Frameworks/ApplicationServices.framework/Versions/A/Frameworks/HIServices.framework/Versions/A/HIServices
0x0000000003f92000 	/System/Library/Frameworks/ApplicationServices.framework/Versions/A/Frameworks/LangAnalysis.framework/Versions/A/LangAnalysis
0x0000000003f92000 	/System/Library/Frameworks/ApplicationServices.framework/Versions/A/Frameworks/PrintCore.framework/Versions/A/PrintCore
0x0000000003f92000 	/System/Library/Frameworks/ApplicationServices.framework/Versions/A/Frameworks/QD.framework/Versions/A/QD
0x0000000003f92000 	/System/Library/Frameworks/ApplicationServices.framework/Versions/A/Frameworks/SpeechSynthesis.framework/Versions/A/SpeechSynthesis
0x0000000003f92000 	/System/Library/Frameworks/IOSurface.framework/Versions/A/IOSurface
0x0000000003f92000 	/System/Library/Frameworks/Accelerate.framework/Versions/A/Accelerate
0x0000000003f92000 	/System/Library/Frameworks/ApplicationServices.framework/Versions/A/Frameworks/ImageIO.framework/Versions/A/Resources/libJPEG.dylib
0x0000000003f92000 	/System/Library/Frameworks/ApplicationServices.framework/Versions/A/Frameworks/ImageIO.framework/Versions/A/Resources/libTIFF.dylib
0x0000000003f92000 	/System/Library/Frameworks/ApplicationServices.framework/Versions/A/Frameworks/ImageIO.framework/Versions/A/Resources/libPng.dylib
0x0000000003f92000 	/System/Library/Frameworks/ApplicationServices.framework/Versions/A/Frameworks/ImageIO.framework/Versions/A/Resources/libGIF.dylib
0x0000000003f92000 	/System/Library/Frameworks/ApplicationServices.framework/Versions/A/Frameworks/ImageIO.framework/Versions/A/Resources/libJP2.dylib
0x0000000003f92000 	/System/Library/Frameworks/ApplicationServices.framework/Versions/A/Frameworks/ImageIO.framework/Versions/A/Resources/libRadiance.dylib
0x0000000003f92000 	/System/Library/Frameworks/Accelerate.framework/Versions/A/Frameworks/vImage.framework/Versions/A/vImage
0x0000000003f92000 	/System/Library/Frameworks/Accelerate.framework/Versions/A/Frameworks/vecLib.framework/Versions/A/vecLib
0x0000000003f92000 	/System/Library/Frameworks/Accelerate.framework/Versions/A/Frameworks/vecLib.framework/Versions/A/libvDSP.dylib
0x0000000003f92000 	/System/Library/Frameworks/Accelerate.framework/Versions/A/Frameworks/vecLib.framework/Versions/A/libvMisc.dylib
0x0000000003f92000 	/System/Library/Frameworks/Accelerate.framework/Versions/A/Frameworks/vecLib.framework/Versions/A/libLAPACK.dylib
0x0000000003f92000 	/System/Library/Frameworks/Accelerate.framework/Versions/A/Frameworks/vecLib.framework/Versions/A/libBLAS.dylib
0x0000000003f92000 	/System/Library/Frameworks/ApplicationServices.framework/Versions/A/Frameworks/ATS.framework/Versions/A/Resources/libFontParser.dylib
0x0000000003f92000 	/System/Library/Frameworks/ApplicationServices.framework/Versions/A/Frameworks/ATS.framework/Versions/A/Resources/libFontRegistry.dylib
0x0000000003f92000 	/usr/lib/libcups.2.dylib
0x0000000003f92000 	/System/Library/Frameworks/Kerberos.framework/Versions/A/Kerberos
0x0000000003f92000 	/System/Library/Frameworks/GSS.framework/Versions/A/GSS
0x0000000003f92000 	/usr/lib/libresolv.9.dylib
0x0000000003f92000 	/usr/lib/libiconv.2.dylib
0x0000000003f92000 	/System/Library/PrivateFrameworks/Heimdal.framework/Versions/A/Heimdal
0x0000000003f92000 	/System/Library/Frameworks/OpenDirectory.framework/Versions/A/OpenDirectory
0x0000000003f92000 	/System/Library/PrivateFrameworks/CommonAuth.framework/Versions/A/CommonAuth
0x0000000003f92000 	/System/Library/Frameworks/CoreVideo.framework/Versions/A/CoreVideo
0x0000000003f92000 	/System/Library/Frameworks/QuartzCore.framework/Versions/A/Frameworks/CoreImage.framework/Versions/A/CoreImage
0x0000000003f92000 	/System/Library/Frameworks/QuartzCore.framework/Versions/A/Frameworks/ScalableUserInterface.framework/Versions/A/ScalableUserInterface
0x0000000003f92000 	/System/Library/Frameworks/OpenGL.framework/Versions/A/Libraries/libGLU.dylib
0x0000000003f92000 	/System/Library/Frameworks/OpenGL.framework/Versions/A/Libraries/libGFXShared.dylib
0x0000000003f92000 	/System/Library/Frameworks/OpenGL.framework/Versions/A/Libraries/libGL.dylib
0x0000000003f92000 	/System/Library/Frameworks/OpenGL.framework/Versions/A/Libraries/libGLImage.dylib
0x0000000003f92000 	/System/Library/Frameworks/OpenGL.framework/Versions/A/Libraries/libCVMSPluginSupport.dylib
0x0000000003f92000 	/System/Library/Frameworks/OpenGL.framework/Versions/A/Libraries/libCoreVMClient.dylib
0x0000000003f92000 	/System/Library/Frameworks/OpenCL.framework/Versions/A/OpenCL
0x0000000003f92000 	/System/Library/PrivateFrameworks/FaceCoreLight.framework/Versions/A/FaceCoreLight
0x0000000003f92000 	/System/Library/Frameworks/vecLib.framework/Versions/A/vecLib
0x0000000003f92000 	/System/Library/Frameworks/SecurityFoundation.framework/Versions/A/SecurityFoundation
0x0000000003f92000 	/System/Library/PrivateFrameworks/CommerceKit.framework/Versions/A/Frameworks/CommerceCore.framework/Versions/A/CommerceCore
0x0000000003f92000 	/System/Library/PrivateFrameworks/CoreSymbolication.framework/Versions/A/CoreSymbolication
0x0000000003f92000 	/System/Library/PrivateFrameworks/Symbolication.framework/Versions/A/Symbolication
0x0000000003f92000 	/System/Library/PrivateFrameworks/DebugSymbols.framework/Versions/A/DebugSymbols
0x0000000105a83000 	/Library/Java/JavaVirtualMachines/jdk1.7.0_09.jdk/Contents/Home/jre/lib/server/libjvm.dylib
0x00000001058b6000 	/Library/Java/JavaVirtualMachines/jdk1.7.0_09.jdk/Contents/Home/jre/lib/libverify.dylib
0x00000001058c3000 	/Library/Java/JavaVirtualMachines/jdk1.7.0_09.jdk/Contents/Home/jre/lib/libjava.dylib
0x000000010662d000 	/Library/Java/JavaVirtualMachines/jdk1.7.0_09.jdk/Contents/Home/jre/lib/libzip.dylib
0x00000001135b4000 	/System/Library/Frameworks/JavaVM.framework/Frameworks/JavaRuntimeSupport.framework/JavaRuntimeSupport
0x00000001135cc000 	/System/Library/Frameworks/JavaVM.framework/Versions/A/Frameworks/JavaNativeFoundation.framework/Versions/A/JavaNativeFoundation
0x00000001135e1000 	/System/Library/Frameworks/JavaVM.framework/Versions/A/JavaVM
0x0000000003f92000 	/System/Library/Frameworks/Carbon.framework/Versions/A/Carbon
0x00000001135ee000 	/System/Library/PrivateFrameworks/JavaLaunching.framework/Versions/A/JavaLaunching
0x0000000003f92000 	/System/Library/Frameworks/Carbon.framework/Versions/A/Frameworks/CommonPanels.framework/Versions/A/CommonPanels
0x0000000003f92000 	/System/Library/Frameworks/Carbon.framework/Versions/A/Frameworks/Help.framework/Versions/A/Help
0x0000000003f92000 	/System/Library/Frameworks/Carbon.framework/Versions/A/Frameworks/ImageCapture.framework/Versions/A/ImageCapture
0x0000000003f92000 	/System/Library/Frameworks/Carbon.framework/Versions/A/Frameworks/OpenScripting.framework/Versions/A/OpenScripting
0x0000000003f92000 	/System/Library/Frameworks/Carbon.framework/Versions/A/Frameworks/Print.framework/Versions/A/Print
0x0000000003f92000 	/System/Library/Frameworks/Carbon.framework/Versions/A/Frameworks/SecurityHI.framework/Versions/A/SecurityHI
0x0000000113ee4000 	/Library/Java/JavaVirtualMachines/jdk1.7.0_09.jdk/Contents/Home/jre/lib/libnet.dylib
0x00000001140b7000 	/Library/Java/JavaVirtualMachines/jdk1.7.0_09.jdk/Contents/Home/jre/lib/libnio.dylib
0x00000001136b3000 	/Library/Java/JavaVirtualMachines/jdk1.7.0_09.jdk/Contents/Home/jre/lib/libinstrument.dylib
0x00000001136d2000 	/Library/Java/JavaVirtualMachines/jdk1.7.0_09.jdk/Contents/Home/jre/lib/libmanagement.dylib
0x00000001136df000 	/Library/Java/JavaVirtualMachines/jdk1.7.0_09.jdk/Contents/Home/jre/lib/librmi.dylib
0x0000000113703000 	/private/var/folders/k1/st6f9t8j0j92bkq6_8_0g_q40000gp/T/alloy4tmp40-marcelofrias/binary/libminisat220.jnilib
0x0000000114099000 	/Library/Java/JavaVirtualMachines/jdk1.7.0_09.jdk/Contents/Home/lib/visualvm/profiler/lib/deployed/jdk16/mac/libprofilerinterface.jnilib

VM Arguments:
jvm_args: -Xms3g -Xmx3g -Dfile.encoding=US-ASCII 
java_command: org.eclipse.jdt.internal.junit.runner.RemoteTestRunner -version 3 -port 51706 -testLoaderClass org.eclipse.jdt.internal.junit4.runner.JUnit4TestLoader -loaderpluginname org.eclipse.jdt.junit4.runtime -test ar.edu.taco.regresion.stryker.StrykerArrayListTest:test_containsTest
Launcher Type: SUN_STANDARD

Environment Variables:
PATH=/usr/bin:/bin:/usr/sbin:/sbin
SHELL=/bin/bash
DISPLAY=/tmp/launch-bz7UzU/org.x:0

Signal Handlers:
SIGSEGV: [libjvm.dylib+0x4a3a1d], sa_mask[0]=0xfffefeff, sa_flags=0x00000042
SIGBUS: [libjvm.dylib+0x4a3a1d], sa_mask[0]=0xfffefeff, sa_flags=0x00000042
SIGFPE: [libjvm.dylib+0x3b3431], sa_mask[0]=0xfffefeff, sa_flags=0x00000042
SIGPIPE: [libjvm.dylib+0x3b3431], sa_mask[0]=0xfffefeff, sa_flags=0x00000042
SIGXFSZ: [libjvm.dylib+0x3b3431], sa_mask[0]=0xfffefeff, sa_flags=0x00000042
SIGILL: [libjvm.dylib+0x3b3431], sa_mask[0]=0xfffefeff, sa_flags=0x00000042
SIGUSR1: SIG_DFL, sa_mask[0]=0x00000000, sa_flags=0x00000002
SIGUSR2: [libjvm.dylib+0x3b2fca], sa_mask[0]=0x00000004, sa_flags=0x00000042
SIGHUP: [libjvm.dylib+0x3b122b], sa_mask[0]=0xfffefeff, sa_flags=0x00000042
SIGINT: [libjvm.dylib+0x3b122b], sa_mask[0]=0xfffefeff, sa_flags=0x00000042
SIGTERM: [libjvm.dylib+0x3b122b], sa_mask[0]=0xfffefeff, sa_flags=0x00000042
SIGQUIT: [libjvm.dylib+0x3b122b], sa_mask[0]=0xfffefeff, sa_flags=0x00000042


---------------  S Y S T E M  ---------------

OS:Bsduname:Darwin 11.4.2 Darwin Kernel Version 11.4.2: Thu Aug 23 16:25:48 PDT 2012; root:xnu-1699.32.7~1/RELEASE_X86_64 x86_64
rlimit: STACK 8192k, CORE 0k, NPROC 709, NOFILE 10240, AS infinity
load average:3.79 2.99 2.19

CPU:total 4 (2 cores per cpu, 2 threads per core) family 6 model 42 stepping 7, cmov, cx8, fxsr, mmx, sse, sse2, sse3, ssse3, sse4.1, sse4.2, popcnt, avx, ht, tsc, tscinvbit

Memory: 4k page, physical 5396936k(1349234k free)

/proc/meminfo:


vm_info: Java HotSpot(TM) 64-Bit Server VM (23.5-b02) for bsd-amd64 JRE (1.7.0_09-b05), built on Sep 24 2012 21:39:08 by "java_re" with gcc 4.2.1 (Based on Apple Inc. build 5658) (LLVM build 2336.9.00)

time: Fri Dec 28 15:34:28 2012
elapsed time: 563 seconds

