#
# A fatal error has been detected by the Java Runtime Environment:
#
#  SIGSEGV (0xb) at pc=0x000000010a0d6357, pid=4928, tid=274435
#
# JRE version: 7.0_09-b05
# Java VM: Java HotSpot(TM) 64-Bit Server VM (23.5-b02 mixed mode bsd-amd64 compressed oops)
# Problematic frame:
# C  [libjava.dylib+0x9357]  JNU_NewStringPlatform+0x1d3
#
# Failed to write core dump. Core dumps have been disabled. To enable core dumping, try "ulimit -c unlimited" before starting Java again
#
# If you would like to submit a bug report, please visit:
#   http://bugreport.sun.com/bugreport/crash.jsp
# The crash happened outside the Java Virtual Machine in native code.
# See problematic frame for where to report the bug.
#

---------------  T H R E A D  ---------------

Current thread (0x00007fa2e1288000):  JavaThread "RMI TCP Connection(35)-192.168.0.102" daemon [_thread_in_native, id=274435, stack(0x00000001265a4000,0x00000001266a4000)]

siginfo:si_signo=SIGSEGV: si_errno=0, si_code=0 (SEGV0), si_addr=0x0000000000000000

Registers:
RAX=0x6a624f2f00000007, RBX=0x0000000126693210, RCX=0x000000010a0d6460, RDX=0x0000000000000000
RSP=0x0000000126692dd0, RBP=0x0000000126693200, RSI=0x0000000000000002, RDI=0x00007fa2e13881d8
R8 =0x0000000126693210, R9 =0x606c1f6e6e52ff73, R10=0x00007fff74076c50, R11=0x8080808080808080
R12=0x00007fff74071f60, R13=0x0000000126693341, R14=0x00007fa2e13881d8, R15=0x00007fa2e13881d8
RIP=0x000000010a0d6357, EFLAGS=0x0000000000010203, ERR=0x0000000000000000
  TRAPNO=0x000000000000000d

Top of Stack: (sp=0x0000000126692dd0)
0x0000000126692dd0:   0000000000000000 0000003000000020
0x0000000126692de0:   0000000126693340 0000000126693260
0x0000000126692df0:   0000000000000000 0000000000000000
0x0000000126692e00:   0000000000000000 0000000000000000
0x0000000126692e10:   0000000000000000 0000000000000000
0x0000000126692e20:   0000000000000000 0000000000000000
0x0000000126692e30:   0000000000000000 0000000000000000
0x0000000126692e40:   0000000000000000 0000000000000000
0x0000000126692e50:   0000000000000000 0000000000000000
0x0000000126692e60:   0000000000000000 0000000000000000
0x0000000126692e70:   0000000000000000 0000000000000000
0x0000000126692e80:   0000000126693188 0000000126692e98
0x0000000126692e90:   0000000000000000 0000000115b2277e
0x0000000126692ea0:   0000000000000001 0000000115b22584
0x0000000126692eb0:   0000000000000012 0000000000000000
0x0000000126692ec0:   0000000000000000 0000000000000000
0x0000000126692ed0:   0000000000000000 0000000000000000
0x0000000126692ee0:   0000000000000000 0000000000000000
0x0000000126692ef0:   0000000000000000 0000000000000000
0x0000000126692f00:   0000000000000000 0000000000000000
0x0000000126692f10:   0000000000000000 5800000000000000
0x0000000126692f20:   0000000000000000 0000000000000000
0x0000000126692f30:   0000000000000000 0000000000000000
0x0000000126692f40:   0000000000000000 0000000000000000
0x0000000126692f50:   0000000000000000 0000000000000000
0x0000000126692f60:   0000000000000000 0000000000000000
0x0000000126692f70:   0000000000000000 0000000000000000
0x0000000126692f80:   0000000000000000 0000000000000000
0x0000000126692f90:   0000000000000000 0000000000000000
0x0000000126692fa0:   0000000000000000 0000000000000000
0x0000000126692fb0:   0000000000000000 0000000000000000
0x0000000126692fc0:   0000000000000000 0000000000000000 

Instructions: (pc=0x000000010a0d6357)
0x000000010a0d6337:   66 89 32 48 83 c2 02 48 ff c3 48 ff c8 0f 84 ef
0x000000010a0d6347:   fe ff ff eb da 49 8b 06 be 02 00 00 00 4c 89 f7
0x000000010a0d6357:   ff 90 d0 00 00 00 85 c0 0f 88 f1 00 00 00 48 89
0x000000010a0d6367:   df e8 3b 08 01 00 49 8b 0e 41 89 c7 4c 89 f7 44 

Register to memory mapping:

RAX=0x6a624f2f00000007 is an unknown value
RBX=0x0000000126693210 is pointing into the stack for thread: 0x00007fa2e1288000
RCX=0x000000010a0d6460: JNU_NewStringPlatform+0x2dc in /Library/Java/JavaVirtualMachines/jdk1.7.0_09.jdk/Contents/Home/jre/lib/libjava.dylib at 0x000000010a0cd000
RDX=0x0000000000000000 is an unknown value
RSP=0x0000000126692dd0 is pointing into the stack for thread: 0x00007fa2e1288000
RBP=0x0000000126693200 is pointing into the stack for thread: 0x00007fa2e1288000
RSI=0x0000000000000002 is an unknown value
RDI=0x00007fa2e13881d8 is an unknown value
R8 =0x0000000126693210 is pointing into the stack for thread: 0x00007fa2e1288000
R9 =0x606c1f6e6e52ff73 is an unknown value
R10=0x00007fff74076c50: ebuf.1674+0 in /usr/lib/system/libsystem_c.dylib at 0x00007fff845a6000
R11=0x8080808080808080 is an unknown value
R12=0x00007fff74071f60: __stack_chk_guard+0 in /usr/lib/system/libsystem_c.dylib at 0x00007fff845a6000
R13=0x0000000126693341 is pointing into the stack for thread: 0x00007fa2e1288000
R14=0x00007fa2e13881d8 is an unknown value
R15=0x00007fa2e13881d8 is an unknown value


Stack: [0x00000001265a4000,0x00000001266a4000],  sp=0x0000000126692dd0,  free space=955k
Native frames: (J=compiled Java code, j=interpreted, Vv=VM code, C=native code)
C  [libjava.dylib+0x9357]  JNU_NewStringPlatform+0x1d3
C  [libjava.dylib+0x94c9]  JNU_ThrowByNameWithLastError+0x4b
C  [libnet.dylib+0x632a]  NET_ThrowByNameWithLastError+0x64

Java frames: (J=compiled Java code, j=interpreted, Vv=VM code)
j  java.net.SocketInputStream.socketRead0(Ljava/io/FileDescriptor;[BIII)I+0
j  java.net.SocketInputStream.read([BIII)I+79
j  java.net.SocketInputStream.read([BII)I+11
j  java.io.BufferedInputStream.fill()V+175
j  java.io.BufferedInputStream.read()I+12
j  java.io.DataInputStream.readInt()I+4
j  sun.rmi.transport.tcp.TCPTransport$ConnectionHandler.run0()V+100
j  sun.rmi.transport.tcp.TCPTransport$ConnectionHandler.run()V+50
j  java.util.concurrent.ThreadPoolExecutor.runWorker(Ljava/util/concurrent/ThreadPoolExecutor$Worker;)V+46
j  java.util.concurrent.ThreadPoolExecutor$Worker.run()V+5
j  java.lang.Thread.run()V+11
v  ~StubRoutines::call_stub

---------------  P R O C E S S  ---------------

Java Threads: ( => current thread )
  0x00007fa2de5b0000 JavaThread "pool-895-thread-1" [_thread_blocked, id=274691, stack(0x0000000126beb000,0x0000000126ceb000)]
=>0x00007fa2e1288000 JavaThread "RMI TCP Connection(35)-192.168.0.102" daemon [_thread_in_native, id=274435, stack(0x00000001265a4000,0x00000001266a4000)]
  0x00007fa2e20b1000 JavaThread "pool-894-thread-1" [_thread_in_vm, id=273923, stack(0x0000000126ae8000,0x0000000126be8000)]
  0x00007fa2e284c000 JavaThread "JMX server connection timeout 896" daemon [_thread_blocked, id=247043, stack(0x0000000124666000,0x0000000124766000)]
  0x00007fa2e21d5000 JavaThread "RMI TCP Connection(20)-192.168.0.102" daemon [_thread_blocked, id=134403, stack(0x0000000118c47000,0x0000000118d47000)]
  0x00007fa2dd431800 JavaThread "pool-5-thread-1" [_thread_blocked, id=22275, stack(0x0000000117676000,0x0000000117776000)]
  0x00007fa2db328000 JavaThread "pool-4-thread-1" [_thread_blocked, id=22019, stack(0x0000000117046000,0x0000000117146000)]
  0x00007fa2db1a7800 JavaThread "pool-3-thread-1" [_thread_blocked, id=14603, stack(0x00000001165aa000,0x00000001166aa000)]
  0x00007fa2dd24a800 JavaThread "RMI Scheduler(0)" daemon [_thread_blocked, id=20995, stack(0x0000000116b9d000,0x0000000116c9d000)]
  0x00007fa2da9fd000 JavaThread "RMI TCP Connection(18)-192.168.0.102" daemon [_thread_in_native, id=20483, stack(0x0000000116a9a000,0x0000000116b9a000)]
  0x00007fa2dd2db000 JavaThread "RMI TCP Accept-0" daemon [_thread_in_native, id=19971, stack(0x00000001168c3000,0x00000001169c3000)]
  0x00007fa2da9ff000 JavaThread "Attach Listener" daemon [_thread_blocked, id=16647, stack(0x00000001164a7000,0x00000001165a7000)]
  0x00007fa2dc8fb000 JavaThread "ReaderThread" [_thread_in_native, id=19203, stack(0x0000000115b74000,0x0000000115c74000)]
  0x00007fa2dc811000 JavaThread "Service Thread" daemon [_thread_blocked, id=18691, stack(0x00000001156f5000,0x00000001157f5000)]
  0x00007fa2da841800 JavaThread "C2 CompilerThread1" daemon [_thread_blocked, id=18435, stack(0x00000001155f2000,0x00000001156f2000)]
  0x00007fa2da840000 JavaThread "C2 CompilerThread0" daemon [_thread_blocked, id=18179, stack(0x00000001154ef000,0x00000001155ef000)]
  0x00007fa2dc011800 JavaThread "Signal Dispatcher" daemon [_thread_blocked, id=17923, stack(0x00000001153ec000,0x00000001154ec000)]
  0x00007fa2dc007000 JavaThread "Finalizer" daemon [_thread_blocked, id=14083, stack(0x00000001150e2000,0x00000001151e2000)]
  0x00007fa2dc006800 JavaThread "Reference Handler" daemon [_thread_blocked, id=13827, stack(0x0000000114fdf000,0x00000001150df000)]
  0x00007fa2dc800000 JavaThread "main" [_thread_in_Java, id=7171, stack(0x000000010aca8000,0x000000010ada8000)]

Other Threads:
  0x00007fa2dc005800 VMThread [stack: 0x0000000114edc000,0x0000000114fdc000] [id=13571]
  0x00007fa2db064000 WatcherThread [stack: 0x00000001157f8000,0x00000001158f8000] [id=18947]

VM state:synchronizing (normal execution)

VM Mutex/Monitor currently owned by a thread:  ([mutex/lock_event])
[0x00007fa2da601820] Safepoint_lock - owner thread: 0x00007fa2dc005800
[0x00007fa2da6018a0] Threads_lock - owner thread: 0x00007fa2dc005800

Heap
 PSYoungGen      total 433280K, used 211419K [0x00000007d5560000, 0x0000000800000000, 0x0000000800000000)
  eden space 258816K, 81% used [0x00000007d5560000,0x00000007e23d6c30,0x00000007e5220000)
  from space 174464K, 0% used [0x00000007f55a0000,0x00000007f55a0000,0x0000000800000000)
  to   space 220096K, 0% used [0x00000007e5220000,0x00000007e5220000,0x00000007f2910000)
 ParOldGen       total 1398144K, used 1398141K [0x0000000780000000, 0x00000007d5560000, 0x00000007d5560000)
  object space 1398144K, 99% used [0x0000000780000000,0x00000007d555f720,0x00000007d5560000)
 PSPermGen       total 41792K, used 38614K [0x000000077ae00000, 0x000000077d6d0000, 0x0000000780000000)
  object space 41792K, 92% used [0x000000077ae00000,0x000000077d3b5960,0x000000077d6d0000)

Card table byte_map: [0x000000010de7b000,0x000000010e2a5000] byte_map_base: 0x000000010a2a4000

Polling page: 0x000000010a0fd000

Code Cache  [0x000000010adbb000, 0x000000010bf8b000, 0x000000010ddbb000)
 total_blobs=4927 nmethods=4522 adapters=353 free_code_cache=31190Kb largest_free_block=31669760

Compilation events (10 events):
Event: 1577.816 Thread 0x00007fa2da841800 5232   !         org.eclipse.jdt.internal.compiler.parser.JmlParserHelper::Assert_isTrue (10 bytes)
Event: 1577.816 Thread 0x00007fa2da841800 nmethod 5232 0x000000010bdd5a10 code [0x000000010bdd5b40, 0x000000010bdd5b98]
Event: 1577.819 Thread 0x00007fa2da841800 5233             org.eclipse.jdt.internal.compiler.parser.Parser::consumeLocalVariableDeclarationStatement (90 bytes)
Event: 1577.840 Thread 0x00007fa2da841800 nmethod 5233 0x000000010beaf650 code [0x000000010beaf7a0, 0x000000010beaf998]
Event: 1578.109 Thread 0x00007fa2da840000 5234             org.eclipse.jdt.internal.compiler.parser.JmlParserHelper::nullityStackIsEmpty (47 bytes)
Event: 1578.111 Thread 0x00007fa2da840000 nmethod 5234 0x000000010bdc9b50 code [0x000000010bdc9ca0, 0x000000010bdc9d78]
Event: 1581.346 Thread 0x00007fa2da841800 5235             org.eclipse.jdt.internal.compiler.parser.JmlParserHelper::getAndResetNullity (71 bytes)
Event: 1581.347 Thread 0x00007fa2da841800 nmethod 5235 0x000000010b025990 code [0x000000010b025ae0, 0x000000010b025bb8]
Event: 1581.370 Thread 0x00007fa2da841800 5236             org.eclipse.jdt.internal.compiler.parser.Parser::getTypeReference (457 bytes)
Event: 1581.400 Thread 0x00007fa2da841800 nmethod 5236 0x000000010be1e8d0 code [0x000000010be1eae0, 0x000000010be1f710]

GC Heap History (10 events):
Event: 1574.444 GC heap before
{Heap before GC invocations=657 (full 545):
 PSYoungGen      total 433280K, used 258816K [0x00000007d5560000, 0x0000000800000000, 0x0000000800000000)
  eden space 258816K, 100% used [0x00000007d5560000,0x00000007e5220000,0x00000007e5220000)
  from space 174464K, 0% used [0x00000007f55a0000,0x00000007f55a0000,0x0000000800000000)
  to   space 220096K, 0% used [0x00000007e5220000,0x00000007e5220000,0x00000007f2910000)
 ParOldGen       total 1398144K, used 1398026K [0x0000000780000000, 0x00000007d5560000, 0x00000007d5560000)
  object space 1398144K, 99% used [0x0000000780000000,0x00000007d5542830,0x00000007d5560000)
 PSPermGen       total 42176K, used 38027K [0x000000077ae00000, 0x000000077d730000, 0x0000000780000000)
  object space 42176K, 90% used [0x000000077ae00000,0x000000077d322e68,0x000000077d730000)
Event: 1576.145 GC heap after
Heap after GC invocations=657 (full 545):
 PSYoungGen      total 433280K, used 201064K [0x00000007d5560000, 0x0000000800000000, 0x0000000800000000)
  eden space 258816K, 77% used [0x00000007d5560000,0x00000007e19ba348,0x00000007e5220000)
  from space 174464K, 0% used [0x00000007f55a0000,0x00000007f55a0000,0x0000000800000000)
  to   space 220096K, 0% used [0x00000007e5220000,0x00000007e5220000,0x00000007f2910000)
 ParOldGen       total 1398144K, used 1398125K [0x0000000780000000, 0x00000007d5560000, 0x00000007d5560000)
  object space 1398144K, 99% used [0x0000000780000000,0x00000007d555b590,0x00000007d5560000)
 PSPermGen       total 42176K, used 38027K [0x000000077ae00000, 0x000000077d730000, 0x0000000780000000)
  object space 42176K, 90% used [0x000000077ae00000,0x000000077d322e68,0x000000077d730000)
}
Event: 1576.231 GC heap before
{Heap before GC invocations=658 (full 546):
 PSYoungGen      total 433280K, used 258816K [0x00000007d5560000, 0x0000000800000000, 0x0000000800000000)
  eden space 258816K, 100% used [0x00000007d5560000,0x00000007e5220000,0x00000007e5220000)
  from space 174464K, 0% used [0x00000007f55a0000,0x00000007f55a0000,0x0000000800000000)
  to   space 220096K, 0% used [0x00000007e5220000,0x00000007e5220000,0x00000007f2910000)
 ParOldGen       total 1398144K, used 1398125K [0x0000000780000000, 0x00000007d5560000, 0x00000007d5560000)
  object space 1398144K, 99% used [0x0000000780000000,0x00000007d555b590,0x00000007d5560000)
 PSPermGen       total 42176K, used 38028K [0x000000077ae00000, 0x000000077d730000, 0x0000000780000000)
  object space 42176K, 90% used [0x000000077ae00000,0x000000077d3232c0,0x000000077d730000)
Event: 1577.676 GC heap after
Heap after GC invocations=658 (full 546):
 PSYoungGen      total 433280K, used 206378K [0x00000007d5560000, 0x0000000800000000, 0x0000000800000000)
  eden space 258816K, 79% used [0x00000007d5560000,0x00000007e1eeab28,0x00000007e5220000)
  from space 174464K, 0% used [0x00000007f55a0000,0x00000007f55a0000,0x0000000800000000)
  to   space 220096K, 0% used [0x00000007e5220000,0x00000007e5220000,0x00000007f2910000)
 ParOldGen       total 1398144K, used 1398125K [0x0000000780000000, 0x00000007d5560000, 0x00000007d5560000)
  object space 1398144K, 99% used [0x0000000780000000,0x00000007d555b590,0x00000007d5560000)
 PSPermGen       total 41984K, used 38028K [0x000000077ae00000, 0x000000077d700000, 0x0000000780000000)
  object space 41984K, 90% used [0x000000077ae00000,0x000000077d3232c0,0x000000077d700000)
}
Event: 1578.126 GC heap before
{Heap before GC invocations=659 (full 547):
 PSYoungGen      total 433280K, used 258816K [0x00000007d5560000, 0x0000000800000000, 0x0000000800000000)
  eden space 258816K, 100% used [0x00000007d5560000,0x00000007e5220000,0x00000007e5220000)
  from space 174464K, 0% used [0x00000007f55a0000,0x00000007f55a0000,0x0000000800000000)
  to   space 220096K, 0% used [0x00000007e5220000,0x00000007e5220000,0x00000007f2910000)
 ParOldGen       total 1398144K, used 1398125K [0x0000000780000000, 0x00000007d5560000, 0x00000007d5560000)
  object space 1398144K, 99% used [0x0000000780000000,0x00000007d555b590,0x00000007d5560000)
 PSPermGen       total 41984K, used 38028K [0x000000077ae00000, 0x000000077d700000, 0x0000000780000000)
  object space 41984K, 90% used [0x000000077ae00000,0x000000077d3232c0,0x000000077d700000)
Event: 1581.192 GC heap after
Heap after GC invocations=659 (full 547):
 PSYoungGen      total 433280K, used 215456K [0x00000007d5560000, 0x0000000800000000, 0x0000000800000000)
  eden space 258816K, 83% used [0x00000007d5560000,0x00000007e27c8230,0x00000007e5220000)
  from space 174464K, 0% used [0x00000007f55a0000,0x00000007f55a0000,0x0000000800000000)
  to   space 220096K, 0% used [0x00000007e5220000,0x00000007e5220000,0x00000007f2910000)
 ParOldGen       total 1398144K, used 1398125K [0x0000000780000000, 0x00000007d5560000, 0x00000007d5560000)
  object space 1398144K, 99% used [0x0000000780000000,0x00000007d555b520,0x00000007d5560000)
 PSPermGen       total 41984K, used 38028K [0x000000077ae00000, 0x000000077d700000, 0x0000000780000000)
  object space 41984K, 90% used [0x000000077ae00000,0x000000077d3232c0,0x000000077d700000)
}
Event: 1581.640 GC heap before
{Heap before GC invocations=660 (full 548):
 PSYoungGen      total 433280K, used 258816K [0x00000007d5560000, 0x0000000800000000, 0x0000000800000000)
  eden space 258816K, 100% used [0x00000007d5560000,0x00000007e5220000,0x00000007e5220000)
  from space 174464K, 0% used [0x00000007f55a0000,0x00000007f55a0000,0x0000000800000000)
  to   space 220096K, 0% used [0x00000007e5220000,0x00000007e5220000,0x00000007f2910000)
 ParOldGen       total 1398144K, used 1398125K [0x0000000780000000, 0x00000007d5560000, 0x00000007d5560000)
  object space 1398144K, 99% used [0x0000000780000000,0x00000007d555b520,0x00000007d5560000)
 PSPermGen       total 41984K, used 38028K [0x000000077ae00000, 0x000000077d700000, 0x0000000780000000)
  object space 41984K, 90% used [0x000000077ae00000,0x000000077d3232c0,0x000000077d700000)
Event: 1584.743 GC heap after
Heap after GC invocations=660 (full 548):
 PSYoungGen      total 433280K, used 221412K [0x00000007d5560000, 0x0000000800000000, 0x0000000800000000)
  eden space 258816K, 85% used [0x00000007d5560000,0x00000007e2d99390,0x00000007e5220000)
  from space 174464K, 0% used [0x00000007f55a0000,0x00000007f55a0000,0x0000000800000000)
  to   space 220096K, 0% used [0x00000007e5220000,0x00000007e5220000,0x00000007f2910000)
 ParOldGen       total 1398144K, used 1398140K [0x0000000780000000, 0x00000007d5560000, 0x00000007d5560000)
  object space 1398144K, 99% used [0x0000000780000000,0x00000007d555f3f0,0x00000007d5560000)
 PSPermGen       total 41920K, used 38028K [0x000000077ae00000, 0x000000077d6f0000, 0x0000000780000000)
  object space 41920K, 90% used [0x000000077ae00000,0x000000077d3232c0,0x000000077d6f0000)
}
Event: 1585.073 GC heap before
{Heap before GC invocations=661 (full 549):
 PSYoungGen      total 433280K, used 258816K [0x00000007d5560000, 0x0000000800000000, 0x0000000800000000)
  eden space 258816K, 100% used [0x00000007d5560000,0x00000007e5220000,0x00000007e5220000)
  from space 174464K, 0% used [0x00000007f55a0000,0x00000007f55a0000,0x0000000800000000)
  to   space 220096K, 0% used [0x00000007e5220000,0x00000007e5220000,0x00000007f2910000)
 ParOldGen       total 1398144K, used 1398140K [0x0000000780000000, 0x00000007d5560000, 0x00000007d5560000)
  object space 1398144K, 99% used [0x0000000780000000,0x00000007d555f3f0,0x00000007d5560000)
 PSPermGen       total 41920K, used 38929K [0x000000077ae00000, 0x000000077d6f0000, 0x0000000780000000)
  object space 41920K, 92% used [0x000000077ae00000,0x000000077d404590,0x000000077d6f0000)
Event: 1587.352 GC heap after
Heap after GC invocations=661 (full 549):
 PSYoungGen      total 433280K, used 204993K [0x00000007d5560000, 0x0000000800000000, 0x0000000800000000)
  eden space 258816K, 79% used [0x00000007d5560000,0x00000007e1d90420,0x00000007e5220000)
  from space 174464K, 0% used [0x00000007f55a0000,0x00000007f55a0000,0x0000000800000000)
  to   space 220096K, 0% used [0x00000007e5220000,0x00000007e5220000,0x00000007f2910000)
 ParOldGen       total 1398144K, used 1398141K [0x0000000780000000, 0x00000007d5560000, 0x00000007d5560000)
  object space 1398144K, 99% used [0x0000000780000000,0x00000007d555f720,0x00000007d5560000)
 PSPermGen       total 41792K, used 38306K [0x000000077ae00000, 0x000000077d6d0000, 0x0000000780000000)
  object space 41792K, 91% used [0x000000077ae00000,0x000000077d368bd0,0x000000077d6d0000)
}

Deoptimization events (10 events):
Event: 1539.907 Thread 0x00007fa2e2e5f000 Uncommon trap 1042 fr.pc 0x000000010bd64dc0
Event: 1539.911 Thread 0x00007fa2e2e5f000 Uncommon trap 1042 fr.pc 0x000000010bf51b28
Event: 1541.539 Thread 0x00007fa2e2e5f000 Uncommon trap 1042 fr.pc 0x000000010bceaef8
Event: 1541.693 Thread 0x00007fa2e2e5f000 Uncommon trap 1042 fr.pc 0x000000010be69c24
Event: 1544.171 Thread 0x00007fa2e2e5f000 Uncommon trap 1042 fr.pc 0x000000010bdb36b8
Event: 1570.573 Thread 0x00007fa2db328000 Uncommon trap 1042 fr.pc 0x000000010bf559e8
Event: 1577.817 Thread 0x00007fa2e247f800 Uncommon trap 1042 fr.pc 0x000000010bdd5b78
Event: 1577.847 Thread 0x00007fa2e247f800 Uncommon trap 1042 fr.pc 0x000000010beaf8a8
Event: 1578.111 Thread 0x00007fa2e247f800 Uncommon trap 1042 fr.pc 0x000000010bdc9d1c
Event: 1581.347 Thread 0x00007fa2e247f800 Uncommon trap 1042 fr.pc 0x000000010b025b58

Internal exceptions (10 events):
Event: 1585.012 Thread 0x00007fa2e20b1000 Threw 0x00000007e4d871b0 at /HUDSON/workspace/jdk7u9-2-build-macosx-amd64-product/jdk7u9/hotspot/src/share/vm/runtime/reflection.cp
Event: 1585.028 Thread 0x00007fa2e20b1000 Threw 0x00000007e4d97d30 at /HUDSON/workspace/jdk7u9-2-build-macosx-amd64-product/jdk7u9/hotspot/src/share/vm/prims/jvm.cpp:1166
Event: 1585.029 Thread 0x00007fa2e20b1000 Threw 0x00000007e4f0ed10 at /HUDSON/workspace/jdk7u9-2-build-macosx-amd64-product/jdk7u9/hotspot/src/share/vm/prims/jvm.cpp:1166
Event: 1587.353 Thread 0x00007fa2db1a7800 Threw 0x00000007e1daaa68 at /HUDSON/workspace/jdk7u9-2-build-macosx-amd64-product/jdk7u9/hotspot/src/share/vm/prims/jni.cpp:716
Event: 1587.353 Thread 0x00007fa2db1a7800 Threw 0x00000007e1dab618 at /HUDSON/workspace/jdk7u9-2-build-macosx-amd64-product/jdk7u9/hotspot/src/share/vm/prims/jni.cpp:716
Event: 1587.353 Thread 0x00007fa2db328000 JVM_StopThread thread JavaThread 0x00007fa2e20b1000 as oop 0x00000007dfde2538 [exception 0x0000000117145730]
Event: 1587.366 Thread 0x00007fa2de5b0000 Threw 0x00000007e21eb3e8 at /HUDSON/workspace/jdk7u9-2-build-macosx-amd64-product/jdk7u9/hotspot/src/share/vm/prims/jvm.cpp:1166
Event: 1587.367 Thread 0x00007fa2db1a7800 Threw 0x00000007e21ccd80 at /HUDSON/workspace/jdk7u9-2-build-macosx-amd64-product/jdk7u9/hotspot/src/share/vm/prims/jni.cpp:716
Event: 1587.367 Thread 0x00007fa2de5b0000 Threw 0x00000007e21f14e8 at /HUDSON/workspace/jdk7u9-2-build-macosx-amd64-product/jdk7u9/hotspot/src/share/vm/prims/jvm.cpp:1166
Event: 1587.367 Thread 0x00007fa2db1a7800 Threw 0x00000007e21cd930 at /HUDSON/workspace/jdk7u9-2-build-macosx-amd64-product/jdk7u9/hotspot/src/share/vm/prims/jni.cpp:716

Events (10 events):
Event: 1585.011 loading class 0x00007fa2e4e7a540 done
Event: 1585.028 loading class 0x00007fa2e4b47610
Event: 1585.028 loading class 0x00007fa2e4b47610 done
Event: 1585.073 Executing VM operation: ParallelGCFailedAllocation
Event: 1587.352 Executing VM operation: ParallelGCFailedAllocation done
Event: 1587.353 Thread 0x00007fa2e1288000 Thread added: 0x00007fa2e1288000
Event: 1587.354 Executing VM operation: ThreadStop
Event: 1587.363 Thread 0x00007fa2de5b0000 Thread added: 0x00007fa2de5b0000
Event: 1587.366 loading class 0x00007fa2e4b47610
Event: 1587.366 loading class 0x00007fa2e4b47610 done


Dynamic libraries:
0x0000000003f92000 	/System/Library/Frameworks/Cocoa.framework/Versions/A/Cocoa
0x0000000003f92000 	/System/Library/Frameworks/Security.framework/Versions/A/Security
0x0000000003f92000 	/System/Library/Frameworks/ApplicationServices.framework/Versions/A/ApplicationServices
0x0000000003f92000 	/usr/lib/libz.1.dylib
0x0000000003f92000 	/usr/lib/libSystem.B.dylib
0x0000000003f92000 	/usr/lib/libobjc.A.dylib
0x0000000003f92000 	/System/Library/Frameworks/CoreFoundation.framework/Versions/A/CoreFoundation
0x0000000003f92000 	/System/Library/Frameworks/AppKit.framework/Versions/C/AppKit
0x0000000003f92000 	/System/Library/Frameworks/CoreData.framework/Versions/A/CoreData
0x0000000003f92000 	/System/Library/Frameworks/Foundation.framework/Versions/C/Foundation
0x0000000003f92000 	/System/Library/PrivateFrameworks/RemoteViewServices.framework/Versions/A/RemoteViewServices
0x0000000003f92000 	/System/Library/Frameworks/AudioToolbox.framework/Versions/A/AudioToolbox
0x0000000003f92000 	/System/Library/Frameworks/AudioUnit.framework/Versions/A/AudioUnit
0x0000000003f92000 	/System/Library/PrivateFrameworks/DataDetectorsCore.framework/Versions/A/DataDetectorsCore
0x0000000003f92000 	/System/Library/PrivateFrameworks/DesktopServicesPriv.framework/Versions/A/DesktopServicesPriv
0x0000000003f92000 	/System/Library/Frameworks/Carbon.framework/Versions/A/Frameworks/HIToolbox.framework/Versions/A/HIToolbox
0x0000000003f92000 	/System/Library/Frameworks/QuartzCore.framework/Versions/A/QuartzCore
0x0000000003f92000 	/System/Library/Frameworks/Carbon.framework/Versions/A/Frameworks/SpeechRecognition.framework/Versions/A/SpeechRecognition
0x0000000003f92000 	/usr/lib/libauto.dylib
0x0000000003f92000 	/usr/lib/libicucore.A.dylib
0x0000000003f92000 	/usr/lib/libxml2.2.dylib
0x0000000003f92000 	/System/Library/PrivateFrameworks/CoreUI.framework/Versions/A/CoreUI
0x0000000003f92000 	/System/Library/Frameworks/CoreAudio.framework/Versions/A/CoreAudio
0x0000000003f92000 	/System/Library/Frameworks/DiskArbitration.framework/Versions/A/DiskArbitration
0x0000000003f92000 	/usr/lib/liblangid.dylib
0x0000000003f92000 	/System/Library/PrivateFrameworks/MultitouchSupport.framework/Versions/A/MultitouchSupport
0x0000000003f92000 	/System/Library/Frameworks/IOKit.framework/Versions/A/IOKit
0x0000000003f92000 	/usr/lib/libDiagnosticMessagesClient.dylib
0x0000000003f92000 	/System/Library/Frameworks/CoreServices.framework/Versions/A/CoreServices
0x0000000003f92000 	/System/Library/PrivateFrameworks/PerformanceAnalysis.framework/Versions/A/PerformanceAnalysis
0x0000000003f92000 	/System/Library/PrivateFrameworks/GenerationalStorage.framework/Versions/A/GenerationalStorage
0x0000000003f92000 	/System/Library/Frameworks/OpenGL.framework/Versions/A/OpenGL
0x0000000003f92000 	/System/Library/Frameworks/CoreServices.framework/Versions/A/Frameworks/CFNetwork.framework/Versions/A/CFNetwork
0x0000000003f92000 	/System/Library/Frameworks/SystemConfiguration.framework/Versions/A/SystemConfiguration
0x0000000003f92000 	/usr/lib/libCRFSuite.dylib
0x0000000003f92000 	/usr/lib/libc++.1.dylib
0x0000000003f92000 	/usr/lib/libstdc++.6.dylib
0x0000000003f92000 	/usr/lib/libc++abi.dylib
0x0000000003f92000 	/usr/lib/system/libcache.dylib
0x0000000003f92000 	/usr/lib/system/libcommonCrypto.dylib
0x0000000003f92000 	/usr/lib/system/libcompiler_rt.dylib
0x0000000003f92000 	/usr/lib/system/libcopyfile.dylib
0x0000000003f92000 	/usr/lib/system/libdispatch.dylib
0x0000000003f92000 	/usr/lib/system/libdnsinfo.dylib
0x0000000003f92000 	/usr/lib/system/libdyld.dylib
0x0000000003f92000 	/usr/lib/system/libkeymgr.dylib
0x0000000003f92000 	/usr/lib/system/liblaunch.dylib
0x0000000003f92000 	/usr/lib/system/libmacho.dylib
0x0000000003f92000 	/usr/lib/system/libmathCommon.A.dylib
0x0000000003f92000 	/usr/lib/system/libquarantine.dylib
0x0000000003f92000 	/usr/lib/system/libremovefile.dylib
0x0000000003f92000 	/usr/lib/system/libsystem_blocks.dylib
0x0000000003f92000 	/usr/lib/system/libsystem_c.dylib
0x0000000003f92000 	/usr/lib/system/libsystem_dnssd.dylib
0x0000000003f92000 	/usr/lib/system/libsystem_info.dylib
0x0000000003f92000 	/usr/lib/system/libsystem_kernel.dylib
0x0000000003f92000 	/usr/lib/system/libsystem_network.dylib
0x0000000003f92000 	/usr/lib/system/libsystem_notify.dylib
0x0000000003f92000 	/usr/lib/system/libsystem_sandbox.dylib
0x0000000003f92000 	/usr/lib/system/libunc.dylib
0x0000000003f92000 	/usr/lib/system/libunwind.dylib
0x0000000003f92000 	/usr/lib/system/libxpc.dylib
0x0000000003f92000 	/usr/lib/libbsm.0.dylib
0x0000000003f92000 	/usr/lib/libsqlite3.dylib
0x0000000003f92000 	/usr/lib/libOpenScriptingUtil.dylib
0x0000000003f92000 	/usr/lib/libpam.2.dylib
0x0000000003f92000 	/usr/lib/libxar-nossl.dylib
0x0000000003f92000 	/usr/lib/libbz2.1.0.dylib
0x0000000003f92000 	/System/Library/Frameworks/CoreServices.framework/Versions/A/Frameworks/CarbonCore.framework/Versions/A/CarbonCore
0x0000000003f92000 	/System/Library/Frameworks/CoreServices.framework/Versions/A/Frameworks/Metadata.framework/Versions/A/Metadata
0x0000000003f92000 	/System/Library/Frameworks/CoreServices.framework/Versions/A/Frameworks/OSServices.framework/Versions/A/OSServices
0x0000000003f92000 	/System/Library/Frameworks/CoreServices.framework/Versions/A/Frameworks/SearchKit.framework/Versions/A/SearchKit
0x0000000003f92000 	/System/Library/Frameworks/CoreServices.framework/Versions/A/Frameworks/AE.framework/Versions/A/AE
0x0000000003f92000 	/System/Library/Frameworks/CoreServices.framework/Versions/A/Frameworks/LaunchServices.framework/Versions/A/LaunchServices
0x0000000003f92000 	/System/Library/Frameworks/CoreServices.framework/Versions/A/Frameworks/DictionaryServices.framework/Versions/A/DictionaryServices
0x0000000003f92000 	/System/Library/Frameworks/NetFS.framework/Versions/A/NetFS
0x0000000003f92000 	/usr/lib/system/libkxld.dylib
0x0000000003f92000 	/System/Library/PrivateFrameworks/NetAuth.framework/Versions/A/NetAuth
0x0000000003f92000 	/usr/lib/libcrypto.0.9.8.dylib
0x0000000003f92000 	/System/Library/PrivateFrameworks/TrustEvaluationAgent.framework/Versions/A/TrustEvaluationAgent
0x0000000003f92000 	/System/Library/Frameworks/OpenDirectory.framework/Versions/A/Frameworks/CFOpenDirectory.framework/Versions/A/CFOpenDirectory
0x0000000003f92000 	/usr/lib/libxslt.1.dylib
0x0000000003f92000 	/System/Library/PrivateFrameworks/FamilyControls.framework/Versions/A/FamilyControls
0x0000000003f92000 	/System/Library/Frameworks/Carbon.framework/Versions/A/Frameworks/Ink.framework/Versions/A/Ink
0x0000000003f92000 	/System/Library/Frameworks/ApplicationServices.framework/Versions/A/Frameworks/CoreGraphics.framework/Versions/A/CoreGraphics
0x0000000003f92000 	/System/Library/Frameworks/ApplicationServices.framework/Versions/A/Frameworks/ImageIO.framework/Versions/A/ImageIO
0x0000000003f92000 	/System/Library/Frameworks/ApplicationServices.framework/Versions/A/Frameworks/CoreText.framework/Versions/A/CoreText
0x0000000003f92000 	/System/Library/Frameworks/ApplicationServices.framework/Versions/A/Frameworks/ATS.framework/Versions/A/ATS
0x0000000003f92000 	/System/Library/Frameworks/ApplicationServices.framework/Versions/A/Frameworks/ColorSync.framework/Versions/A/ColorSync
0x0000000003f92000 	/System/Library/Frameworks/ApplicationServices.framework/Versions/A/Frameworks/HIServices.framework/Versions/A/HIServices
0x0000000003f92000 	/System/Library/Frameworks/ApplicationServices.framework/Versions/A/Frameworks/LangAnalysis.framework/Versions/A/LangAnalysis
0x0000000003f92000 	/System/Library/Frameworks/ApplicationServices.framework/Versions/A/Frameworks/PrintCore.framework/Versions/A/PrintCore
0x0000000003f92000 	/System/Library/Frameworks/ApplicationServices.framework/Versions/A/Frameworks/QD.framework/Versions/A/QD
0x0000000003f92000 	/System/Library/Frameworks/ApplicationServices.framework/Versions/A/Frameworks/SpeechSynthesis.framework/Versions/A/SpeechSynthesis
0x0000000003f92000 	/System/Library/Frameworks/IOSurface.framework/Versions/A/IOSurface
0x0000000003f92000 	/System/Library/Frameworks/Accelerate.framework/Versions/A/Accelerate
0x0000000003f92000 	/System/Library/Frameworks/ApplicationServices.framework/Versions/A/Frameworks/ImageIO.framework/Versions/A/Resources/libJPEG.dylib
0x0000000003f92000 	/System/Library/Frameworks/ApplicationServices.framework/Versions/A/Frameworks/ImageIO.framework/Versions/A/Resources/libTIFF.dylib
0x0000000003f92000 	/System/Library/Frameworks/ApplicationServices.framework/Versions/A/Frameworks/ImageIO.framework/Versions/A/Resources/libPng.dylib
0x0000000003f92000 	/System/Library/Frameworks/ApplicationServices.framework/Versions/A/Frameworks/ImageIO.framework/Versions/A/Resources/libGIF.dylib
0x0000000003f92000 	/System/Library/Frameworks/ApplicationServices.framework/Versions/A/Frameworks/ImageIO.framework/Versions/A/Resources/libJP2.dylib
0x0000000003f92000 	/System/Library/Frameworks/ApplicationServices.framework/Versions/A/Frameworks/ImageIO.framework/Versions/A/Resources/libRadiance.dylib
0x0000000003f92000 	/System/Library/Frameworks/Accelerate.framework/Versions/A/Frameworks/vImage.framework/Versions/A/vImage
0x0000000003f92000 	/System/Library/Frameworks/Accelerate.framework/Versions/A/Frameworks/vecLib.framework/Versions/A/vecLib
0x0000000003f92000 	/System/Library/Frameworks/Accelerate.framework/Versions/A/Frameworks/vecLib.framework/Versions/A/libvDSP.dylib
0x0000000003f92000 	/System/Library/Frameworks/Accelerate.framework/Versions/A/Frameworks/vecLib.framework/Versions/A/libvMisc.dylib
0x0000000003f92000 	/System/Library/Frameworks/Accelerate.framework/Versions/A/Frameworks/vecLib.framework/Versions/A/libLAPACK.dylib
0x0000000003f92000 	/System/Library/Frameworks/Accelerate.framework/Versions/A/Frameworks/vecLib.framework/Versions/A/libBLAS.dylib
0x0000000003f92000 	/System/Library/Frameworks/ApplicationServices.framework/Versions/A/Frameworks/ATS.framework/Versions/A/Resources/libFontParser.dylib
0x0000000003f92000 	/System/Library/Frameworks/ApplicationServices.framework/Versions/A/Frameworks/ATS.framework/Versions/A/Resources/libFontRegistry.dylib
0x0000000003f92000 	/usr/lib/libcups.2.dylib
0x0000000003f92000 	/System/Library/Frameworks/Kerberos.framework/Versions/A/Kerberos
0x0000000003f92000 	/System/Library/Frameworks/GSS.framework/Versions/A/GSS
0x0000000003f92000 	/usr/lib/libresolv.9.dylib
0x0000000003f92000 	/usr/lib/libiconv.2.dylib
0x0000000003f92000 	/System/Library/PrivateFrameworks/Heimdal.framework/Versions/A/Heimdal
0x0000000003f92000 	/System/Library/Frameworks/OpenDirectory.framework/Versions/A/OpenDirectory
0x0000000003f92000 	/System/Library/PrivateFrameworks/CommonAuth.framework/Versions/A/CommonAuth
0x0000000003f92000 	/System/Library/Frameworks/CoreVideo.framework/Versions/A/CoreVideo
0x0000000003f92000 	/System/Library/Frameworks/QuartzCore.framework/Versions/A/Frameworks/CoreImage.framework/Versions/A/CoreImage
0x0000000003f92000 	/System/Library/Frameworks/QuartzCore.framework/Versions/A/Frameworks/ScalableUserInterface.framework/Versions/A/ScalableUserInterface
0x0000000003f92000 	/System/Library/Frameworks/OpenGL.framework/Versions/A/Libraries/libGLU.dylib
0x0000000003f92000 	/System/Library/Frameworks/OpenGL.framework/Versions/A/Libraries/libGFXShared.dylib
0x0000000003f92000 	/System/Library/Frameworks/OpenGL.framework/Versions/A/Libraries/libGL.dylib
0x0000000003f92000 	/System/Library/Frameworks/OpenGL.framework/Versions/A/Libraries/libGLImage.dylib
0x0000000003f92000 	/System/Library/Frameworks/OpenGL.framework/Versions/A/Libraries/libCVMSPluginSupport.dylib
0x0000000003f92000 	/System/Library/Frameworks/OpenGL.framework/Versions/A/Libraries/libCoreVMClient.dylib
0x0000000003f92000 	/System/Library/Frameworks/OpenCL.framework/Versions/A/OpenCL
0x0000000003f92000 	/System/Library/PrivateFrameworks/FaceCoreLight.framework/Versions/A/FaceCoreLight
0x0000000003f92000 	/System/Library/Frameworks/vecLib.framework/Versions/A/vecLib
0x0000000003f92000 	/System/Library/Frameworks/SecurityFoundation.framework/Versions/A/SecurityFoundation
0x0000000003f92000 	/System/Library/PrivateFrameworks/CommerceKit.framework/Versions/A/Frameworks/CommerceCore.framework/Versions/A/CommerceCore
0x0000000003f92000 	/System/Library/PrivateFrameworks/CoreSymbolication.framework/Versions/A/CoreSymbolication
0x0000000003f92000 	/System/Library/PrivateFrameworks/Symbolication.framework/Versions/A/Symbolication
0x0000000003f92000 	/System/Library/PrivateFrameworks/DebugSymbols.framework/Versions/A/DebugSymbols
0x000000010a200000 	/Library/Java/JavaVirtualMachines/jdk1.7.0_09.jdk/Contents/Home/jre/lib/server/libjvm.dylib
0x000000010a0c0000 	/Library/Java/JavaVirtualMachines/jdk1.7.0_09.jdk/Contents/Home/jre/lib/libverify.dylib
0x000000010a0cd000 	/Library/Java/JavaVirtualMachines/jdk1.7.0_09.jdk/Contents/Home/jre/lib/libjava.dylib
0x000000010adb2000 	/Library/Java/JavaVirtualMachines/jdk1.7.0_09.jdk/Contents/Home/jre/lib/libzip.dylib
0x00000001151e4000 	/System/Library/Frameworks/JavaVM.framework/Frameworks/JavaRuntimeSupport.framework/JavaRuntimeSupport
0x00000001151fc000 	/System/Library/Frameworks/JavaVM.framework/Versions/A/Frameworks/JavaNativeFoundation.framework/Versions/A/JavaNativeFoundation
0x0000000115211000 	/System/Library/Frameworks/JavaVM.framework/Versions/A/JavaVM
0x0000000003f92000 	/System/Library/Frameworks/Carbon.framework/Versions/A/Carbon
0x000000011521e000 	/System/Library/PrivateFrameworks/JavaLaunching.framework/Versions/A/JavaLaunching
0x0000000003f92000 	/System/Library/Frameworks/Carbon.framework/Versions/A/Frameworks/CommonPanels.framework/Versions/A/CommonPanels
0x0000000003f92000 	/System/Library/Frameworks/Carbon.framework/Versions/A/Frameworks/Help.framework/Versions/A/Help
0x0000000003f92000 	/System/Library/Frameworks/Carbon.framework/Versions/A/Frameworks/ImageCapture.framework/Versions/A/ImageCapture
0x0000000003f92000 	/System/Library/Frameworks/Carbon.framework/Versions/A/Frameworks/OpenScripting.framework/Versions/A/OpenScripting
0x0000000003f92000 	/System/Library/Frameworks/Carbon.framework/Versions/A/Frameworks/Print.framework/Versions/A/Print
0x0000000003f92000 	/System/Library/Frameworks/Carbon.framework/Versions/A/Frameworks/SecurityHI.framework/Versions/A/SecurityHI
0x0000000115b16000 	/Library/Java/JavaVirtualMachines/jdk1.7.0_09.jdk/Contents/Home/jre/lib/libnet.dylib
0x0000000115ce9000 	/Library/Java/JavaVirtualMachines/jdk1.7.0_09.jdk/Contents/Home/jre/lib/libnio.dylib
0x00000001152e5000 	/Library/Java/JavaVirtualMachines/jdk1.7.0_09.jdk/Contents/Home/jre/lib/libinstrument.dylib
0x0000000115304000 	/Library/Java/JavaVirtualMachines/jdk1.7.0_09.jdk/Contents/Home/jre/lib/libmanagement.dylib
0x000000011530c000 	/Library/Java/JavaVirtualMachines/jdk1.7.0_09.jdk/Contents/Home/jre/lib/librmi.dylib
0x00000001153cc000 	/private/var/folders/k1/st6f9t8j0j92bkq6_8_0g_q40000gp/T/alloy4tmp40-marcelofrias/binary/libminisat220.jnilib

VM Arguments:
jvm_args: -Xms2g -Xmx2g -Dfile.encoding=US-ASCII 
java_command: org.eclipse.jdt.internal.junit.runner.RemoteTestRunner -version 3 -port 50641 -testLoaderClass org.eclipse.jdt.internal.junit4.runner.JUnit4TestLoader -loaderpluginname org.eclipse.jdt.junit4.runtime -test ar.edu.taco.regresion.stryker.StrykerArrayListTest:test_containsTest
Launcher Type: SUN_STANDARD

Environment Variables:
PATH=/usr/bin:/bin:/usr/sbin:/sbin
SHELL=/bin/bash
DISPLAY=/tmp/launch-bz7UzU/org.x:0

Signal Handlers:
SIGSEGV: [libjvm.dylib+0x4a3a1d], sa_mask[0]=0xfffefeff, sa_flags=0x00000042
SIGBUS: [libjvm.dylib+0x4a3a1d], sa_mask[0]=0xfffefeff, sa_flags=0x00000042
SIGFPE: [libjvm.dylib+0x3b3431], sa_mask[0]=0xfffefeff, sa_flags=0x00000042
SIGPIPE: [libjvm.dylib+0x3b3431], sa_mask[0]=0xfffefeff, sa_flags=0x00000042
SIGXFSZ: [libjvm.dylib+0x3b3431], sa_mask[0]=0xfffefeff, sa_flags=0x00000042
SIGILL: [libjvm.dylib+0x3b3431], sa_mask[0]=0xfffefeff, sa_flags=0x00000042
SIGUSR1: SIG_DFL, sa_mask[0]=0x00000000, sa_flags=0x00000002
SIGUSR2: [libjvm.dylib+0x3b2fca], sa_mask[0]=0x00000004, sa_flags=0x00000042
SIGHUP: [libjvm.dylib+0x3b122b], sa_mask[0]=0xfffefeff, sa_flags=0x00000042
SIGINT: [libjvm.dylib+0x3b122b], sa_mask[0]=0xfffefeff, sa_flags=0x00000042
SIGTERM: [libjvm.dylib+0x3b122b], sa_mask[0]=0xfffefeff, sa_flags=0x00000042
SIGQUIT: [libjvm.dylib+0x3b122b], sa_mask[0]=0xfffefeff, sa_flags=0x00000042


---------------  S Y S T E M  ---------------

OS:Bsduname:Darwin 11.4.2 Darwin Kernel Version 11.4.2: Thu Aug 23 16:25:48 PDT 2012; root:xnu-1699.32.7~1/RELEASE_X86_64 x86_64
rlimit: STACK 8192k, CORE 0k, NPROC 709, NOFILE 10240, AS infinity
load average:3.89 4.42 4.36

CPU:total 4 (2 cores per cpu, 2 threads per core) family 6 model 42 stepping 7, cmov, cx8, fxsr, mmx, sse, sse2, sse3, ssse3, sse4.1, sse4.2, popcnt, avx, ht, tsc, tscinvbit

Memory: 4k page, physical 5387720k(1346930k free)

/proc/meminfo:


vm_info: Java HotSpot(TM) 64-Bit Server VM (23.5-b02) for bsd-amd64 JRE (1.7.0_09-b05), built on Sep 24 2012 21:39:08 by "java_re" with gcc 4.2.1 (Based on Apple Inc. build 5658) (LLVM build 2336.9.00)

time: Sun Dec 30 01:55:42 2012
elapsed time: 1587 seconds

